 +-----------------------------------------------------------------+
 +                         Program ALM                             +
 +                             Ver.  1.5.0                         +
 +-----------------------------------------------------------------+

 Number of OpenMP threads = 1

 Job started at Sun Feb 25 16:24:24 2024


 Input variables:
 -------------------------------------------------------------------
 General:
  PREFIX = cBTO222
  MODE = optimize
  NAT = 40; NKD = 3
  PRINTSYM = 0; TOLERANCE = 0.001
  KD =   Ba  Ti   O
  FCSYM_BASIS = Lattice
  PERIODIC =   1  1  1
  MAGMOM = 
  FCS_ALAMODE = 1;  NMAXSAVE = 5
  FC3_SHENGBTE = 0
  FC2_QEFC = 0
  HESSIAN = 0
  FC_ZERO_THR = 1e-12

 Interaction:
  NORDER = 3
  NBODY =   2  3  3

 Optimize:
  LMODEL = elastic-net
  DFSET = ../2_vasp_dfset/DFSET_AIMD_random
  NDATA = 80; NSTART = 1; NEND = 80   SKIP = 

  ICONST = 11
  ROTAXIS = 
  FC2XML = ../cBTO222_harmonic.xml
  FC3XML = 

  SPARSE = 0
  SPARSESOLVER = SimplicialLDLT
  CONV_TOL = 1e-08
  MAXITER = 10000
  PERIODIC_IMAGE_CONV = 1

 Elastic-net related variables:
  CV =     4
  DFSET_CV = ../2_vasp_dfset/DFSET_AIMD_random
  NDATA_CV = 80; NSTART_CV = 1; NEND_CV = 80

  L1_RATIO = 1
  L1_ALPHA = 0
  CV_MINALPHA = 1e-08; CV_MAXALPHA = 0.01;  CV_NALPHA = 30
  STANDARDIZE = 1
  ENET_DNORM = 1
  NWRITE =  1000
  DEBIAS_OLS = 0

 -------------------------------------------------------------------

 SYSTEM
 ======

  Lattice Vector
    1.506319e+01   0.000000e+00   0.000000e+00 : a1
    0.000000e+00   1.506319e+01   0.000000e+00 : a2
    0.000000e+00   0.000000e+00   1.506319e+01 : a3

  Cell volume = 3.417836e+03

  Reciprocal Lattice Vector
    4.171217e-01   0.000000e+00   0.000000e+00 : b1
    0.000000e+00   4.171217e-01   0.000000e+00 : b2
    0.000000e+00   0.000000e+00   4.171217e-01 : b3

  Atomic species:
     1   Ba
     2   Ti
     3    O

  Atomic positions in fractional basis and atomic species
     1   0.000000e+00   0.000000e+00   0.000000e+00    1
     2   0.000000e+00   0.000000e+00   5.000000e-01    1
     3   0.000000e+00   5.000000e-01   0.000000e+00    1
     4   0.000000e+00   5.000000e-01   5.000000e-01    1
     5   5.000000e-01   0.000000e+00   0.000000e+00    1
     6   5.000000e-01   0.000000e+00   5.000000e-01    1
     7   5.000000e-01   5.000000e-01   0.000000e+00    1
     8   5.000000e-01   5.000000e-01   5.000000e-01    1
     9   2.500000e-01   2.500000e-01   2.500000e-01    2
    10   2.500000e-01   2.500000e-01   7.500000e-01    2
    11   2.500000e-01   7.500000e-01   2.500000e-01    2
    12   2.500000e-01   7.500000e-01   7.500000e-01    2
    13   7.500000e-01   2.500000e-01   2.500000e-01    2
    14   7.500000e-01   2.500000e-01   7.500000e-01    2
    15   7.500000e-01   7.500000e-01   2.500000e-01    2
    16   7.500000e-01   7.500000e-01   7.500000e-01    2
    17   0.000000e+00   2.500000e-01   2.500000e-01    3
    18   0.000000e+00   2.500000e-01   7.500000e-01    3
    19   0.000000e+00   7.500000e-01   2.500000e-01    3
    20   0.000000e+00   7.500000e-01   7.500000e-01    3
    21   2.500000e-01   0.000000e+00   2.500000e-01    3
    22   2.500000e-01   0.000000e+00   7.500000e-01    3
    23   2.500000e-01   2.500000e-01   0.000000e+00    3
    24   2.500000e-01   2.500000e-01   5.000000e-01    3
    25   2.500000e-01   5.000000e-01   2.500000e-01    3
    26   2.500000e-01   5.000000e-01   7.500000e-01    3
    27   2.500000e-01   7.500000e-01   0.000000e+00    3
    28   2.500000e-01   7.500000e-01   5.000000e-01    3
    29   5.000000e-01   2.500000e-01   2.500000e-01    3
    30   5.000000e-01   2.500000e-01   7.500000e-01    3
    31   5.000000e-01   7.500000e-01   2.500000e-01    3
    32   5.000000e-01   7.500000e-01   7.500000e-01    3
    33   7.500000e-01   0.000000e+00   2.500000e-01    3
    34   7.500000e-01   0.000000e+00   7.500000e-01    3
    35   7.500000e-01   2.500000e-01   0.000000e+00    3
    36   7.500000e-01   2.500000e-01   5.000000e-01    3
    37   7.500000e-01   5.000000e-01   2.500000e-01    3
    38   7.500000e-01   5.000000e-01   7.500000e-01    3
    39   7.500000e-01   7.500000e-01   0.000000e+00    3
    40   7.500000e-01   7.500000e-01   5.000000e-01    3


  Time Elapsed: 0.013066 sec.

 -------------------------------------------------------------------

 SYMMETRY
 ========

  Space group: Pm-3m (221)
  Number of symmetry operations = 384

  Given system is not a primitive cell.
  There are     8 translation operations.
  Primitive cell contains 5 atoms

  **Cell-Atom Correspondens Below**
  CELL |  ATOM
     1 |     1    9   17   21   23
       | 
     2 |     2   10   18   22   24
       | 
     3 |     3   11   19   25   27
       | 
     4 |     4   12   20   26   28
       | 
     5 |     5   13   29   33   35
       | 
     6 |     6   14   30   34   36
       | 
     7 |     7   15   31   37   39
       | 
     8 |     8   16   32   38   40
       | 

  Time Elapsed: 0.030085 sec.

 -------------------------------------------------------------------

 INTERACTION
 ===========

check permutation symmetry of the clusters.
(if no message is printed out, the permutation symmetry is satisfied.)
  CUBIC ...
  QUARTIC ...
done.

  +++ Cutoff Radii Matrix (NKD x NKD matrix) +++
   HARMONIC
     None     None     None
     None     None     None
     None     None     None

    ANHARM3
       15       15       15
       15       15       15
       15       15       15

    ANHARM4
        9        9        9
        9        9        9
        9        9        9


  List of neighboring atoms below.
  Format [N th-nearest shell, distance (Number of atoms on the shell)]

    1 ( Ba):   1   5.32564 ( 12) -  17(  O)  18(  O)  19(  O)  20(  O)
                                    21(  O)  22(  O)  23(  O)  27(  O)
                                    33(  O)  34(  O)  35(  O)  39(  O)
               2   6.52255 (  8) -   9( Ti)  10( Ti)  11( Ti)  12( Ti)
                                    13( Ti)  14( Ti)  15( Ti)  16( Ti)
               3    7.5316 (  3) -   2( Ba)   3( Ba)   5( Ba)
               4   9.22428 ( 12) -  24(  O)  25(  O)  26(  O)  28(  O)
                                    29(  O)  30(  O)  31(  O)  32(  O)
                                    36(  O)  37(  O)  38(  O)  40(  O)
               5   10.6513 (  3) -   4( Ba)   6( Ba)   7( Ba)
               6   13.0451 (  1) -   8( Ba)

    9 ( Ti):   1    3.7658 (  6) -  17(  O)  21(  O)  23(  O)  24(  O)
                                    25(  O)  29(  O)
               2   6.52255 (  8) -   1( Ba)   2( Ba)   3( Ba)   4( Ba)
                                     5( Ba)   6( Ba)   7( Ba)   8( Ba)
               3    7.5316 (  3) -  10( Ti)  11( Ti)  13( Ti)
               4   8.42058 ( 12) -  18(  O)  19(  O)  22(  O)  26(  O)
                                    27(  O)  28(  O)  30(  O)  31(  O)
                                    33(  O)  35(  O)  36(  O)  37(  O)
               5   10.6513 (  3) -  12( Ti)  14( Ti)  15( Ti)
               6   11.2974 (  6) -  20(  O)  32(  O)  34(  O)  38(  O)
                                    39(  O)  40(  O)
               7   13.0451 (  1) -  16( Ti)

   17 (  O):   1    3.7658 (  2) -   9( Ti)  13( Ti)
               2   5.32564 ( 12) -   1( Ba)   2( Ba)   3( Ba)   4( Ba)
                                    21(  O)  23(  O)  24(  O)  25(  O)
                                    33(  O)  35(  O)  36(  O)  37(  O)
               3    7.5316 (  3) -  18(  O)  19(  O)  29(  O)
               4   8.42058 (  4) -  10( Ti)  11( Ti)  14( Ti)  15( Ti)
               5   9.22428 ( 12) -   5( Ba)   6( Ba)   7( Ba)   8( Ba)
                                    22(  O)  26(  O)  27(  O)  28(  O)
                                    34(  O)  38(  O)  39(  O)  40(  O)
               6   10.6513 (  3) -  20(  O)  30(  O)  31(  O)
               7   11.2974 (  2) -  12( Ti)  16( Ti)
               8   13.0451 (  1) -  32(  O)

   21 (  O):   1    3.7658 (  2) -   9( Ti)  11( Ti)
               2   5.32564 ( 12) -   1( Ba)   2( Ba)   5( Ba)   6( Ba)
                                    17(  O)  19(  O)  23(  O)  24(  O)
                                    27(  O)  28(  O)  29(  O)  31(  O)
               3    7.5316 (  3) -  22(  O)  25(  O)  33(  O)
               4   8.42058 (  4) -  10( Ti)  12( Ti)  13( Ti)  15( Ti)
               5   9.22428 ( 12) -   3( Ba)   4( Ba)   7( Ba)   8( Ba)
                                    18(  O)  20(  O)  30(  O)  32(  O)
                                    35(  O)  36(  O)  39(  O)  40(  O)
               6   10.6513 (  3) -  26(  O)  34(  O)  37(  O)
               7   11.2974 (  2) -  14( Ti)  16( Ti)
               8   13.0451 (  1) -  38(  O)

   23 (  O):   1    3.7658 (  2) -   9( Ti)  10( Ti)
               2   5.32564 ( 12) -   1( Ba)   3( Ba)   5( Ba)   7( Ba)
                                    17(  O)  18(  O)  21(  O)  22(  O)
                                    25(  O)  26(  O)  29(  O)  30(  O)
               3    7.5316 (  3) -  24(  O)  27(  O)  35(  O)
               4   8.42058 (  4) -  11( Ti)  12( Ti)  13( Ti)  14( Ti)
               5   9.22428 ( 12) -   2( Ba)   4( Ba)   6( Ba)   8( Ba)
                                    19(  O)  20(  O)  31(  O)  32(  O)
                                    33(  O)  34(  O)  37(  O)  38(  O)
               6   10.6513 (  3) -  28(  O)  36(  O)  39(  O)
               7   11.2974 (  2) -  15( Ti)  16( Ti)
               8   13.0451 (  1) -  40(  O)

  For  ANHARM4, interactions related to more than 3 atoms will be neglected.
  Time Elapsed: 0.079367 sec.

 -------------------------------------------------------------------

 FORCE CONSTANT
 ==============

  Symmetry is handled in crystallographic (fractional) coordinates.

  Number of  HARMONIC FCs : 49
  Number of   ANHARM3 FCs : 746
  Number of   ANHARM4 FCs : 1208

  Time Elapsed: 0.572656 sec.

 -------------------------------------------------------------------

 CONSTRAINT
 ==========

  ICONST = 1: Constraints for translational invariance
              will be considered.

  FC2XML is given : Harmonic force constants will be 
                    fixed to the values given in ../cBTO222_harmonic.xml

  Generating constraints for translational invariance ...
   HARMONIC ... done.
    ANHARM3 ... done.
    ANHARM4 ... done.
  Finished !

  Number of constraints [T-inv, R-inv (self), R-inv (cross)]:
   HARMONIC      4    0    0
    ANHARM3     97    0    0
    ANHARM4    666    0    0

  Constraints of T-inv and R-inv (self) are merged.
  If there are redundant constraints, they are removed in this process.

  Number of inequivalent constraints (self, cross) : 
   HARMONIC      4    0
    ANHARM3     97    0
    ANHARM4    666    0

  ICONST >= 10 : Constraints will be considered algebraically.

  Number of free HARMONIC FCs : 0
  Number of free  ANHARM3 FCs : 649
  Number of free  ANHARM4 FCs : 542

  Time Elapsed: 1.64375 sec.

 -------------------------------------------------------------------

 OPTIMIZATION
 ============

  LMODEL = elastic-net

  Training data file (DFSET) : ../2_vasp_dfset/DFSET_AIMD_random

  NSTART = 1; NEND = 80
  80 entries will be used for training.

  Total Number of Parameters : 2003
  Total Number of Free Parameters : 1191

 Elastic-net  cross-validation with the following parameters:
   L1_RATIO = 1
   CV =               4
   CV_MINALPHA =           1e-08  CV_MAXALPHA =            0.01
   CV_NALPHA =    30
   CONV_TOL =           1e-08
   MAXITER = 10000
   STOP_CRITERION =   100
   ENET_DNORM =               1

  STANDARDIZE = 1 : Standardization will be performed for matrix A and vector b.
                    The ENET_DNORM-tag will be neglected.

  CV > 0: Automatic CV mode.

  Start 4-fold CV with 80 Datasets


  SET :   1
  Recommended CV_MAXALPHA = 0.00523009

  .........................
  .....
  SET   1 has been finished.
  Minimum validation error at alpha = 1.58489e-06
  The CV result is saved in cBTO222.cvset1

  ---------------------------------------------------

  SET :   2
  Recommended CV_MAXALPHA = 0.00444238

  .........................
  .....
  SET   2 has been finished.
  Minimum validation error at alpha = 2.51189e-06
  The CV result is saved in cBTO222.cvset2

  ---------------------------------------------------

  SET :   3
  Recommended CV_MAXALPHA = 0.00466822

  .........................
  .....
  SET   3 has been finished.
  Minimum validation error at alpha = 2.51189e-06
  The CV result is saved in cBTO222.cvset3

  ---------------------------------------------------

  SET :   4
  Recommended CV_MAXALPHA = 0.00404965

  .........................
  .....
  SET   4 has been finished.
  Minimum validation error at alpha = 2.51189e-06
  The CV result is saved in cBTO222.cvset4

  ---------------------------------------------------
 Average and standard deviation of the CV error are
 saved in cBTO222.cvscore
 Minimum CVSCORE at alpha = 2.51189e-06


  Time Elapsed: 83.1394 sec.

 -------------------------------------------------------------------


 Job finished at Sun Feb 25 16:25:47 2024

