 +-----------------------------------------------------------------+
 +                         Program ANPHON                          +
 +                             Ver.  0.9.8                         +
 +-----------------------------------------------------------------+

 Job started at Sun Jan 28 15:01:19 2018

 The number of MPI processes: 1
 The number of OpenMP threads: 24


 Input variables:
 -----------------------------------------------------------------
 General:
  PREFIX = si222
  MODE = PHONONS
  FCSXML = si222.xml

  NKD = 1; KD =   Si
  MASS =    28.0855
  NSYM = 0; TOLERANCE = 1e-06; PRINTSYM = 0

  NONANALYTIC = 0

  TMIN = 0; TMAX = 1000; DT = 10
  EMIN = 0; EMAX = 1000; DELTA_E = 10

  ISMEAR = -1; EPSILON = 10


 Kpoint:
  KPMODE (1st entry for &kpoint) = 1


 Analysis:
  PRINTVEL = 0
  PRINTVEC = 0
  PRINTXSF = 0

  GRUNEISEN = 0
  NEWFCS = 0


 -----------------------------------------------------------------

                      MODE = phonons                         
                                                             
      Phonon calculation within harmonic approximation       
      Harmonic force constants will be used.                 

 -----------------------------------------------------------------

 Crystal structure
 =================

 Lattice Vectors:

 * Supercell (from si222.xml )

    2.040600e+01   0.000000e+00   0.000000e+00 : a1
    0.000000e+00   2.040600e+01   0.000000e+00 : a2
    0.000000e+00   0.000000e+00   2.040600e+01 : a3

    3.079087e-01   0.000000e+00   0.000000e+00 : b1
    0.000000e+00   3.079087e-01   0.000000e+00 : b2
    0.000000e+00   0.000000e+00   3.079087e-01 : b3

 * Primitive cell 

    0.000000e+00   5.101500e+00   5.101500e+00 : a1
    5.101500e+00   0.000000e+00   5.101500e+00 : a2
    5.101500e+00   5.101500e+00   0.000000e+00 : a3

   -6.158174e-01   6.158174e-01   6.158174e-01 : b1
    6.158174e-01  -6.158174e-01   6.158174e-01 : b2
    6.158174e-01   6.158174e-01  -6.158174e-01 : b3


  Volume of the primitive cell : 2.655362e+02 (a.u.)^3

  Number of atoms in the supercell     : 64
  Number of atoms in the primitive cell: 2

  Atomic positions in the primitive cell (fractional):
   1:   0.000000e+00   0.000000e+00   0.000000e+00  Si
   2:   2.500000e-01   2.500000e-01   2.500000e-01  Si

  Mass of atomic species (u):
  Si:   28.085500


 Symmetry
 ========

  NSYM = 0 is given: Trying to find symmetry operations.
  Number of symmetry operations : 48

 k points
 ========

  KPMODE = 1: Band structure calculation
  Number of paths : 3

  List of k paths : 
   1:  G (  0.0000  0.0000  0.0000)  X (  0.5000  0.5000  0.0000)  51
   2:  X (  0.5000  0.5000  1.0000)  G (  0.0000  0.0000  0.0000)  51
   3:  G (  0.0000  0.0000  0.0000)  L (  0.5000  0.5000  0.5000)  51

  Number of k points : 153

 Force constant
 ==============

  Reading force constants from the XML file ... done !
  Number of non-zero IFCs for 2 order: 1386

  Maximum deviation from the translational invariance: 
   Order 2 :   2.6693e-16


 Dynamical matrix
 ================

  NONANALYTIC = 0 : No non-analytic correction. 


 -----------------------------------------------------------------

 Now, move on to phonon calculations.

 Diagonalizing dynamical matrices for all k points ... done!

 -----------------------------------------------------------------

 Phonon frequencies below:

 # k point     1 : (  0.0000,  0.0000,  0.0000)
   Mode, Frequency 
      1      0.0000 cm^-1  (      0.0000 THz )
      2      0.0000 cm^-1  (      0.0000 THz )
      3      0.0000 cm^-1  (      0.0000 THz )
      4    513.9331 cm^-1  (     15.4073 THz )
      5    513.9331 cm^-1  (     15.4073 THz )
      6    513.9331 cm^-1  (     15.4073 THz )

 # k point     2 : (  0.0100,  0.0100,  0.0000)
   Mode, Frequency 
      1      6.0120 cm^-1  (      0.1802 THz )
      2      6.0120 cm^-1  (      0.1802 THz )
      3     10.3695 cm^-1  (      0.3109 THz )
      4    513.8327 cm^-1  (     15.4043 THz )
      5    513.8327 cm^-1  (     15.4043 THz )
      6    513.9009 cm^-1  (     15.4064 THz )

 # k point     3 : (  0.0200,  0.0200,  0.0000)
   Mode, Frequency 
      1     12.0166 cm^-1  (      0.3602 THz )
      2     12.0166 cm^-1  (      0.3602 THz )
      3     20.7312 cm^-1  (      0.6215 THz )
      4    513.5323 cm^-1  (     15.3953 THz )
      5    513.5323 cm^-1  (     15.3953 THz )
      6    513.8041 cm^-1  (     15.4035 THz )

 # k point     4 : (  0.0300,  0.0300,  0.0000)
   Mode, Frequency 
      1     18.0062 cm^-1  (      0.5398 THz )
      2     18.0062 cm^-1  (      0.5398 THz )
      3     31.0774 cm^-1  (      0.9317 THz )
      4    513.0339 cm^-1  (     15.3804 THz )
      5    513.0339 cm^-1  (     15.3804 THz )
      6    513.6425 cm^-1  (     15.3986 THz )

 # k point     5 : (  0.0400,  0.0400,  0.0000)
   Mode, Frequency 
      1     23.9731 cm^-1  (      0.7187 THz )
      2     23.9731 cm^-1  (      0.7187 THz )
      3     41.4003 cm^-1  (      1.2411 THz )
      4    512.3409 cm^-1  (     15.3596 THz )
      5    512.3409 cm^-1  (     15.3596 THz )
      6    513.4156 cm^-1  (     15.3918 THz )

 # k point     6 : (  0.0500,  0.0500,  0.0000)
   Mode, Frequency 
      1     29.9095 cm^-1  (      0.8967 THz )
      2     29.9095 cm^-1  (      0.8967 THz )
      3     51.6923 cm^-1  (      1.5497 THz )
      4    511.4582 cm^-1  (     15.3331 THz )
      5    511.4582 cm^-1  (     15.3331 THz )
      6    513.1226 cm^-1  (     15.3830 THz )

 # k point     7 : (  0.0600,  0.0600,  0.0000)
   Mode, Frequency 
      1     35.8073 cm^-1  (      1.0735 THz )
      2     35.8073 cm^-1  (      1.0735 THz )
      3     61.9459 cm^-1  (      1.8571 THz )
      4    510.3920 cm^-1  (     15.3012 THz )
      5    510.3920 cm^-1  (     15.3012 THz )
      6    512.7626 cm^-1  (     15.3722 THz )

 # k point     8 : (  0.0700,  0.0700,  0.0000)
   Mode, Frequency 
      1     41.6578 cm^-1  (      1.2489 THz )
      2     41.6578 cm^-1  (      1.2489 THz )
      3     72.1538 cm^-1  (      2.1631 THz )
      4    509.1496 cm^-1  (     15.2639 THz )
      5    509.1496 cm^-1  (     15.2639 THz )
      6    512.3347 cm^-1  (     15.3594 THz )

 # k point     9 : (  0.0800,  0.0800,  0.0000)
   Mode, Frequency 
      1     47.4523 cm^-1  (      1.4226 THz )
      2     47.4523 cm^-1  (      1.4226 THz )
      3     82.3087 cm^-1  (      2.4676 THz )
      4    507.7400 cm^-1  (     15.2217 THz )
      5    507.7400 cm^-1  (     15.2217 THz )
      6    511.8375 cm^-1  (     15.3445 THz )

 # k point    10 : (  0.0900,  0.0900,  0.0000)
   Mode, Frequency 
      1     53.1815 cm^-1  (      1.5943 THz )
      2     53.1815 cm^-1  (      1.5943 THz )
      3     92.4035 cm^-1  (      2.7702 THz )
      4    506.1731 cm^-1  (     15.1747 THz )
      5    506.1731 cm^-1  (     15.1747 THz )
      6    511.2696 cm^-1  (     15.3275 THz )

 # k point    11 : (  0.1000,  0.1000,  0.0000)
   Mode, Frequency 
      1     58.8356 cm^-1  (      1.7638 THz )
      2     58.8356 cm^-1  (      1.7638 THz )
      3    102.4314 cm^-1  (      3.0708 THz )
      4    504.4602 cm^-1  (     15.1233 THz )
      5    504.4602 cm^-1  (     15.1233 THz )
      6    510.6296 cm^-1  (     15.3083 THz )

 # k point    12 : (  0.1100,  0.1100,  0.0000)
   Mode, Frequency 
      1     64.4044 cm^-1  (      1.9308 THz )
      2     64.4044 cm^-1  (      1.9308 THz )
      3    112.3858 cm^-1  (      3.3692 THz )
      4    502.6136 cm^-1  (     15.0680 THz )
      5    502.6136 cm^-1  (     15.0680 THz )
      6    509.9157 cm^-1  (     15.2869 THz )

 # k point    13 : (  0.1200,  0.1200,  0.0000)
   Mode, Frequency 
      1     69.8772 cm^-1  (      2.0949 THz )
      2     69.8772 cm^-1  (      2.0949 THz )
      3    122.2603 cm^-1  (      3.6653 THz )
      4    500.6468 cm^-1  (     15.0090 THz )
      5    500.6468 cm^-1  (     15.0090 THz )
      6    509.1262 cm^-1  (     15.2632 THz )

 # k point    14 : (  0.1300,  0.1300,  0.0000)
   Mode, Frequency 
      1     75.2428 cm^-1  (      2.2557 THz )
      2     75.2428 cm^-1  (      2.2557 THz )
      3    132.0489 cm^-1  (      3.9587 THz )
      4    498.5743 cm^-1  (     14.9469 THz )
      5    498.5743 cm^-1  (     14.9469 THz )
      6    508.2592 cm^-1  (     15.2372 THz )

 # k point    15 : (  0.1400,  0.1400,  0.0000)
   Mode, Frequency 
      1     80.4898 cm^-1  (      2.4130 THz )
      2     80.4898 cm^-1  (      2.4130 THz )
      3    141.7456 cm^-1  (      4.2494 THz )
      4    496.4115 cm^-1  (     14.8820 THz )
      5    496.4115 cm^-1  (     14.8820 THz )
      6    507.3127 cm^-1  (     15.2089 THz )

 # k point    16 : (  0.1500,  0.1500,  0.0000)
   Mode, Frequency 
      1     85.6061 cm^-1  (      2.5664 THz )
      2     85.6061 cm^-1  (      2.5664 THz )
      3    151.3450 cm^-1  (      4.5372 THz )
      4    494.1747 cm^-1  (     14.8150 THz )
      5    494.1747 cm^-1  (     14.8150 THz )
      6    506.2848 cm^-1  (     15.1780 THz )

 # k point    17 : (  0.1600,  0.1600,  0.0000)
   Mode, Frequency 
      1     90.5795 cm^-1  (      2.7155 THz )
      2     90.5795 cm^-1  (      2.7155 THz )
      3    160.8418 cm^-1  (      4.8219 THz )
      4    491.8806 cm^-1  (     14.7462 THz )
      5    491.8806 cm^-1  (     14.7462 THz )
      6    505.1733 cm^-1  (     15.1447 THz )

 # k point    18 : (  0.1700,  0.1700,  0.0000)
   Mode, Frequency 
      1     95.3975 cm^-1  (      2.8599 THz )
      2     95.3975 cm^-1  (      2.8599 THz )
      3    170.2311 cm^-1  (      5.1034 THz )
      4    489.5468 cm^-1  (     14.6762 THz )
      5    489.5468 cm^-1  (     14.6762 THz )
      6    503.9762 cm^-1  (     15.1088 THz )

 # k point    19 : (  0.1800,  0.1800,  0.0000)
   Mode, Frequency 
      1    100.0476 cm^-1  (      2.9994 THz )
      2    100.0476 cm^-1  (      2.9994 THz )
      3    179.5083 cm^-1  (      5.3815 THz )
      4    487.1911 cm^-1  (     14.6056 THz )
      5    487.1911 cm^-1  (     14.6056 THz )
      6    502.6914 cm^-1  (     15.0703 THz )

 # k point    20 : (  0.1900,  0.1900,  0.0000)
   Mode, Frequency 
      1    104.5173 cm^-1  (      3.1333 THz )
      2    104.5173 cm^-1  (      3.1333 THz )
      3    188.6692 cm^-1  (      5.6562 THz )
      4    484.8315 cm^-1  (     14.5349 THz )
      5    484.8315 cm^-1  (     14.5349 THz )
      6    501.3168 cm^-1  (     15.0291 THz )

 # k point    21 : (  0.2000,  0.2000,  0.0000)
   Mode, Frequency 
      1    108.7944 cm^-1  (      3.2616 THz )
      2    108.7944 cm^-1  (      3.2616 THz )
      3    197.7099 cm^-1  (      5.9272 THz )
      4    482.4861 cm^-1  (     14.4646 THz )
      5    482.4861 cm^-1  (     14.4646 THz )
      6    499.8502 cm^-1  (     14.9851 THz )

 # k point    22 : (  0.2100,  0.2100,  0.0000)
   Mode, Frequency 
      1    112.8671 cm^-1  (      3.3837 THz )
      2    112.8671 cm^-1  (      3.3837 THz )
      3    206.6267 cm^-1  (      6.1945 THz )
      4    480.1726 cm^-1  (     14.3952 THz )
      5    480.1726 cm^-1  (     14.3952 THz )
      6    498.2897 cm^-1  (     14.9383 THz )

 # k point    23 : (  0.2200,  0.2200,  0.0000)
   Mode, Frequency 
      1    116.7244 cm^-1  (      3.4993 THz )
      2    116.7244 cm^-1  (      3.4993 THz )
      3    215.4165 cm^-1  (      6.4580 THz )
      4    477.9084 cm^-1  (     14.3273 THz )
      5    477.9084 cm^-1  (     14.3273 THz )
      6    496.6332 cm^-1  (     14.8887 THz )

 # k point    24 : (  0.2300,  0.2300,  0.0000)
   Mode, Frequency 
      1    120.3560 cm^-1  (      3.6082 THz )
      2    120.3560 cm^-1  (      3.6082 THz )
      3    224.0764 cm^-1  (      6.7176 THz )
      4    475.7101 cm^-1  (     14.2614 THz )
      5    475.7101 cm^-1  (     14.2614 THz )
      6    494.8788 cm^-1  (     14.8361 THz )

 # k point    25 : (  0.2400,  0.2400,  0.0000)
   Mode, Frequency 
      1    123.7528 cm^-1  (      3.7100 THz )
      2    123.7528 cm^-1  (      3.7100 THz )
      3    232.6037 cm^-1  (      6.9733 THz )
      4    473.5934 cm^-1  (     14.1980 THz )
      5    473.5934 cm^-1  (     14.1980 THz )
      6    493.0247 cm^-1  (     14.7805 THz )

 # k point    26 : (  0.2500,  0.2500,  0.0000)
   Mode, Frequency 
      1    126.9074 cm^-1  (      3.8046 THz )
      2    126.9074 cm^-1  (      3.8046 THz )
      3    240.9963 cm^-1  (      7.2249 THz )
      4    471.5726 cm^-1  (     14.1374 THz )
      5    471.5726 cm^-1  (     14.1374 THz )
      6    491.0690 cm^-1  (     14.7219 THz )

 # k point    27 : (  0.2600,  0.2600,  0.0000)
   Mode, Frequency 
      1    129.8137 cm^-1  (      3.8917 THz )
      2    129.8137 cm^-1  (      3.8917 THz )
      3    249.2523 cm^-1  (      7.4724 THz )
      4    469.6607 cm^-1  (     14.0801 THz )
      5    469.6607 cm^-1  (     14.0801 THz )
      6    489.0101 cm^-1  (     14.6602 THz )

 # k point    28 : (  0.2700,  0.2700,  0.0000)
   Mode, Frequency 
      1    132.4678 cm^-1  (      3.9713 THz )
      2    132.4678 cm^-1  (      3.9713 THz )
      3    257.3700 cm^-1  (      7.7158 THz )
      4    467.8686 cm^-1  (     14.0263 THz )
      5    467.8686 cm^-1  (     14.0263 THz )
      6    486.8463 cm^-1  (     14.5953 THz )

 # k point    29 : (  0.2800,  0.2800,  0.0000)
   Mode, Frequency 
      1    134.8678 cm^-1  (      4.0432 THz )
      2    134.8678 cm^-1  (      4.0432 THz )
      3    265.3482 cm^-1  (      7.9549 THz )
      4    466.2057 cm^-1  (     13.9765 THz )
      5    466.2057 cm^-1  (     13.9765 THz )
      6    484.5761 cm^-1  (     14.5272 THz )

 # k point    30 : (  0.2900,  0.2900,  0.0000)
   Mode, Frequency 
      1    137.0144 cm^-1  (      4.1076 THz )
      2    137.0144 cm^-1  (      4.1076 THz )
      3    273.1859 cm^-1  (      8.1899 THz )
      4    464.6788 cm^-1  (     13.9307 THz )
      5    464.6788 cm^-1  (     13.9307 THz )
      6    482.1981 cm^-1  (     14.4559 THz )

 # k point    31 : (  0.3000,  0.3000,  0.0000)
   Mode, Frequency 
      1    138.9103 cm^-1  (      4.1644 THz )
      2    138.9103 cm^-1  (      4.1644 THz )
      3    280.8823 cm^-1  (      8.4206 THz )
      4    463.2926 cm^-1  (     13.8892 THz )
      5    463.2926 cm^-1  (     13.8892 THz )
      6    479.7109 cm^-1  (     14.3814 THz )

 # k point    32 : (  0.3100,  0.3100,  0.0000)
   Mode, Frequency 
      1    140.5613 cm^-1  (      4.2139 THz )
      2    140.5613 cm^-1  (      4.2139 THz )
      3    288.4369 cm^-1  (      8.6471 THz )
      4    462.0496 cm^-1  (     13.8519 THz )
      5    462.0496 cm^-1  (     13.8519 THz )
      6    477.1134 cm^-1  (     14.3035 THz )

 # k point    33 : (  0.3200,  0.3200,  0.0000)
   Mode, Frequency 
      1    141.9752 cm^-1  (      4.2563 THz )
      2    141.9752 cm^-1  (      4.2563 THz )
      3    295.8495 cm^-1  (      8.8693 THz )
      4    460.9496 cm^-1  (     13.8189 THz )
      5    460.9496 cm^-1  (     13.8189 THz )
      6    474.4044 cm^-1  (     14.2223 THz )

 # k point    34 : (  0.3300,  0.3300,  0.0000)
   Mode, Frequency 
      1    143.1627 cm^-1  (      4.2919 THz )
      2    143.1627 cm^-1  (      4.2919 THz )
      3    303.1201 cm^-1  (      9.0873 THz )
      4    459.9904 cm^-1  (     13.7902 THz )
      5    459.9904 cm^-1  (     13.7902 THz )
      6    471.5827 cm^-1  (     14.1377 THz )

 # k point    35 : (  0.3400,  0.3400,  0.0000)
   Mode, Frequency 
      1    144.1366 cm^-1  (      4.3211 THz )
      2    144.1366 cm^-1  (      4.3211 THz )
      3    310.2488 cm^-1  (      9.3010 THz )
      4    459.1674 cm^-1  (     13.7655 THz )
      5    459.1674 cm^-1  (     13.7655 THz )
      6    468.6476 cm^-1  (     14.0497 THz )

 # k point    36 : (  0.3500,  0.3500,  0.0000)
   Mode, Frequency 
      1    144.9119 cm^-1  (      4.3444 THz )
      2    144.9119 cm^-1  (      4.3444 THz )
      3    317.2360 cm^-1  (      9.5105 THz )
      4    458.4741 cm^-1  (     13.7447 THz )
      5    458.4741 cm^-1  (     13.7447 THz )
      6    465.5981 cm^-1  (     13.9583 THz )

 # k point    37 : (  0.3600,  0.3600,  0.0000)
   Mode, Frequency 
      1    145.5057 cm^-1  (      4.3622 THz )
      2    145.5057 cm^-1  (      4.3622 THz )
      3    324.0823 cm^-1  (      9.7157 THz )
      4    457.9022 cm^-1  (     13.7276 THz )
      5    457.9022 cm^-1  (     13.7276 THz )
      6    462.4333 cm^-1  (     13.8634 THz )

 # k point    38 : (  0.3700,  0.3700,  0.0000)
   Mode, Frequency 
      1    145.9362 cm^-1  (      4.3751 THz )
      2    145.9362 cm^-1  (      4.3751 THz )
      3    330.7883 cm^-1  (      9.9168 THz )
      4    457.4420 cm^-1  (     13.7138 THz )
      5    457.4420 cm^-1  (     13.7138 THz )
      6    459.1525 cm^-1  (     13.7650 THz )

 # k point    39 : (  0.3800,  0.3800,  0.0000)
   Mode, Frequency 
      1    146.2232 cm^-1  (      4.3837 THz )
      2    146.2232 cm^-1  (      4.3837 THz )
      3    337.3548 cm^-1  (     10.1136 THz )
      4    455.7550 cm^-1  (     13.6632 THz )
      5    457.0825 cm^-1  (     13.7030 THz )
      6    457.0825 cm^-1  (     13.7030 THz )

 # k point    40 : (  0.3900,  0.3900,  0.0000)
   Mode, Frequency 
      1    146.3870 cm^-1  (      4.3886 THz )
      2    146.3870 cm^-1  (      4.3886 THz )
      3    343.7828 cm^-1  (     10.3063 THz )
      4    452.2402 cm^-1  (     13.5578 THz )
      5    456.8120 cm^-1  (     13.6949 THz )
      6    456.8120 cm^-1  (     13.6949 THz )

 # k point    41 : (  0.4000,  0.4000,  0.0000)
   Mode, Frequency 
      1    146.4485 cm^-1  (      4.3904 THz )
      2    146.4485 cm^-1  (      4.3904 THz )
      3    350.0730 cm^-1  (     10.4949 THz )
      4    448.6073 cm^-1  (     13.4489 THz )
      5    456.6182 cm^-1  (     13.6891 THz )
      6    456.6182 cm^-1  (     13.6891 THz )

 # k point    42 : (  0.4100,  0.4100,  0.0000)
   Mode, Frequency 
      1    146.4284 cm^-1  (      4.3898 THz )
      2    146.4284 cm^-1  (      4.3898 THz )
      3    356.2268 cm^-1  (     10.6794 THz )
      4    444.8558 cm^-1  (     13.3364 THz )
      5    456.4888 cm^-1  (     13.6852 THz )
      6    456.4888 cm^-1  (     13.6852 THz )

 # k point    43 : (  0.4200,  0.4200,  0.0000)
   Mode, Frequency 
      1    146.3470 cm^-1  (      4.3874 THz )
      2    146.3470 cm^-1  (      4.3874 THz )
      3    362.2450 cm^-1  (     10.8598 THz )
      4    440.9851 cm^-1  (     13.2204 THz )
      5    456.4115 cm^-1  (     13.6829 THz )
      6    456.4115 cm^-1  (     13.6829 THz )

 # k point    44 : (  0.4300,  0.4300,  0.0000)
   Mode, Frequency 
      1    146.2236 cm^-1  (      4.3837 THz )
      2    146.2236 cm^-1  (      4.3837 THz )
      3    368.1289 cm^-1  (     11.0362 THz )
      4    436.9945 cm^-1  (     13.1008 THz )
      5    456.3746 cm^-1  (     13.6818 THz )
      6    456.3746 cm^-1  (     13.6818 THz )

 # k point    45 : (  0.4400,  0.4400,  0.0000)
   Mode, Frequency 
      1    146.0763 cm^-1  (      4.3793 THz )
      2    146.0763 cm^-1  (      4.3793 THz )
      3    373.8795 cm^-1  (     11.2086 THz )
      4    432.8834 cm^-1  (     12.9775 THz )
      5    456.3670 cm^-1  (     13.6815 THz )
      6    456.3670 cm^-1  (     13.6815 THz )

 # k point    46 : (  0.4500,  0.4500,  0.0000)
   Mode, Frequency 
      1    145.9218 cm^-1  (      4.3746 THz )
      2    145.9218 cm^-1  (      4.3746 THz )
      3    379.4981 cm^-1  (     11.3771 THz )
      4    428.6512 cm^-1  (     12.8506 THz )
      5    456.3788 cm^-1  (     13.6819 THz )
      6    456.3788 cm^-1  (     13.6819 THz )

 # k point    47 : (  0.4600,  0.4600,  0.0000)
   Mode, Frequency 
      1    145.7744 cm^-1  (      4.3702 THz )
      2    145.7744 cm^-1  (      4.3702 THz )
      3    384.9857 cm^-1  (     11.5416 THz )
      4    424.2971 cm^-1  (     12.7201 THz )
      5    456.4010 cm^-1  (     13.6826 THz )
      6    456.4010 cm^-1  (     13.6826 THz )

 # k point    48 : (  0.4700,  0.4700,  0.0000)
   Mode, Frequency 
      1    145.6466 cm^-1  (      4.3664 THz )
      2    145.6466 cm^-1  (      4.3664 THz )
      3    390.3435 cm^-1  (     11.7022 THz )
      4    419.8206 cm^-1  (     12.5859 THz )
      5    456.4264 cm^-1  (     13.6833 THz )
      6    456.4264 cm^-1  (     13.6833 THz )

 # k point    49 : (  0.4800,  0.4800,  0.0000)
   Mode, Frequency 
      1    145.5481 cm^-1  (      4.3634 THz )
      2    145.5481 cm^-1  (      4.3634 THz )
      3    395.5725 cm^-1  (     11.8590 THz )
      4    415.2208 cm^-1  (     12.4480 THz )
      5    456.4488 cm^-1  (     13.6840 THz )
      6    456.4488 cm^-1  (     13.6840 THz )

 # k point    50 : (  0.4900,  0.4900,  0.0000)
   Mode, Frequency 
      1    145.4861 cm^-1  (      4.3616 THz )
      2    145.4861 cm^-1  (      4.3616 THz )
      3    400.6737 cm^-1  (     12.0119 THz )
      4    410.4970 cm^-1  (     12.3064 THz )
      5    456.4640 cm^-1  (     13.6844 THz )
      6    456.4640 cm^-1  (     13.6844 THz )

 # k point    51 : (  0.5000,  0.5000,  0.0000)
   Mode, Frequency 
      1    145.4649 cm^-1  (      4.3609 THz )
      2    145.4649 cm^-1  (      4.3609 THz )
      3    405.6483 cm^-1  (     12.1610 THz )
      4    405.6483 cm^-1  (     12.1610 THz )
      5    456.4694 cm^-1  (     13.6846 THz )
      6    456.4694 cm^-1  (     13.6846 THz )

 # k point    52 : (  0.5000,  0.5000,  1.0000)
   Mode, Frequency 
      1    145.4649 cm^-1  (      4.3609 THz )
      2    145.4649 cm^-1  (      4.3609 THz )
      3    405.6483 cm^-1  (     12.1610 THz )
      4    405.6483 cm^-1  (     12.1610 THz )
      5    456.4694 cm^-1  (     13.6846 THz )
      6    456.4694 cm^-1  (     13.6846 THz )

 # k point    53 : (  0.4900,  0.4900,  0.9800)
   Mode, Frequency 
      1    145.5504 cm^-1  (      4.3635 THz )
      2    146.1823 cm^-1  (      4.3824 THz )
      3    405.1989 cm^-1  (     12.1476 THz )
      4    405.2722 cm^-1  (     12.1498 THz )
      5    456.4508 cm^-1  (     13.6840 THz )
      6    456.6901 cm^-1  (     13.6912 THz )

 # k point    54 : (  0.4800,  0.4800,  0.9600)
   Mode, Frequency 
      1    145.8029 cm^-1  (      4.3711 THz )
      2    148.2991 cm^-1  (      4.4459 THz )
      3    403.8786 cm^-1  (     12.1080 THz )
      4    404.1551 cm^-1  (     12.1163 THz )
      5    456.3964 cm^-1  (     13.6824 THz )
      6    457.3281 cm^-1  (     13.7104 THz )

 # k point    55 : (  0.4700,  0.4700,  0.9400)
   Mode, Frequency 
      1    146.2119 cm^-1  (      4.3833 THz )
      2    151.7145 cm^-1  (      4.5483 THz )
      3    401.7622 cm^-1  (     12.0445 THz )
      4    402.3306 cm^-1  (     12.0616 THz )
      5    456.3103 cm^-1  (     13.6798 THz )
      6    458.3199 cm^-1  (     13.7401 THz )

 # k point    56 : (  0.4600,  0.4600,  0.9200)
   Mode, Frequency 
      1    146.7598 cm^-1  (      4.3997 THz )
      2    156.2736 cm^-1  (      4.6850 THz )
      3    398.9505 cm^-1  (     11.9602 THz )
      4    399.8549 cm^-1  (     11.9873 THz )
      5    456.1992 cm^-1  (     13.6765 THz )
      6    459.5828 cm^-1  (     13.7779 THz )

 # k point    57 : (  0.4500,  0.4500,  0.9000)
   Mode, Frequency 
      1    147.4235 cm^-1  (      4.4196 THz )
      2    161.7838 cm^-1  (      4.8502 THz )
      3    395.5495 cm^-1  (     11.8583 THz )
      4    396.8067 cm^-1  (     11.8960 THz )
      5    456.0724 cm^-1  (     13.6727 THz )
      6    461.0344 cm^-1  (     13.8215 THz )

 # k point    58 : (  0.4400,  0.4400,  0.8800)
   Mode, Frequency 
      1    148.1750 cm^-1  (      4.4422 THz )
      2    168.0289 cm^-1  (      5.0374 THz )
      3    391.6577 cm^-1  (     11.7416 THz )
      4    393.2878 cm^-1  (     11.7905 THz )
      5    455.9414 cm^-1  (     13.6688 THz )
      6    462.6047 cm^-1  (     13.8685 THz )

 # k point    59 : (  0.4300,  0.4300,  0.8600)
   Mode, Frequency 
      1    148.9827 cm^-1  (      4.4664 THz )
      2    174.7810 cm^-1  (      5.2398 THz )
      3    387.3600 cm^-1  (     11.6128 THz )
      4    389.4233 cm^-1  (     11.6746 THz )
      5    455.8198 cm^-1  (     13.6651 THz )
      6    464.2403 cm^-1  (     13.9176 THz )

 # k point    60 : (  0.4200,  0.4200,  0.8400)
   Mode, Frequency 
      1    149.8127 cm^-1  (      4.4913 THz )
      2    181.8076 cm^-1  (      5.4505 THz )
      3    382.7273 cm^-1  (     11.4739 THz )
      4    385.3619 cm^-1  (     11.5529 THz )
      5    455.7227 cm^-1  (     13.6622 THz )
      6    465.9027 cm^-1  (     13.9674 THz )

 # k point    61 : (  0.4100,  0.4100,  0.8200)
   Mode, Frequency 
      1    150.6300 cm^-1  (      4.5158 THz )
      2    188.8743 cm^-1  (      5.6623 THz )
      3    377.8176 cm^-1  (     11.3267 THz )
      4    381.2757 cm^-1  (     11.4304 THz )
      5    455.6670 cm^-1  (     13.6606 THz )
      6    467.5663 cm^-1  (     14.0173 THz )

 # k point    62 : (  0.4000,  0.4000,  0.8000)
   Mode, Frequency 
      1    151.3993 cm^-1  (      4.5388 THz )
      2    195.7462 cm^-1  (      5.8683 THz )
      3    372.6781 cm^-1  (     11.1726 THz )
      4    377.3586 cm^-1  (     11.3129 THz )
      5    455.6700 cm^-1  (     13.6606 THz )
      6    469.2140 cm^-1  (     14.0667 THz )

 # k point    63 : (  0.3900,  0.3900,  0.7800)
   Mode, Frequency 
      1    152.0866 cm^-1  (      4.5594 THz )
      2    202.1895 cm^-1  (      6.0615 THz )
      3    367.3468 cm^-1  (     11.0128 THz )
      4    373.8230 cm^-1  (     11.2069 THz )
      5    455.7500 cm^-1  (     13.6630 THz )
      6    470.8344 cm^-1  (     14.1153 THz )

 # k point    64 : (  0.3800,  0.3800,  0.7600)
   Mode, Frequency 
      1    152.6593 cm^-1  (      4.5766 THz )
      2    207.9763 cm^-1  (      6.2350 THz )
      3    361.8538 cm^-1  (     10.8481 THz )
      4    370.8905 cm^-1  (     11.1190 THz )
      5    455.9248 cm^-1  (     13.6683 THz )
      6    472.4194 cm^-1  (     14.1628 THz )

 # k point    65 : (  0.3700,  0.3700,  0.7400)
   Mode, Frequency 
      1    153.0875 cm^-1  (      4.5894 THz )
      2    212.8957 cm^-1  (      6.3825 THz )
      3    356.2231 cm^-1  (     10.6793 THz )
      4    368.7771 cm^-1  (     11.0557 THz )
      5    456.2121 cm^-1  (     13.6769 THz )
      6    473.9613 cm^-1  (     14.2090 THz )

 # k point    66 : (  0.3600,  0.3600,  0.7200)
   Mode, Frequency 
      1    153.3439 cm^-1  (      4.5971 THz )
      2    216.7721 cm^-1  (      6.4987 THz )
      3    350.4729 cm^-1  (     10.5069 THz )
      4    367.6701 cm^-1  (     11.0225 THz )
      5    456.6282 cm^-1  (     13.6894 THz )
      6    475.4523 cm^-1  (     14.2537 THz )

 # k point    67 : (  0.3500,  0.3500,  0.7000)
   Mode, Frequency 
      1    153.4047 cm^-1  (      4.5990 THz )
      2    219.4877 cm^-1  (      6.5801 THz )
      3    344.6171 cm^-1  (     10.3314 THz )
      4    367.7014 cm^-1  (     11.0234 THz )
      5    457.1880 cm^-1  (     13.7062 THz )
      6    476.8829 cm^-1  (     14.2966 THz )

 # k point    68 : (  0.3400,  0.3400,  0.6800)
   Mode, Frequency 
      1    153.2493 cm^-1  (      4.5943 THz )
      2    221.0012 cm^-1  (      6.6254 THz )
      3    338.6657 cm^-1  (     10.1529 THz )
      4    368.9251 cm^-1  (     11.0601 THz )
      5    457.9042 cm^-1  (     13.7276 THz )
      6    478.2421 cm^-1  (     14.3373 THz )

 # k point    69 : (  0.3300,  0.3300,  0.6600)
   Mode, Frequency 
      1    152.8603 cm^-1  (      4.5826 THz )
      2    221.3524 cm^-1  (      6.6360 THz )
      3    332.6254 cm^-1  (      9.9719 THz )
      4    371.3087 cm^-1  (     11.1316 THz )
      5    458.7872 cm^-1  (     13.7541 THz )
      6    479.5173 cm^-1  (     14.3756 THz )

 # k point    70 : (  0.3200,  0.3200,  0.6400)
   Mode, Frequency 
      1    152.2238 cm^-1  (      4.5636 THz )
      2    220.6484 cm^-1  (      6.6149 THz )
      3    326.5002 cm^-1  (      9.7882 THz )
      4    374.7450 cm^-1  (     11.2346 THz )
      5    459.8443 cm^-1  (     13.7858 THz )
      6    480.6952 cm^-1  (     14.4109 THz )

 # k point    71 : (  0.3100,  0.3100,  0.6200)
   Mode, Frequency 
      1    151.3289 cm^-1  (      4.5367 THz )
      2    219.0359 cm^-1  (      6.5665 THz )
      3    320.2914 cm^-1  (      9.6021 THz )
      4    379.0774 cm^-1  (     11.3645 THz )
      5    461.0795 cm^-1  (     13.8228 THz )
      6    481.7626 cm^-1  (     14.4429 THz )

 # k point    72 : (  0.3000,  0.3000,  0.6000)
   Mode, Frequency 
      1    150.1675 cm^-1  (      4.5019 THz )
      2    216.6705 cm^-1  (      6.4956 THz )
      3    313.9983 cm^-1  (      9.4134 THz )
      4    384.1294 cm^-1  (     11.5159 THz )
      5    462.4935 cm^-1  (     13.8652 THz )
      6    482.7077 cm^-1  (     14.4712 THz )

 # k point    73 : (  0.2900,  0.2900,  0.5800)
   Mode, Frequency 
      1    148.7341 cm^-1  (      4.4589 THz )
      2    213.6936 cm^-1  (      6.4064 THz )
      3    307.6173 cm^-1  (      9.2221 THz )
      4    389.7285 cm^-1  (     11.6838 THz )
      5    464.0833 cm^-1  (     13.9129 THz )
      6    483.5216 cm^-1  (     14.4956 THz )

 # k point    74 : (  0.2800,  0.2800,  0.5600)
   Mode, Frequency 
      1    147.0252 cm^-1  (      4.4077 THz )
      2    210.2183 cm^-1  (      6.3022 THz )
      3    301.1423 cm^-1  (      9.0280 THz )
      4    395.7199 cm^-1  (     11.8634 THz )
      5    465.8425 cm^-1  (     13.9656 THz )
      6    484.1998 cm^-1  (     14.5159 THz )

 # k point    75 : (  0.2700,  0.2700,  0.5400)
   Mode, Frequency 
      1    145.0393 cm^-1  (      4.3482 THz )
      2    206.3251 cm^-1  (      6.1855 THz )
      3    294.5645 cm^-1  (      8.8308 THz )
      4    401.9733 cm^-1  (     12.0509 THz )
      5    467.7610 cm^-1  (     14.0231 THz )
      6    484.7432 cm^-1  (     14.5322 THz )

 # k point    76 : (  0.2600,  0.2600,  0.5200)
   Mode, Frequency 
      1    142.7762 cm^-1  (      4.2803 THz )
      2    202.0643 cm^-1  (      6.0577 THz )
      3    287.8714 cm^-1  (      8.6302 THz )
      4    408.3826 cm^-1  (     12.2430 THz )
      5    469.8256 cm^-1  (     14.0850 THz )
      6    485.1595 cm^-1  (     14.5447 THz )

 # k point    77 : (  0.2500,  0.2500,  0.5000)
   Mode, Frequency 
      1    140.2369 cm^-1  (      4.2042 THz )
      2    197.4606 cm^-1  (      5.9197 THz )
      3    281.0468 cm^-1  (      8.4256 THz )
      4    414.8638 cm^-1  (     12.4373 THz )
      5    472.0200 cm^-1  (     14.1508 THz )
      6    485.4638 cm^-1  (     14.5538 THz )

 # k point    78 : (  0.2400,  0.2400,  0.4800)
   Mode, Frequency 
      1    137.4232 cm^-1  (      4.1198 THz )
      2    192.5200 cm^-1  (      5.7716 THz )
      3    274.0704 cm^-1  (      8.2164 THz )
      4    421.3513 cm^-1  (     12.6318 THz )
      5    474.3256 cm^-1  (     14.2199 THz )
      6    485.6788 cm^-1  (     14.5603 THz )

 # k point    79 : (  0.2300,  0.2300,  0.4600)
   Mode, Frequency 
      1    134.3374 cm^-1  (      4.0273 THz )
      2    187.2364 cm^-1  (      5.6132 THz )
      3    266.9175 cm^-1  (      8.0020 THz )
      4    427.7941 cm^-1  (     12.8249 THz )
      5    476.7215 cm^-1  (     14.2918 THz )
      6    485.8347 cm^-1  (     14.5650 THz )

 # k point    80 : (  0.2200,  0.2200,  0.4400)
   Mode, Frequency 
      1    130.9821 cm^-1  (      3.9267 THz )
      2    181.5976 cm^-1  (      5.4442 THz )
      3    259.5592 cm^-1  (      7.7814 THz )
      4    434.1524 cm^-1  (     13.0156 THz )
      5    479.1853 cm^-1  (     14.3656 THz )
      6    485.9683 cm^-1  (     14.5690 THz )

 # k point    81 : (  0.2100,  0.2100,  0.4200)
   Mode, Frequency 
      1    127.3603 cm^-1  (      3.8182 THz )
      2    175.5906 cm^-1  (      5.2641 THz )
      3    251.9625 cm^-1  (      7.5536 THz )
      4    440.3945 cm^-1  (     13.2027 THz )
      5    481.6937 cm^-1  (     14.4408 THz )
      6    486.1213 cm^-1  (     14.5735 THz )

 # k point    82 : (  0.2000,  0.2000,  0.4000)
   Mode, Frequency 
      1    123.4750 cm^-1  (      3.7017 THz )
      2    169.2057 cm^-1  (      5.0727 THz )
      3    244.0911 cm^-1  (      7.3177 THz )
      4    446.4945 cm^-1  (     13.3856 THz )
      5    484.2229 cm^-1  (     14.5166 THz )
      6    486.3386 cm^-1  (     14.5801 THz )

 # k point    83 : (  0.1900,  0.1900,  0.3800)
   Mode, Frequency 
      1    119.3291 cm^-1  (      3.5774 THz )
      2    162.4395 cm^-1  (      4.8698 THz )
      3    235.9067 cm^-1  (      7.0723 THz )
      4    452.4307 cm^-1  (     13.5635 THz )
      5    486.6656 cm^-1  (     14.5899 THz )
      6    486.7491 cm^-1  (     14.5924 THz )

 # k point    84 : (  0.1800,  0.1800,  0.3600)
   Mode, Frequency 
      1    114.9261 cm^-1  (      3.4454 THz )
      2    155.2965 cm^-1  (      4.6557 THz )
      3    227.3701 cm^-1  (      6.8164 THz )
      4    458.1837 cm^-1  (     13.7360 THz )
      5    487.1454 cm^-1  (     14.6043 THz )
      6    489.2493 cm^-1  (     14.6673 THz )

 # k point    85 : (  0.1700,  0.1700,  0.3400)
   Mode, Frequency 
      1    110.2691 cm^-1  (      3.3058 THz )
      2    147.7906 cm^-1  (      4.4307 THz )
      3    218.4430 cm^-1  (      6.5488 THz )
      4    463.7360 cm^-1  (     13.9025 THz )
      5    487.8153 cm^-1  (     14.6243 THz )
      6    491.7014 cm^-1  (     14.7408 THz )

 # k point    86 : (  0.1600,  0.1600,  0.3200)
   Mode, Frequency 
      1    105.3622 cm^-1  (      3.1587 THz )
      2    139.9450 cm^-1  (      4.1954 THz )
      3    209.0903 cm^-1  (      6.2684 THz )
      4    469.0710 cm^-1  (     14.0624 THz )
      5    488.7048 cm^-1  (     14.6510 THz )
      6    494.0850 cm^-1  (     14.8123 THz )

 # k point    87 : (  0.1500,  0.1500,  0.3000)
   Mode, Frequency 
      1    100.2096 cm^-1  (      3.0042 THz )
      2    131.7914 cm^-1  (      3.9510 THz )
      3    199.2814 cm^-1  (      5.9743 THz )
      4    474.1728 cm^-1  (     14.2153 THz )
      5    489.8323 cm^-1  (     14.6848 THz )
      6    496.3814 cm^-1  (     14.8811 THz )

 # k point    88 : (  0.1400,  0.1400,  0.2800)
   Mode, Frequency 
      1     94.8164 cm^-1  (      2.8425 THz )
      2    123.3688 cm^-1  (      3.6985 THz )
      3    188.9919 cm^-1  (      5.6658 THz )
      4    479.0259 cm^-1  (     14.3608 THz )
      5    491.2034 cm^-1  (     14.7259 THz )
      6    498.5739 cm^-1  (     14.9469 THz )

 # k point    89 : (  0.1300,  0.1300,  0.2600)
   Mode, Frequency 
      1     89.1886 cm^-1  (      2.6738 THz )
      2    114.7220 cm^-1  (      3.4393 THz )
      3    178.2053 cm^-1  (      5.3425 THz )
      4    483.6154 cm^-1  (     14.4984 THz )
      5    492.8102 cm^-1  (     14.7741 THz )
      6    500.6481 cm^-1  (     15.0091 THz )

 # k point    90 : (  0.1200,  0.1200,  0.2400)
   Mode, Frequency 
      1     83.3333 cm^-1  (      2.4983 THz )
      2    105.8997 cm^-1  (      3.1748 THz )
      3    166.9135 cm^-1  (      5.0039 THz )
      4    487.9267 cm^-1  (     14.6277 THz )
      5    494.6306 cm^-1  (     14.8287 THz )
      6    502.5920 cm^-1  (     15.0673 THz )

 # k point    91 : (  0.1100,  0.1100,  0.2200)
   Mode, Frequency 
      1     77.2589 cm^-1  (      2.3162 THz )
      2     96.9517 cm^-1  (      2.9065 THz )
      3    155.1174 cm^-1  (      4.6503 THz )
      4    491.9462 cm^-1  (     14.7482 THz )
      5    496.6294 cm^-1  (     14.8886 THz )
      6    504.3957 cm^-1  (     15.1214 THz )

 # k point    92 : (  0.1000,  0.1000,  0.2000)
   Mode, Frequency 
      1     70.9755 cm^-1  (      2.1278 THz )
      2     87.9273 cm^-1  (      2.6360 THz )
      3    142.8269 cm^-1  (      4.2818 THz )
      4    495.6608 cm^-1  (     14.8595 THz )
      5    498.7600 cm^-1  (     14.9524 THz )
      6    506.0516 cm^-1  (     15.1710 THz )

 # k point    93 : (  0.0900,  0.0900,  0.1800)
   Mode, Frequency 
      1     64.4946 cm^-1  (      1.9335 THz )
      2     78.8727 cm^-1  (      2.3645 THz )
      3    130.0605 cm^-1  (      3.8991 THz )
      4    499.0584 cm^-1  (     14.9614 THz )
      5    500.9660 cm^-1  (     15.0186 THz )
      6    507.5542 cm^-1  (     15.2161 THz )

 # k point    94 : (  0.0800,  0.0800,  0.1600)
   Mode, Frequency 
      1     57.8294 cm^-1  (      1.7337 THz )
      2     69.8287 cm^-1  (      2.0934 THz )
      3    116.8443 cm^-1  (      3.5029 THz )
      4    502.1280 cm^-1  (     15.0534 THz )
      5    503.1845 cm^-1  (     15.0851 THz )
      6    508.8997 cm^-1  (     15.2564 THz )

 # k point    95 : (  0.0700,  0.0700,  0.1400)
   Mode, Frequency 
      1     50.9949 cm^-1  (      1.5288 THz )
      2     60.8292 cm^-1  (      1.8236 THz )
      3    103.2117 cm^-1  (      3.0942 THz )
      4    504.8597 cm^-1  (     15.1353 THz )
      5    505.3490 cm^-1  (     15.1500 THz )
      6    510.0858 cm^-1  (     15.2920 THz )

 # k point    96 : (  0.0600,  0.0600,  0.1200)
   Mode, Frequency 
      1     44.0077 cm^-1  (      1.3193 THz )
      2     51.8995 cm^-1  (      1.5559 THz )
      3     89.2024 cm^-1  (      2.6742 THz )
      4    507.2447 cm^-1  (     15.2068 THz )
      5    507.3922 cm^-1  (     15.2112 THz )
      6    511.1118 cm^-1  (     15.3227 THz )

 # k point    97 : (  0.0500,  0.0500,  0.1000)
   Mode, Frequency 
      1     36.8862 cm^-1  (      1.1058 THz )
      2     43.0555 cm^-1  (      1.2908 THz )
      3     74.8611 cm^-1  (      2.2443 THz )
      4    509.2488 cm^-1  (     15.2669 THz )
      5    509.2753 cm^-1  (     15.2677 THz )
      6    511.9775 cm^-1  (     15.3487 THz )

 # k point    98 : (  0.0400,  0.0400,  0.0800)
   Mode, Frequency 
      1     29.6503 cm^-1  (      0.8889 THz )
      2     34.3027 cm^-1  (      1.0284 THz )
      3     60.2370 cm^-1  (      1.8059 THz )
      4    510.8589 cm^-1  (     15.3152 THz )
      5    510.9453 cm^-1  (     15.3178 THz )
      6    512.6837 cm^-1  (     15.3699 THz )

 # k point    99 : (  0.0300,  0.0300,  0.0600)
   Mode, Frequency 
      1     22.3209 cm^-1  (      0.6692 THz )
      2     25.6373 cm^-1  (      0.7686 THz )
      3     45.3826 cm^-1  (      1.3605 THz )
      4    512.1699 cm^-1  (     15.3545 THz )
      5    512.2495 cm^-1  (     15.3569 THz )
      6    513.2314 cm^-1  (     15.3863 THz )

 # k point   100 : (  0.0200,  0.0200,  0.0400)
   Mode, Frequency 
      1     14.9206 cm^-1  (      0.4473 THz )
      2     17.0461 cm^-1  (      0.5110 THz )
      3     30.3533 cm^-1  (      0.9100 THz )
      4    513.1385 cm^-1  (     15.3835 THz )
      5    513.1839 cm^-1  (     15.3849 THz )
      6    513.6216 cm^-1  (     15.3980 THz )

 # k point   101 : (  0.0100,  0.0100,  0.0200)
   Mode, Frequency 
      1      7.4723 cm^-1  (      0.2240 THz )
      2      8.5089 cm^-1  (      0.2551 THz )
      3     15.2062 cm^-1  (      0.4559 THz )
      4    513.7328 cm^-1  (     15.4013 THz )
      5    513.7457 cm^-1  (     15.4017 THz )
      6    513.8553 cm^-1  (     15.4050 THz )

 # k point   102 : (  0.0000,  0.0000,  0.0000)
   Mode, Frequency 
      1      0.0000 cm^-1  (      0.0000 THz )
      2      0.0000 cm^-1  (      0.0000 THz )
      3      0.0000 cm^-1  (      0.0000 THz )
      4    513.9331 cm^-1  (     15.4073 THz )
      5    513.9331 cm^-1  (     15.4073 THz )
      6    513.9331 cm^-1  (     15.4073 THz )

 # k point   103 : (  0.0000,  0.0000,  0.0000)
   Mode, Frequency 
      1      0.0000 cm^-1  (      0.0000 THz )
      2      0.0000 cm^-1  (      0.0000 THz )
      3      0.0000 cm^-1  (      0.0000 THz )
      4    513.9331 cm^-1  (     15.4073 THz )
      5    513.9331 cm^-1  (     15.4073 THz )
      6    513.9331 cm^-1  (     15.4073 THz )

 # k point   104 : (  0.0100,  0.0100,  0.0100)
   Mode, Frequency 
      1      4.7956 cm^-1  (      0.1438 THz )
      2      4.7956 cm^-1  (      0.1438 THz )
      3      9.4269 cm^-1  (      0.2826 THz )
      4    513.8474 cm^-1  (     15.4048 THz )
      5    513.8886 cm^-1  (     15.4060 THz )
      6    513.8886 cm^-1  (     15.4060 THz )

 # k point   105 : (  0.0200,  0.0200,  0.0200)
   Mode, Frequency 
      1      9.5814 cm^-1  (      0.2872 THz )
      2      9.5814 cm^-1  (      0.2872 THz )
      3     18.8505 cm^-1  (      0.5651 THz )
      4    513.5910 cm^-1  (     15.3971 THz )
      5    513.7552 cm^-1  (     15.4020 THz )
      6    513.7552 cm^-1  (     15.4020 THz )

 # k point   106 : (  0.0300,  0.0300,  0.0300)
   Mode, Frequency 
      1     14.3476 cm^-1  (      0.4301 THz )
      2     14.3476 cm^-1  (      0.4301 THz )
      3     28.2677 cm^-1  (      0.8474 THz )
      4    513.1651 cm^-1  (     15.3843 THz )
      5    513.5340 cm^-1  (     15.3954 THz )
      6    513.5340 cm^-1  (     15.3954 THz )

 # k point   107 : (  0.0400,  0.0400,  0.0400)
   Mode, Frequency 
      1     19.0842 cm^-1  (      0.5721 THz )
      2     19.0842 cm^-1  (      0.5721 THz )
      3     37.6751 cm^-1  (      1.1295 THz )
      4    512.5723 cm^-1  (     15.3665 THz )
      5    513.2264 cm^-1  (     15.3861 THz )
      6    513.2264 cm^-1  (     15.3861 THz )

 # k point   108 : (  0.0500,  0.0500,  0.0500)
   Mode, Frequency 
      1     23.7816 cm^-1  (      0.7130 THz )
      2     23.7816 cm^-1  (      0.7130 THz )
      3     47.0696 cm^-1  (      1.4111 THz )
      4    511.8159 cm^-1  (     15.3439 THz )
      5    512.8344 cm^-1  (     15.3744 THz )
      6    512.8344 cm^-1  (     15.3744 THz )

 # k point   109 : (  0.0600,  0.0600,  0.0600)
   Mode, Frequency 
      1     28.4299 cm^-1  (      0.8523 THz )
      2     28.4299 cm^-1  (      0.8523 THz )
      3     56.4478 cm^-1  (      1.6923 THz )
      4    510.8999 cm^-1  (     15.3164 THz )
      5    512.3607 cm^-1  (     15.3602 THz )
      6    512.3607 cm^-1  (     15.3602 THz )

 # k point   110 : (  0.0700,  0.0700,  0.0700)
   Mode, Frequency 
      1     33.0193 cm^-1  (      0.9899 THz )
      2     33.0193 cm^-1  (      0.9899 THz )
      3     65.8065 cm^-1  (      1.9728 THz )
      4    509.8296 cm^-1  (     15.2843 THz )
      5    511.8085 cm^-1  (     15.3436 THz )
      6    511.8085 cm^-1  (     15.3436 THz )

 # k point   111 : (  0.0800,  0.0800,  0.0800)
   Mode, Frequency 
      1     37.5402 cm^-1  (      1.1254 THz )
      2     37.5402 cm^-1  (      1.1254 THz )
      3     75.1423 cm^-1  (      2.2527 THz )
      4    508.6106 cm^-1  (     15.2478 THz )
      5    511.1817 cm^-1  (     15.3248 THz )
      6    511.1817 cm^-1  (     15.3248 THz )

 # k point   112 : (  0.0900,  0.0900,  0.0900)
   Mode, Frequency 
      1     41.9829 cm^-1  (      1.2586 THz )
      2     41.9829 cm^-1  (      1.2586 THz )
      3     84.4519 cm^-1  (      2.5318 THz )
      4    507.2496 cm^-1  (     15.2070 THz )
      5    510.4845 cm^-1  (     15.3039 THz )
      6    510.4845 cm^-1  (     15.3039 THz )

 # k point   113 : (  0.1000,  0.1000,  0.1000)
   Mode, Frequency 
      1     46.3380 cm^-1  (      1.3892 THz )
      2     46.3380 cm^-1  (      1.3892 THz )
      3     93.7320 cm^-1  (      2.8100 THz )
      4    505.7538 cm^-1  (     15.1621 THz )
      5    509.7219 cm^-1  (     15.2811 THz )
      6    509.7219 cm^-1  (     15.2811 THz )

 # k point   114 : (  0.1100,  0.1100,  0.1100)
   Mode, Frequency 
      1     50.5959 cm^-1  (      1.5168 THz )
      2     50.5959 cm^-1  (      1.5168 THz )
      3    102.9791 cm^-1  (      3.0872 THz )
      4    504.1308 cm^-1  (     15.1135 THz )
      5    508.8993 cm^-1  (     15.2564 THz )
      6    508.8993 cm^-1  (     15.2564 THz )

 # k point   115 : (  0.1200,  0.1200,  0.1200)
   Mode, Frequency 
      1     54.7476 cm^-1  (      1.6413 THz )
      2     54.7476 cm^-1  (      1.6413 THz )
      3    112.1896 cm^-1  (      3.3634 THz )
      4    502.3891 cm^-1  (     15.0612 THz )
      5    508.0227 cm^-1  (     15.2301 THz )
      6    508.0227 cm^-1  (     15.2301 THz )

 # k point   116 : (  0.1300,  0.1300,  0.1300)
   Mode, Frequency 
      1     58.7840 cm^-1  (      1.7623 THz )
      2     58.7840 cm^-1  (      1.7623 THz )
      3    121.3601 cm^-1  (      3.6383 THz )
      4    500.5371 cm^-1  (     15.0057 THz )
      5    507.0985 cm^-1  (     15.2024 THz )
      6    507.0985 cm^-1  (     15.2024 THz )

 # k point   117 : (  0.1400,  0.1400,  0.1400)
   Mode, Frequency 
      1     62.6965 cm^-1  (      1.8796 THz )
      2     62.6965 cm^-1  (      1.8796 THz )
      3    130.4868 cm^-1  (      3.9119 THz )
      4    498.5838 cm^-1  (     14.9472 THz )
      5    506.1335 cm^-1  (     15.1735 THz )
      6    506.1335 cm^-1  (     15.1735 THz )

 # k point   118 : (  0.1500,  0.1500,  0.1500)
   Mode, Frequency 
      1     66.4768 cm^-1  (      1.9929 THz )
      2     66.4768 cm^-1  (      1.9929 THz )
      3    139.5660 cm^-1  (      4.1841 THz )
      4    496.5382 cm^-1  (     14.8858 THz )
      5    505.1349 cm^-1  (     15.1436 THz )
      6    505.1349 cm^-1  (     15.1436 THz )

 # k point   119 : (  0.1600,  0.1600,  0.1600)
   Mode, Frequency 
      1     70.1172 cm^-1  (      2.1021 THz )
      2     70.1172 cm^-1  (      2.1021 THz )
      3    148.5937 cm^-1  (      4.4547 THz )
      4    494.4095 cm^-1  (     14.8220 THz )
      5    504.1101 cm^-1  (     15.1128 THz )
      6    504.1101 cm^-1  (     15.1128 THz )

 # k point   120 : (  0.1700,  0.1700,  0.1700)
   Mode, Frequency 
      1     73.6102 cm^-1  (      2.2068 THz )
      2     73.6102 cm^-1  (      2.2068 THz )
      3    157.5658 cm^-1  (      4.7237 THz )
      4    492.2066 cm^-1  (     14.7560 THz )
      5    503.0669 cm^-1  (     15.0816 THz )
      6    503.0669 cm^-1  (     15.0816 THz )

 # k point   121 : (  0.1800,  0.1800,  0.1800)
   Mode, Frequency 
      1     76.9492 cm^-1  (      2.3069 THz )
      2     76.9492 cm^-1  (      2.3069 THz )
      3    166.4783 cm^-1  (      4.9909 THz )
      4    489.9385 cm^-1  (     14.6880 THz )
      5    502.0130 cm^-1  (     15.0500 THz )
      6    502.0130 cm^-1  (     15.0500 THz )

 # k point   122 : (  0.1900,  0.1900,  0.1900)
   Mode, Frequency 
      1     80.1281 cm^-1  (      2.4022 THz )
      2     80.1281 cm^-1  (      2.4022 THz )
      3    175.3266 cm^-1  (      5.2562 THz )
      4    487.6136 cm^-1  (     14.6183 THz )
      5    500.9564 cm^-1  (     15.0183 THz )
      6    500.9564 cm^-1  (     15.0183 THz )

 # k point   123 : (  0.2000,  0.2000,  0.2000)
   Mode, Frequency 
      1     83.1418 cm^-1  (      2.4925 THz )
      2     83.1418 cm^-1  (      2.4925 THz )
      3    184.1061 cm^-1  (      5.5194 THz )
      4    485.2401 cm^-1  (     14.5471 THz )
      5    499.9049 cm^-1  (     14.9868 THz )
      6    499.9049 cm^-1  (     14.9868 THz )

 # k point   124 : (  0.2100,  0.2100,  0.2100)
   Mode, Frequency 
      1     85.9859 cm^-1  (      2.5778 THz )
      2     85.9859 cm^-1  (      2.5778 THz )
      3    192.8122 cm^-1  (      5.7804 THz )
      4    482.8256 cm^-1  (     14.4747 THz )
      5    498.8660 cm^-1  (     14.9556 THz )
      6    498.8660 cm^-1  (     14.9556 THz )

 # k point   125 : (  0.2200,  0.2200,  0.2200)
   Mode, Frequency 
      1     88.6571 cm^-1  (      2.6579 THz )
      2     88.6571 cm^-1  (      2.6579 THz )
      3    201.4398 cm^-1  (      6.0390 THz )
      4    480.3771 cm^-1  (     14.4013 THz )
      5    497.8472 cm^-1  (     14.9251 THz )
      6    497.8472 cm^-1  (     14.9251 THz )

 # k point   126 : (  0.2300,  0.2300,  0.2300)
   Mode, Frequency 
      1     91.1531 cm^-1  (      2.7327 THz )
      2     91.1531 cm^-1  (      2.7327 THz )
      3    209.9836 cm^-1  (      6.2951 THz )
      4    477.9006 cm^-1  (     14.3271 THz )
      5    496.8555 cm^-1  (     14.8954 THz )
      6    496.8555 cm^-1  (     14.8954 THz )

 # k point   127 : (  0.2400,  0.2400,  0.2400)
   Mode, Frequency 
      1     93.4726 cm^-1  (      2.8022 THz )
      2     93.4726 cm^-1  (      2.8022 THz )
      3    218.4383 cm^-1  (      6.5486 THz )
      4    475.4017 cm^-1  (     14.2522 THz )
      5    495.8974 cm^-1  (     14.8666 THz )
      6    495.8974 cm^-1  (     14.8666 THz )

 # k point   128 : (  0.2500,  0.2500,  0.2500)
   Mode, Frequency 
      1     95.6156 cm^-1  (      2.8665 THz )
      2     95.6156 cm^-1  (      2.8665 THz )
      3    226.7981 cm^-1  (      6.7992 THz )
      4    472.8847 cm^-1  (     14.1767 THz )
      5    494.9787 cm^-1  (     14.8391 THz )
      6    494.9787 cm^-1  (     14.8391 THz )

 # k point   129 : (  0.2600,  0.2600,  0.2600)
   Mode, Frequency 
      1     97.5833 cm^-1  (      2.9255 THz )
      2     97.5833 cm^-1  (      2.9255 THz )
      3    235.0571 cm^-1  (      7.0468 THz )
      4    470.3533 cm^-1  (     14.1008 THz )
      5    494.1047 cm^-1  (     14.8129 THz )
      6    494.1047 cm^-1  (     14.8129 THz )

 # k point   130 : (  0.2700,  0.2700,  0.2700)
   Mode, Frequency 
      1     99.3781 cm^-1  (      2.9793 THz )
      2     99.3781 cm^-1  (      2.9793 THz )
      3    243.2093 cm^-1  (      7.2912 THz )
      4    467.8100 cm^-1  (     14.0246 THz )
      5    493.2798 cm^-1  (     14.7882 THz )
      6    493.2798 cm^-1  (     14.7882 THz )

 # k point   131 : (  0.2800,  0.2800,  0.2800)
   Mode, Frequency 
      1    101.0036 cm^-1  (      3.0280 THz )
      2    101.0036 cm^-1  (      3.0280 THz )
      3    251.2483 cm^-1  (      7.5322 THz )
      4    465.2563 cm^-1  (     13.9480 THz )
      5    492.5078 cm^-1  (     14.7650 THz )
      6    492.5078 cm^-1  (     14.7650 THz )

 # k point   132 : (  0.2900,  0.2900,  0.2900)
   Mode, Frequency 
      1    102.4645 cm^-1  (      3.0718 THz )
      2    102.4645 cm^-1  (      3.0718 THz )
      3    259.1675 cm^-1  (      7.7696 THz )
      4    462.6926 cm^-1  (     13.8712 THz )
      5    491.7914 cm^-1  (     14.7435 THz )
      6    491.7914 cm^-1  (     14.7435 THz )

 # k point   133 : (  0.3000,  0.3000,  0.3000)
   Mode, Frequency 
      1    103.7668 cm^-1  (      3.1108 THz )
      2    103.7668 cm^-1  (      3.1108 THz )
      3    266.9602 cm^-1  (      8.0033 THz )
      4    460.1185 cm^-1  (     13.7940 THz )
      5    491.1325 cm^-1  (     14.7238 THz )
      6    491.1325 cm^-1  (     14.7238 THz )

 # k point   134 : (  0.3100,  0.3100,  0.3100)
   Mode, Frequency 
      1    104.9174 cm^-1  (      3.1453 THz )
      2    104.9174 cm^-1  (      3.1453 THz )
      3    274.6195 cm^-1  (      8.2329 THz )
      4    457.5326 cm^-1  (     13.7165 THz )
      5    490.5320 cm^-1  (     14.7058 THz )
      6    490.5320 cm^-1  (     14.7058 THz )

 # k point   135 : (  0.3200,  0.3200,  0.3200)
   Mode, Frequency 
      1    105.9244 cm^-1  (      3.1755 THz )
      2    105.9244 cm^-1  (      3.1755 THz )
      3    282.1382 cm^-1  (      8.4583 THz )
      4    454.9324 cm^-1  (     13.6385 THz )
      5    489.9902 cm^-1  (     14.6895 THz )
      6    489.9902 cm^-1  (     14.6895 THz )

 # k point   136 : (  0.3300,  0.3300,  0.3300)
   Mode, Frequency 
      1    106.7964 cm^-1  (      3.2017 THz )
      2    106.7964 cm^-1  (      3.2017 THz )
      3    289.5090 cm^-1  (      8.6793 THz )
      4    452.3150 cm^-1  (     13.5601 THz )
      5    489.5062 cm^-1  (     14.6750 THz )
      6    489.5062 cm^-1  (     14.6750 THz )

 # k point   137 : (  0.3400,  0.3400,  0.3400)
   Mode, Frequency 
      1    107.5431 cm^-1  (      3.2241 THz )
      2    107.5431 cm^-1  (      3.2241 THz )
      3    296.7242 cm^-1  (      8.8956 THz )
      4    449.6766 cm^-1  (     13.4810 THz )
      5    489.0786 cm^-1  (     14.6622 THz )
      6    489.0786 cm^-1  (     14.6622 THz )

 # k point   138 : (  0.3500,  0.3500,  0.3500)
   Mode, Frequency 
      1    108.1743 cm^-1  (      3.2430 THz )
      2    108.1743 cm^-1  (      3.2430 THz )
      3    303.7762 cm^-1  (      9.1070 THz )
      4    447.0130 cm^-1  (     13.4011 THz )
      5    488.7050 cm^-1  (     14.6510 THz )
      6    488.7050 cm^-1  (     14.6510 THz )

 # k point   139 : (  0.3600,  0.3600,  0.3600)
   Mode, Frequency 
      1    108.7006 cm^-1  (      3.2588 THz )
      2    108.7006 cm^-1  (      3.2588 THz )
      3    310.6567 cm^-1  (      9.3133 THz )
      4    444.3198 cm^-1  (     13.3204 THz )
      5    488.3827 cm^-1  (     14.6413 THz )
      6    488.3827 cm^-1  (     14.6413 THz )

 # k point   140 : (  0.3700,  0.3700,  0.3700)
   Mode, Frequency 
      1    109.1326 cm^-1  (      3.2717 THz )
      2    109.1326 cm^-1  (      3.2717 THz )
      3    317.3571 cm^-1  (      9.5141 THz )
      4    441.5929 cm^-1  (     13.2386 THz )
      5    488.1083 cm^-1  (     14.6331 THz )
      6    488.1083 cm^-1  (     14.6331 THz )

 # k point   141 : (  0.3800,  0.3800,  0.3800)
   Mode, Frequency 
      1    109.4809 cm^-1  (      3.2822 THz )
      2    109.4809 cm^-1  (      3.2822 THz )
      3    323.8679 cm^-1  (      9.7093 THz )
      4    438.8284 cm^-1  (     13.1557 THz )
      5    487.8779 cm^-1  (     14.6262 THz )
      6    487.8779 cm^-1  (     14.6262 THz )

 # k point   142 : (  0.3900,  0.3900,  0.3900)
   Mode, Frequency 
      1    109.7561 cm^-1  (      3.2904 THz )
      2    109.7561 cm^-1  (      3.2904 THz )
      3    330.1787 cm^-1  (      9.8985 THz )
      4    436.0237 cm^-1  (     13.0717 THz )
      5    487.6874 cm^-1  (     14.6205 THz )
      6    487.6874 cm^-1  (     14.6205 THz )

 # k point   143 : (  0.4000,  0.4000,  0.4000)
   Mode, Frequency 
      1    109.9686 cm^-1  (      3.2968 THz )
      2    109.9686 cm^-1  (      3.2968 THz )
      3    336.2774 cm^-1  (     10.0813 THz )
      4    433.1778 cm^-1  (     12.9863 THz )
      5    487.5325 cm^-1  (     14.6159 THz )
      6    487.5325 cm^-1  (     14.6159 THz )

 # k point   144 : (  0.4100,  0.4100,  0.4100)
   Mode, Frequency 
      1    110.1281 cm^-1  (      3.3016 THz )
      2    110.1281 cm^-1  (      3.3016 THz )
      3    342.1494 cm^-1  (     10.2574 THz )
      4    430.2929 cm^-1  (     12.8999 THz )
      5    487.4089 cm^-1  (     14.6121 THz )
      6    487.4089 cm^-1  (     14.6121 THz )

 # k point   145 : (  0.4200,  0.4200,  0.4200)
   Mode, Frequency 
      1    110.2439 cm^-1  (      3.3050 THz )
      2    110.2439 cm^-1  (      3.3050 THz )
      3    347.7758 cm^-1  (     10.4261 THz )
      4    427.3755 cm^-1  (     12.8124 THz )
      5    487.3121 cm^-1  (     14.6092 THz )
      6    487.3121 cm^-1  (     14.6092 THz )

 # k point   146 : (  0.4300,  0.4300,  0.4300)
   Mode, Frequency 
      1    110.3247 cm^-1  (      3.3075 THz )
      2    110.3247 cm^-1  (      3.3075 THz )
      3    353.1315 cm^-1  (     10.5866 THz )
      4    424.4394 cm^-1  (     12.7244 THz )
      5    487.2380 cm^-1  (     14.6070 THz )
      6    487.2380 cm^-1  (     14.6070 THz )

 # k point   147 : (  0.4400,  0.4400,  0.4400)
   Mode, Frequency 
      1    110.3783 cm^-1  (      3.3091 THz )
      2    110.3783 cm^-1  (      3.3091 THz )
      3    358.1809 cm^-1  (     10.7380 THz )
      4    421.5098 cm^-1  (     12.6365 THz )
      5    487.1827 cm^-1  (     14.6054 THz )
      6    487.1827 cm^-1  (     14.6054 THz )

 # k point   148 : (  0.4500,  0.4500,  0.4500)
   Mode, Frequency 
      1    110.4115 cm^-1  (      3.3101 THz )
      2    110.4115 cm^-1  (      3.3101 THz )
      3    362.8714 cm^-1  (     10.8786 THz )
      4    418.6300 cm^-1  (     12.5502 THz )
      5    487.1425 cm^-1  (     14.6042 THz )
      6    487.1425 cm^-1  (     14.6042 THz )

 # k point   149 : (  0.4600,  0.4600,  0.4600)
   Mode, Frequency 
      1    110.4304 cm^-1  (      3.3106 THz )
      2    110.4304 cm^-1  (      3.3106 THz )
      3    367.1223 cm^-1  (     11.0060 THz )
      4    415.8721 cm^-1  (     12.4675 THz )
      5    487.1142 cm^-1  (     14.6033 THz )
      6    487.1142 cm^-1  (     14.6033 THz )

 # k point   150 : (  0.4700,  0.4700,  0.4700)
   Mode, Frequency 
      1    110.4398 cm^-1  (      3.3109 THz )
      2    110.4398 cm^-1  (      3.3109 THz )
      3    370.8092 cm^-1  (     11.1166 THz )
      4    413.3539 cm^-1  (     12.3920 THz )
      5    487.0951 cm^-1  (     14.6027 THz )
      6    487.0951 cm^-1  (     14.6027 THz )

 # k point   151 : (  0.4800,  0.4800,  0.4800)
   Mode, Frequency 
      1    110.4438 cm^-1  (      3.3110 THz )
      2    110.4438 cm^-1  (      3.3110 THz )
      3    373.7449 cm^-1  (     11.2046 THz )
      4    411.2569 cm^-1  (     12.3292 THz )
      5    487.0831 cm^-1  (     14.6024 THz )
      6    487.0831 cm^-1  (     14.6024 THz )

 # k point   152 : (  0.4900,  0.4900,  0.4900)
   Mode, Frequency 
      1    110.4450 cm^-1  (      3.3111 THz )
      2    110.4450 cm^-1  (      3.3111 THz )
      3    375.6792 cm^-1  (     11.2626 THz )
      4    409.8274 cm^-1  (     12.2863 THz )
      5    487.0765 cm^-1  (     14.6022 THz )
      6    487.0765 cm^-1  (     14.6022 THz )

 # k point   153 : (  0.5000,  0.5000,  0.5000)
   Mode, Frequency 
      1    110.4452 cm^-1  (      3.3111 THz )
      2    110.4452 cm^-1  (      3.3111 THz )
      3    376.3614 cm^-1  (     11.2830 THz )
      4    409.3138 cm^-1  (     12.2709 THz )
      5    487.0744 cm^-1  (     14.6021 THz )
      6    487.0744 cm^-1  (     14.6021 THz )


 -----------------------------------------------------------------

 The following files are created: 
  si222.bands       : Phonon band structure

 Job finished at Sun Jan 28 15:01:19 2018

