 +-----------------------------------------------------------------+
 +                         Program ANPHON                          +
 +                             Ver.  0.9.8                         +
 +-----------------------------------------------------------------+

 Job started at Sun Jan 28 19:04:29 2018

 The number of MPI processes: 1
 The number of OpenMP threads: 24


 Input variables:
 -----------------------------------------------------------------
 General:
  PREFIX = si222
  MODE = RTA
  FCSXML = si222_cubic.xml

  NKD = 1; KD =   Si
  MASS =    28.0855
  NSYM = 0; TOLERANCE = 1e-06; PRINTSYM = 0

  NONANALYTIC = 0

  TMIN = 0; TMAX = 1000; DT = 10
  EMIN = 0; EMAX = 1000; DELTA_E = 10

  ISMEAR = -1; EPSILON = 10

  RESTART = 0
  TRISYM = 1


 Kpoint:
  KPMODE (1st entry for &kpoint) = 2


 Analysis:
  ISOTOPE = 0
  KAPPA_SPEC = 0


 -----------------------------------------------------------------

                        MODE = RTA                           
                                                             
      Calculation of phonon line width (lifetime) and        
      lattice thermal conductivity within the RTA            
      (relaxation time approximation).                       
      Harmonic and anharmonic force constants will be used.  

 -----------------------------------------------------------------

 Crystal structure
 =================

 Lattice Vectors:

 * Supercell (from si222_cubic.xml )

    2.040600e+01   0.000000e+00   0.000000e+00 : a1
    0.000000e+00   2.040600e+01   0.000000e+00 : a2
    0.000000e+00   0.000000e+00   2.040600e+01 : a3

    3.079087e-01   0.000000e+00   0.000000e+00 : b1
    0.000000e+00   3.079087e-01   0.000000e+00 : b2
    0.000000e+00   0.000000e+00   3.079087e-01 : b3

 * Primitive cell 

    0.000000e+00   5.101500e+00   5.101500e+00 : a1
    5.101500e+00   0.000000e+00   5.101500e+00 : a2
    5.101500e+00   5.101500e+00   0.000000e+00 : a3

   -6.158174e-01   6.158174e-01   6.158174e-01 : b1
    6.158174e-01  -6.158174e-01   6.158174e-01 : b2
    6.158174e-01   6.158174e-01  -6.158174e-01 : b3


  Volume of the primitive cell : 2.655362e+02 (a.u.)^3

  Number of atoms in the supercell     : 64
  Number of atoms in the primitive cell: 2

  Atomic positions in the primitive cell (fractional):
   1:   0.000000e+00   0.000000e+00   0.000000e+00  Si
   2:   2.500000e-01   2.500000e-01   2.500000e-01  Si

  Mass of atomic species (u):
  Si:   28.085500


 Symmetry
 ========

  NSYM = 0 is given: Trying to find symmetry operations.
  Number of symmetry operations : 48

 k points
 ========

  KPMODE = 2: Uniform grid
  Gamma-centered uniform grid with the following mesh density: 
  nk1:  10
  nk2:  10
  nk3:  10

  Number of k points : 1000
  Number of irreducible k points : 47

  List of irreducible k points (reciprocal coordinate, weight) : 
      1:   0.00000e+00   0.00000e+00   0.00000e+00   0.001000
      2:   0.00000e+00   0.00000e+00   1.00000e-01   0.008000
      3:   0.00000e+00   0.00000e+00   2.00000e-01   0.008000
      4:   0.00000e+00   0.00000e+00   3.00000e-01   0.008000
      5:   0.00000e+00   0.00000e+00   4.00000e-01   0.008000
      6:   0.00000e+00   0.00000e+00  -5.00000e-01   0.004000
      7:   0.00000e+00   1.00000e-01   1.00000e-01   0.006000
      8:   0.00000e+00   1.00000e-01   2.00000e-01   0.024000
      9:   0.00000e+00   1.00000e-01   3.00000e-01   0.024000
     10:   0.00000e+00   1.00000e-01   4.00000e-01   0.024000
     11:   0.00000e+00   1.00000e-01  -5.00000e-01   0.024000
     12:   0.00000e+00   1.00000e-01  -4.00000e-01   0.024000
     13:   0.00000e+00   1.00000e-01  -3.00000e-01   0.024000
     14:   0.00000e+00   1.00000e-01  -2.00000e-01   0.024000
     15:   0.00000e+00   1.00000e-01  -1.00000e-01   0.012000
     16:   0.00000e+00   2.00000e-01   2.00000e-01   0.006000
     17:   0.00000e+00   2.00000e-01   3.00000e-01   0.024000
     18:   0.00000e+00   2.00000e-01   4.00000e-01   0.024000
     19:   0.00000e+00   2.00000e-01  -5.00000e-01   0.024000
     20:   0.00000e+00   2.00000e-01  -4.00000e-01   0.024000
     21:   0.00000e+00   2.00000e-01  -3.00000e-01   0.024000
     22:   0.00000e+00   2.00000e-01  -2.00000e-01   0.012000
     23:   0.00000e+00   3.00000e-01   3.00000e-01   0.006000
     24:   0.00000e+00   3.00000e-01   4.00000e-01   0.024000
     25:   0.00000e+00   3.00000e-01  -5.00000e-01   0.024000
     26:   0.00000e+00   3.00000e-01  -4.00000e-01   0.024000
     27:   0.00000e+00   3.00000e-01  -3.00000e-01   0.012000
     28:   0.00000e+00   4.00000e-01   4.00000e-01   0.006000
     29:   0.00000e+00   4.00000e-01  -5.00000e-01   0.024000
     30:   0.00000e+00   4.00000e-01  -4.00000e-01   0.012000
     31:   0.00000e+00  -5.00000e-01  -5.00000e-01   0.003000
     32:   1.00000e-01   2.00000e-01   3.00000e-01   0.024000
     33:   1.00000e-01   2.00000e-01   4.00000e-01   0.048000
     34:   1.00000e-01   2.00000e-01  -5.00000e-01   0.048000
     35:   1.00000e-01   2.00000e-01  -4.00000e-01   0.024000
     36:   1.00000e-01   3.00000e-01   4.00000e-01   0.024000
     37:   1.00000e-01   3.00000e-01  -5.00000e-01   0.048000
     38:   1.00000e-01   3.00000e-01  -4.00000e-01   0.048000
     39:   1.00000e-01   3.00000e-01  -3.00000e-01   0.048000
     40:   1.00000e-01   3.00000e-01  -2.00000e-01   0.024000
     41:   1.00000e-01   4.00000e-01  -5.00000e-01   0.024000
     42:   1.00000e-01   4.00000e-01  -4.00000e-01   0.048000
     43:   1.00000e-01   4.00000e-01  -3.00000e-01   0.024000
     44:   1.00000e-01  -5.00000e-01  -4.00000e-01   0.012000
     45:   2.00000e-01   4.00000e-01  -4.00000e-01   0.024000
     46:   2.00000e-01   4.00000e-01  -3.00000e-01   0.024000
     47:   2.00000e-01  -5.00000e-01  -3.00000e-01   0.012000

 Force constant
 ==============

  Reading force constants from the XML file ... done !
  Number of non-zero IFCs for 2 order: 1386
  Number of non-zero IFCs for 3 order: 6708

  Maximum deviation from the translational invariance: 
   Order 2 : 2.756042e-16
   Order 3 : 8.326673e-17


 Dynamical matrix
 ================

  NONANALYTIC = 0 : No non-analytic correction. 


 -----------------------------------------------------------------

 Now, move on to phonon calculations.

 Diagonalizing dynamical matrices for all k points ... done!

 ISMEAR = -1: Tetrahedron method will be used.


 -----------------------------------------------------------------

 Now, move on to phonon lifetime calculations.

 Start calculating anharmonic phonon self-energies ... 
 Total Number of phonon modes to be calculated : 282
 All modes are distributed to MPI threads as the following :
 RANK:     1 MODES:   282

 MODE     1 done.
 MODE     2 done.
 MODE     3 done.
 MODE     4 done.
 MODE     5 done.
 MODE     6 done.
 MODE     7 done.
 MODE     8 done.
 MODE     9 done.
 MODE    10 done.
 MODE    11 done.
 MODE    12 done.
 MODE    13 done.
 MODE    14 done.
 MODE    15 done.
 MODE    16 done.
 MODE    17 done.
 MODE    18 done.
 MODE    19 done.
 MODE    20 done.
 MODE    21 done.
 MODE    22 done.
 MODE    23 done.
 MODE    24 done.
 MODE    25 done.
 MODE    26 done.
 MODE    27 done.
 MODE    28 done.
 MODE    29 done.
 MODE    30 done.
 MODE    31 done.
 MODE    32 done.
 MODE    33 done.
 MODE    34 done.
 MODE    35 done.
 MODE    36 done.
 MODE    37 done.
 MODE    38 done.
 MODE    39 done.
 MODE    40 done.
 MODE    41 done.
 MODE    42 done.
 MODE    43 done.
 MODE    44 done.
 MODE    45 done.
 MODE    46 done.
 MODE    47 done.
 MODE    48 done.
 MODE    49 done.
 MODE    50 done.
 MODE    51 done.
 MODE    52 done.
 MODE    53 done.
 MODE    54 done.
 MODE    55 done.
 MODE    56 done.
 MODE    57 done.
 MODE    58 done.
 MODE    59 done.
 MODE    60 done.
 MODE    61 done.
 MODE    62 done.
 MODE    63 done.
 MODE    64 done.
 MODE    65 done.
 MODE    66 done.
 MODE    67 done.
 MODE    68 done.
 MODE    69 done.
 MODE    70 done.
 MODE    71 done.
 MODE    72 done.
 MODE    73 done.
 MODE    74 done.
 MODE    75 done.
 MODE    76 done.
 MODE    77 done.
 MODE    78 done.
 MODE    79 done.
 MODE    80 done.
 MODE    81 done.
 MODE    82 done.
 MODE    83 done.
 MODE    84 done.
 MODE    85 done.
 MODE    86 done.
 MODE    87 done.
 MODE    88 done.
 MODE    89 done.
 MODE    90 done.
 MODE    91 done.
 MODE    92 done.
 MODE    93 done.
 MODE    94 done.
 MODE    95 done.
 MODE    96 done.
 MODE    97 done.
 MODE    98 done.
 MODE    99 done.
 MODE   100 done.
 MODE   101 done.
 MODE   102 done.
 MODE   103 done.
 MODE   104 done.
 MODE   105 done.
 MODE   106 done.
 MODE   107 done.
 MODE   108 done.
 MODE   109 done.
 MODE   110 done.
 MODE   111 done.
 MODE   112 done.
 MODE   113 done.
 MODE   114 done.
 MODE   115 done.
 MODE   116 done.
 MODE   117 done.
 MODE   118 done.
 MODE   119 done.
 MODE   120 done.
 MODE   121 done.
 MODE   122 done.
 MODE   123 done.
 MODE   124 done.
 MODE   125 done.
 MODE   126 done.
 MODE   127 done.
 MODE   128 done.
 MODE   129 done.
 MODE   130 done.
 MODE   131 done.
 MODE   132 done.
 MODE   133 done.
 MODE   134 done.
 MODE   135 done.
 MODE   136 done.
 MODE   137 done.
 MODE   138 done.
 MODE   139 done.
 MODE   140 done.
 MODE   141 done.
 MODE   142 done.
 MODE   143 done.
 MODE   144 done.
 MODE   145 done.
 MODE   146 done.
 MODE   147 done.
 MODE   148 done.
 MODE   149 done.
 MODE   150 done.
 MODE   151 done.
 MODE   152 done.
 MODE   153 done.
 MODE   154 done.
 MODE   155 done.
 MODE   156 done.
 MODE   157 done.
 MODE   158 done.
 MODE   159 done.
 MODE   160 done.
 MODE   161 done.
 MODE   162 done.
 MODE   163 done.
 MODE   164 done.
 MODE   165 done.
 MODE   166 done.
 MODE   167 done.
 MODE   168 done.
 MODE   169 done.
 MODE   170 done.
 MODE   171 done.
 MODE   172 done.
 MODE   173 done.
 MODE   174 done.
 MODE   175 done.
 MODE   176 done.
 MODE   177 done.
 MODE   178 done.
 MODE   179 done.
 MODE   180 done.
 MODE   181 done.
 MODE   182 done.
 MODE   183 done.
 MODE   184 done.
 MODE   185 done.
 MODE   186 done.
 MODE   187 done.
 MODE   188 done.
 MODE   189 done.
 MODE   190 done.
 MODE   191 done.
 MODE   192 done.
 MODE   193 done.
 MODE   194 done.
 MODE   195 done.
 MODE   196 done.
 MODE   197 done.
 MODE   198 done.
 MODE   199 done.
 MODE   200 done.
 MODE   201 done.
 MODE   202 done.
 MODE   203 done.
 MODE   204 done.
 MODE   205 done.
 MODE   206 done.
 MODE   207 done.
 MODE   208 done.
 MODE   209 done.
 MODE   210 done.
 MODE   211 done.
 MODE   212 done.
 MODE   213 done.
 MODE   214 done.
 MODE   215 done.
 MODE   216 done.
 MODE   217 done.
 MODE   218 done.
 MODE   219 done.
 MODE   220 done.
 MODE   221 done.
 MODE   222 done.
 MODE   223 done.
 MODE   224 done.
 MODE   225 done.
 MODE   226 done.
 MODE   227 done.
 MODE   228 done.
 MODE   229 done.
 MODE   230 done.
 MODE   231 done.
 MODE   232 done.
 MODE   233 done.
 MODE   234 done.
 MODE   235 done.
 MODE   236 done.
 MODE   237 done.
 MODE   238 done.
 MODE   239 done.
 MODE   240 done.
 MODE   241 done.
 MODE   242 done.
 MODE   243 done.
 MODE   244 done.
 MODE   245 done.
 MODE   246 done.
 MODE   247 done.
 MODE   248 done.
 MODE   249 done.
 MODE   250 done.
 MODE   251 done.
 MODE   252 done.
 MODE   253 done.
 MODE   254 done.
 MODE   255 done.
 MODE   256 done.
 MODE   257 done.
 MODE   258 done.
 MODE   259 done.
 MODE   260 done.
 MODE   261 done.
 MODE   262 done.
 MODE   263 done.
 MODE   264 done.
 MODE   265 done.
 MODE   266 done.
 MODE   267 done.
 MODE   268 done.
 MODE   269 done.
 MODE   270 done.
 MODE   271 done.
 MODE   272 done.
 MODE   273 done.
 MODE   274 done.
 MODE   275 done.
 MODE   276 done.
 MODE   277 done.
 MODE   278 done.
 MODE   279 done.
 MODE   280 done.
 MODE   281 done.
 MODE   282 done.

 -----------------------------------------------------------------

 Lattice thermal conductivity is stored in the file si222.kl

 Job finished at Sun Jan 28 19:04:43 2018

