 +-----------------------------------------------------------------+
 +                         Program ALM                             +
 +                             Ver.  1.5.0                         +
 +-----------------------------------------------------------------+

 Number of OpenMP threads = 8

 Job started at Sat Apr  1 19:39:39 2023


 Input variables:
 -------------------------------------------------------------------
 General:
  PREFIX = super444_0.01
  MODE = suggest
  NAT = 128; NKD = 2
  PRINTSYM = 0; TOLERANCE = 0.001
  KD =   Pb  Te
  FCSYM_BASIS = Lattice
  PERIODIC =   1  1  1
  MAGMOM = 
  FCS_ALAMODE = 1;  NMAXSAVE = 5
  FC3_SHENGBTE = 0
  FC2_QEFC = 0
  HESSIAN = 0
  FC_ZERO_THR = 1e-12

 Interaction:
  NORDER = 1
  NBODY =   2

  DBASIS = CART

 -------------------------------------------------------------------

 SYSTEM
 ======

  Lattice Vector
    0.000000e+00   2.437747e+01   2.437747e+01 : a1
    2.437747e+01   0.000000e+00   2.437747e+01 : a2
    2.437747e+01   2.437747e+01   0.000000e+00 : a3

  Cell volume = 2.897315e+04

  Reciprocal Lattice Vector
   -1.288728e-01   1.288728e-01   1.288728e-01 : b1
    1.288728e-01  -1.288728e-01   1.288728e-01 : b2
    1.288728e-01   1.288728e-01  -1.288728e-01 : b3

  Atomic species:
     1   Pb
     2   Te

  Atomic positions in fractional basis and atomic species
     1   0.000000e+00   0.000000e+00   0.000000e+00    1
     2   0.000000e+00   0.000000e+00   2.500000e-01    1
     3   0.000000e+00   0.000000e+00   5.000000e-01    1
     4   0.000000e+00   0.000000e+00   7.500000e-01    1
     5   0.000000e+00   2.500000e-01   0.000000e+00    1
     6   0.000000e+00   2.500000e-01   2.500000e-01    1
     7   0.000000e+00   2.500000e-01   5.000000e-01    1
     8   0.000000e+00   2.500000e-01   7.500000e-01    1
     9   0.000000e+00   5.000000e-01   0.000000e+00    1
    10   0.000000e+00   5.000000e-01   2.500000e-01    1
    11   0.000000e+00   5.000000e-01   5.000000e-01    1
    12   0.000000e+00   5.000000e-01   7.500000e-01    1
    13   0.000000e+00   7.500000e-01   0.000000e+00    1
    14   0.000000e+00   7.500000e-01   2.500000e-01    1
    15   0.000000e+00   7.500000e-01   5.000000e-01    1
    16   0.000000e+00   7.500000e-01   7.500000e-01    1
    17   2.500000e-01   0.000000e+00   0.000000e+00    1
    18   2.500000e-01   0.000000e+00   2.500000e-01    1
    19   2.500000e-01   0.000000e+00   5.000000e-01    1
    20   2.500000e-01   0.000000e+00   7.500000e-01    1
    21   2.500000e-01   2.500000e-01   0.000000e+00    1
    22   2.500000e-01   2.500000e-01   2.500000e-01    1
    23   2.500000e-01   2.500000e-01   5.000000e-01    1
    24   2.500000e-01   2.500000e-01   7.500000e-01    1
    25   2.500000e-01   5.000000e-01   0.000000e+00    1
    26   2.500000e-01   5.000000e-01   2.500000e-01    1
    27   2.500000e-01   5.000000e-01   5.000000e-01    1
    28   2.500000e-01   5.000000e-01   7.500000e-01    1
    29   2.500000e-01   7.500000e-01   0.000000e+00    1
    30   2.500000e-01   7.500000e-01   2.500000e-01    1
    31   2.500000e-01   7.500000e-01   5.000000e-01    1
    32   2.500000e-01   7.500000e-01   7.500000e-01    1
    33   5.000000e-01   0.000000e+00   0.000000e+00    1
    34   5.000000e-01   0.000000e+00   2.500000e-01    1
    35   5.000000e-01   0.000000e+00   5.000000e-01    1
    36   5.000000e-01   0.000000e+00   7.500000e-01    1
    37   5.000000e-01   2.500000e-01   0.000000e+00    1
    38   5.000000e-01   2.500000e-01   2.500000e-01    1
    39   5.000000e-01   2.500000e-01   5.000000e-01    1
    40   5.000000e-01   2.500000e-01   7.500000e-01    1
    41   5.000000e-01   5.000000e-01   0.000000e+00    1
    42   5.000000e-01   5.000000e-01   2.500000e-01    1
    43   5.000000e-01   5.000000e-01   5.000000e-01    1
    44   5.000000e-01   5.000000e-01   7.500000e-01    1
    45   5.000000e-01   7.500000e-01   0.000000e+00    1
    46   5.000000e-01   7.500000e-01   2.500000e-01    1
    47   5.000000e-01   7.500000e-01   5.000000e-01    1
    48   5.000000e-01   7.500000e-01   7.500000e-01    1
    49   7.500000e-01   0.000000e+00   0.000000e+00    1
    50   7.500000e-01   0.000000e+00   2.500000e-01    1
    51   7.500000e-01   0.000000e+00   5.000000e-01    1
    52   7.500000e-01   0.000000e+00   7.500000e-01    1
    53   7.500000e-01   2.500000e-01   0.000000e+00    1
    54   7.500000e-01   2.500000e-01   2.500000e-01    1
    55   7.500000e-01   2.500000e-01   5.000000e-01    1
    56   7.500000e-01   2.500000e-01   7.500000e-01    1
    57   7.500000e-01   5.000000e-01   0.000000e+00    1
    58   7.500000e-01   5.000000e-01   2.500000e-01    1
    59   7.500000e-01   5.000000e-01   5.000000e-01    1
    60   7.500000e-01   5.000000e-01   7.500000e-01    1
    61   7.500000e-01   7.500000e-01   0.000000e+00    1
    62   7.500000e-01   7.500000e-01   2.500000e-01    1
    63   7.500000e-01   7.500000e-01   5.000000e-01    1
    64   7.500000e-01   7.500000e-01   7.500000e-01    1
    65   1.250000e-01   1.250000e-01   1.250000e-01    2
    66   1.250000e-01   1.250000e-01   3.750000e-01    2
    67   1.250000e-01   1.250000e-01   6.250000e-01    2
    68   1.250000e-01   1.250000e-01   8.750000e-01    2
    69   1.250000e-01   3.750000e-01   1.250000e-01    2
    70   1.250000e-01   3.750000e-01   3.750000e-01    2
    71   1.250000e-01   3.750000e-01   6.250000e-01    2
    72   1.250000e-01   3.750000e-01   8.750000e-01    2
    73   1.250000e-01   6.250000e-01   1.250000e-01    2
    74   1.250000e-01   6.250000e-01   3.750000e-01    2
    75   1.250000e-01   6.250000e-01   6.250000e-01    2
    76   1.250000e-01   6.250000e-01   8.750000e-01    2
    77   1.250000e-01   8.750000e-01   1.250000e-01    2
    78   1.250000e-01   8.750000e-01   3.750000e-01    2
    79   1.250000e-01   8.750000e-01   6.250000e-01    2
    80   1.250000e-01   8.750000e-01   8.750000e-01    2
    81   3.750000e-01   1.250000e-01   1.250000e-01    2
    82   3.750000e-01   1.250000e-01   3.750000e-01    2
    83   3.750000e-01   1.250000e-01   6.250000e-01    2
    84   3.750000e-01   1.250000e-01   8.750000e-01    2
    85   3.750000e-01   3.750000e-01   1.250000e-01    2
    86   3.750000e-01   3.750000e-01   3.750000e-01    2
    87   3.750000e-01   3.750000e-01   6.250000e-01    2
    88   3.750000e-01   3.750000e-01   8.750000e-01    2
    89   3.750000e-01   6.250000e-01   1.250000e-01    2
    90   3.750000e-01   6.250000e-01   3.750000e-01    2
    91   3.750000e-01   6.250000e-01   6.250000e-01    2
    92   3.750000e-01   6.250000e-01   8.750000e-01    2
    93   3.750000e-01   8.750000e-01   1.250000e-01    2
    94   3.750000e-01   8.750000e-01   3.750000e-01    2
    95   3.750000e-01   8.750000e-01   6.250000e-01    2
    96   3.750000e-01   8.750000e-01   8.750000e-01    2
    97   6.250000e-01   1.250000e-01   1.250000e-01    2
    98   6.250000e-01   1.250000e-01   3.750000e-01    2
    99   6.250000e-01   1.250000e-01   6.250000e-01    2
   100   6.250000e-01   1.250000e-01   8.750000e-01    2
   101   6.250000e-01   3.750000e-01   1.250000e-01    2
   102   6.250000e-01   3.750000e-01   3.750000e-01    2
   103   6.250000e-01   3.750000e-01   6.250000e-01    2
   104   6.250000e-01   3.750000e-01   8.750000e-01    2
   105   6.250000e-01   6.250000e-01   1.250000e-01    2
   106   6.250000e-01   6.250000e-01   3.750000e-01    2
   107   6.250000e-01   6.250000e-01   6.250000e-01    2
   108   6.250000e-01   6.250000e-01   8.750000e-01    2
   109   6.250000e-01   8.750000e-01   1.250000e-01    2
   110   6.250000e-01   8.750000e-01   3.750000e-01    2
   111   6.250000e-01   8.750000e-01   6.250000e-01    2
   112   6.250000e-01   8.750000e-01   8.750000e-01    2
   113   8.750000e-01   1.250000e-01   1.250000e-01    2
   114   8.750000e-01   1.250000e-01   3.750000e-01    2
   115   8.750000e-01   1.250000e-01   6.250000e-01    2
   116   8.750000e-01   1.250000e-01   8.750000e-01    2
   117   8.750000e-01   3.750000e-01   1.250000e-01    2
   118   8.750000e-01   3.750000e-01   3.750000e-01    2
   119   8.750000e-01   3.750000e-01   6.250000e-01    2
   120   8.750000e-01   3.750000e-01   8.750000e-01    2
   121   8.750000e-01   6.250000e-01   1.250000e-01    2
   122   8.750000e-01   6.250000e-01   3.750000e-01    2
   123   8.750000e-01   6.250000e-01   6.250000e-01    2
   124   8.750000e-01   6.250000e-01   8.750000e-01    2
   125   8.750000e-01   8.750000e-01   1.250000e-01    2
   126   8.750000e-01   8.750000e-01   3.750000e-01    2
   127   8.750000e-01   8.750000e-01   6.250000e-01    2
   128   8.750000e-01   8.750000e-01   8.750000e-01    2


  Time Elapsed: 0.00264 sec.

 -------------------------------------------------------------------

 SYMMETRY
 ========

  Space group: Fm-3m (225)
  Number of symmetry operations = 3072

  Given system is not a primitive cell.
  There are    64 translation operations.
  Primitive cell contains 2 atoms

  **Cell-Atom Correspondens Below**
  CELL |  ATOM
     1 |     1   65
     2 |     2   66
     3 |     3   67
     4 |     4   68
     5 |     5   69
     6 |     6   70
     7 |     7   71
     8 |     8   72
     9 |     9   73
    10 |    10   74
    11 |    11   75
    12 |    12   76
    13 |    13   77
    14 |    14   78
    15 |    15   79
    16 |    16   80
    17 |    17   81
    18 |    18   82
    19 |    19   83
    20 |    20   84
    21 |    21   85
    22 |    22   86
    23 |    23   87
    24 |    24   88
    25 |    25   89
    26 |    26   90
    27 |    27   91
    28 |    28   92
    29 |    29   93
    30 |    30   94
    31 |    31   95
    32 |    32   96
    33 |    33   97
    34 |    34   98
    35 |    35   99
    36 |    36  100
    37 |    37  101
    38 |    38  102
    39 |    39  103
    40 |    40  104
    41 |    41  105
    42 |    42  106
    43 |    43  107
    44 |    44  108
    45 |    45  109
    46 |    46  110
    47 |    47  111
    48 |    48  112
    49 |    49  113
    50 |    50  114
    51 |    51  115
    52 |    52  116
    53 |    53  117
    54 |    54  118
    55 |    55  119
    56 |    56  120
    57 |    57  121
    58 |    58  122
    59 |    59  123
    60 |    60  124
    61 |    61  125
    62 |    62  126
    63 |    63  127
    64 |    64  128

  Time Elapsed: 0.081534 sec.

 -------------------------------------------------------------------

 INTERACTION
 ===========

  +++ Cutoff Radii Matrix (NKD x NKD matrix) +++
   HARMONIC
     None     None
     None     None


  List of neighboring atoms below.
  Format [N th-nearest shell, distance (Number of atoms on the shell)]

    1 ( Pb):   1   6.09437 (  6) -  68( Te)  77( Te)  80( Te) 113( Te)
                                   116( Te) 125( Te)
               2   8.61874 ( 12) -   2( Pb)   4( Pb)   5( Pb)   8( Pb)
                                    13( Pb)  14( Pb)  17( Pb)  20( Pb)
                                    29( Pb)  49( Pb)  50( Pb)  53( Pb)
               3   10.5558 (  8) -  65( Te)  67( Te)  73( Te)  96( Te)
                                    97( Te) 120( Te) 126( Te) 128( Te)
               4   12.1887 (  6) -  24( Pb)  30( Pb)  32( Pb)  54( Pb)
                                    56( Pb)  62( Pb)
               5   13.6274 ( 24) -  71( Te)  72( Te)  74( Te)  76( Te)
                                    78( Te)  79( Te)  83( Te)  84( Te)
                                    89( Te)  92( Te)  93( Te)  95( Te)
                                    98( Te) 100( Te) 101( Te) 104( Te)
                                   109( Te) 110( Te) 114( Te) 115( Te)
                                   117( Te) 119( Te) 121( Te) 122( Te)
               6   14.9281 ( 24) -   6( Pb)   7( Pb)  10( Pb)  12( Pb)
                                    15( Pb)  16( Pb)  18( Pb)  19( Pb)
                                    21( Pb)  23( Pb)  25( Pb)  26( Pb)
                                    34( Pb)  36( Pb)  37( Pb)  38( Pb)
                                    45( Pb)  48( Pb)  51( Pb)  52( Pb)
                                    57( Pb)  60( Pb)  61( Pb)  63( Pb)
               7   17.2375 (  6) -   3( Pb)   9( Pb)  11( Pb)  33( Pb)
                                    35( Pb)  41( Pb)
               8   18.2831 ( 18) -  66( Te)  69( Te)  70( Te)  81( Te)
                                    82( Te)  85( Te)  87( Te)  90( Te)
                                    91( Te) 102( Te) 103( Te) 106( Te)
                                   108( Te) 111( Te) 112( Te) 123( Te)
                                   124( Te) 127( Te)
               9   19.2721 ( 12) -  27( Pb)  28( Pb)  31( Pb)  39( Pb)
                                    40( Pb)  42( Pb)  44( Pb)  46( Pb)
                                    47( Pb)  55( Pb)  58( Pb)  59( Pb)
              10   20.2127 (  8) -  75( Te)  86( Te)  88( Te)  94( Te)
                                    99( Te) 105( Te) 107( Te) 118( Te)
              11   21.1115 (  2) -  22( Pb)  64( Pb)
              12   24.3775 (  1) -  43( Pb)

   65 ( Te):   1   6.09437 (  6) -   2( Pb)   5( Pb)   6( Pb)  17( Pb)
                                    18( Pb)  21( Pb)
               2   8.61874 ( 12) -  66( Te)  68( Te)  69( Te)  72( Te)
                                    77( Te)  78( Te)  81( Te)  84( Te)
                                    93( Te) 113( Te) 114( Te) 117( Te)
               3   10.5558 (  8) -   1( Pb)   3( Pb)   9( Pb)  22( Pb)
                                    24( Pb)  30( Pb)  33( Pb)  54( Pb)
               4   12.1887 (  6) -  88( Te)  94( Te)  96( Te) 118( Te)
                                   120( Te) 126( Te)
               5   13.6274 ( 24) -   7( Pb)   8( Pb)  10( Pb)  12( Pb)
                                    14( Pb)  15( Pb)  19( Pb)  20( Pb)
                                    25( Pb)  28( Pb)  29( Pb)  31( Pb)
                                    34( Pb)  36( Pb)  37( Pb)  40( Pb)
                                    45( Pb)  46( Pb)  50( Pb)  51( Pb)
                                    53( Pb)  55( Pb)  57( Pb)  58( Pb)
               6   14.9281 ( 24) -  70( Te)  71( Te)  74( Te)  76( Te)
                                    79( Te)  80( Te)  82( Te)  83( Te)
                                    85( Te)  87( Te)  89( Te)  90( Te)
                                    98( Te) 100( Te) 101( Te) 102( Te)
                                   109( Te) 112( Te) 115( Te) 116( Te)
                                   121( Te) 124( Te) 125( Te) 127( Te)
               7   17.2375 (  6) -  67( Te)  73( Te)  75( Te)  97( Te)
                                    99( Te) 105( Te)
               8   18.2831 ( 18) -   4( Pb)  13( Pb)  16( Pb)  23( Pb)
                                    26( Pb)  27( Pb)  38( Pb)  39( Pb)
                                    42( Pb)  44( Pb)  47( Pb)  48( Pb)
                                    49( Pb)  52( Pb)  59( Pb)  60( Pb)
                                    61( Pb)  63( Pb)
               9   19.2721 ( 12) -  91( Te)  92( Te)  95( Te) 103( Te)
                                   104( Te) 106( Te) 108( Te) 110( Te)
                                   111( Te) 119( Te) 122( Te) 123( Te)
              10   20.2127 (  8) -  11( Pb)  32( Pb)  35( Pb)  41( Pb)
                                    43( Pb)  56( Pb)  62( Pb)  64( Pb)
              11   21.1115 (  2) -  86( Te) 128( Te)
              12   24.3775 (  1) - 107( Te)

  Time Elapsed: 0.09747 sec.

 -------------------------------------------------------------------

 FORCE CONSTANT
 ==============

  Symmetry is handled in crystallographic (fractional) coordinates.

  Number of  HARMONIC FCs : 148

  Time Elapsed: 0.100677 sec.

 -------------------------------------------------------------------

 DISPLACEMENT PATTERN
 ====================

  Number of free HARMONIC FCs : 52

  Generating displacement patterns in Cartesian coordinate...  done!

  Number of disp. patterns for  HARMONIC : 2

 Suggested displacement patterns are printed in the following files: 
  HARMONIC : super444_0.01.pattern_HARMONIC


 Job finished at Sat Apr  1 19:39:39 2023

