 +-----------------------------------------------------------------+
 +                         Program ALM                             +
 +                             Ver.  1.4.0                         +
 +-----------------------------------------------------------------+

 Number of OpenMP threads = 8

 Job started at Thu Jun 23 17:20:32 2022


 Input variables:
 -------------------------------------------------------------------
 General:
  PREFIX = STO222
  MODE = optimize
  NAT = 40; NKD = 3
  PRINTSYM = 0; TOLERANCE = 0.001
  KD =   Sr  Ti   O
  FCSYM_BASIS = Lattice
  PERIODIC =   1  1  1
  MAGMOM = 
  FCS_ALAMODE = 1;  NMAXSAVE = 5
  FC3_SHENGBTE = 0
  FC2_QEFC = 0
  HESSIAN = 0
  FC_ZERO_THR = 0

 Interaction:
  NORDER = 1
  NBODY =   2

 Optimize:
  LMODEL = least-squares
  DFSET = ../data/DFSET_harmonic
  NDATA = 4; NSTART = 1; NEND = 4   SKIP = 

  ICONST = 11
  ROTAXIS = 
  FC2XML = 
  FC3XML = 

  SPARSE = 0
  SPARSESOLVER = SimplicialLDLT
  CONV_TOL = 1e-08
  MAXITER = 10000
  MIRROR_IMAGE_CONV = 0

 -------------------------------------------------------------------

 SYSTEM
 ======

  Lattice Vector
    1.472600e+01   0.000000e+00   0.000000e+00 : a1
    0.000000e+00   1.472600e+01   0.000000e+00 : a2
    0.000000e+00   0.000000e+00   1.472600e+01 : a3

  Cell volume = 3.193408e+03

  Reciprocal Lattice Vector
    4.266729e-01   0.000000e+00   0.000000e+00 : b1
    0.000000e+00   4.266729e-01   0.000000e+00 : b2
    0.000000e+00   0.000000e+00   4.266729e-01 : b3

  Atomic species:
     1   Sr
     2   Ti
     3    O

  Atomic positions in fractional basis and atomic species
     1   0.000000e+00   0.000000e+00   0.000000e+00    1
     2   0.000000e+00   0.000000e+00   5.000000e-01    1
     3   0.000000e+00   5.000000e-01   0.000000e+00    1
     4   0.000000e+00   5.000000e-01   5.000000e-01    1
     5   5.000000e-01   0.000000e+00   0.000000e+00    1
     6   5.000000e-01   0.000000e+00   5.000000e-01    1
     7   5.000000e-01   5.000000e-01   0.000000e+00    1
     8   5.000000e-01   5.000000e-01   5.000000e-01    1
     9   2.500000e-01   2.500000e-01   2.500000e-01    2
    10   2.500000e-01   2.500000e-01   7.500000e-01    2
    11   2.500000e-01   7.500000e-01   2.500000e-01    2
    12   2.500000e-01   7.500000e-01   7.500000e-01    2
    13   7.500000e-01   2.500000e-01   2.500000e-01    2
    14   7.500000e-01   2.500000e-01   7.500000e-01    2
    15   7.500000e-01   7.500000e-01   2.500000e-01    2
    16   7.500000e-01   7.500000e-01   7.500000e-01    2
    17   0.000000e+00   2.500000e-01   2.500000e-01    3
    18   0.000000e+00   2.500000e-01   7.500000e-01    3
    19   0.000000e+00   7.500000e-01   2.500000e-01    3
    20   0.000000e+00   7.500000e-01   7.500000e-01    3
    21   2.500000e-01   0.000000e+00   2.500000e-01    3
    22   2.500000e-01   0.000000e+00   7.500000e-01    3
    23   2.500000e-01   2.500000e-01   0.000000e+00    3
    24   2.500000e-01   2.500000e-01   5.000000e-01    3
    25   2.500000e-01   5.000000e-01   2.500000e-01    3
    26   2.500000e-01   5.000000e-01   7.500000e-01    3
    27   2.500000e-01   7.500000e-01   0.000000e+00    3
    28   2.500000e-01   7.500000e-01   5.000000e-01    3
    29   5.000000e-01   2.500000e-01   2.500000e-01    3
    30   5.000000e-01   2.500000e-01   7.500000e-01    3
    31   5.000000e-01   7.500000e-01   2.500000e-01    3
    32   5.000000e-01   7.500000e-01   7.500000e-01    3
    33   7.500000e-01   0.000000e+00   2.500000e-01    3
    34   7.500000e-01   0.000000e+00   7.500000e-01    3
    35   7.500000e-01   2.500000e-01   0.000000e+00    3
    36   7.500000e-01   2.500000e-01   5.000000e-01    3
    37   7.500000e-01   5.000000e-01   2.500000e-01    3
    38   7.500000e-01   5.000000e-01   7.500000e-01    3
    39   7.500000e-01   7.500000e-01   0.000000e+00    3
    40   7.500000e-01   7.500000e-01   5.000000e-01    3


  Time Elapsed: 0.002829 sec.

 -------------------------------------------------------------------

 SYMMETRY
 ========

  Space group: Pm-3m (221)
  Number of symmetry operations = 384

  Given system is not a primitive cell.
  There are     8 translation operations.
  Primitive cell contains 5 atoms

  **Cell-Atom Correspondens Below**
  CELL |  ATOM
     1 |     1    9   17   21   23
       | 
     2 |     2   10   18   22   24
       | 
     3 |     3   11   19   25   27
       | 
     4 |     4   12   20   26   28
       | 
     5 |     5   13   29   33   35
       | 
     6 |     6   14   30   34   36
       | 
     7 |     7   15   31   37   39
       | 
     8 |     8   16   32   38   40
       | 

  Time Elapsed: 0.021222 sec.

 -------------------------------------------------------------------

 INTERACTION
 ===========

  +++ Cutoff Radii Matrix (NKD x NKD matrix) +++
   HARMONIC
     None     None     None
     None     None     None
     None     None     None


  List of neighboring atoms below.
  Format [N th-nearest shell, distance (Number of atoms on the shell)]

    1 ( Sr):   1   5.20643 ( 12) -  17(  O)  18(  O)  19(  O)  20(  O)
                                    21(  O)  22(  O)  23(  O)  27(  O)
                                    33(  O)  34(  O)  35(  O)  39(  O)
               2   6.37655 (  8) -   9( Ti)  10( Ti)  11( Ti)  12( Ti)
                                    13( Ti)  14( Ti)  15( Ti)  16( Ti)
               3     7.363 (  3) -   2( Sr)   3( Sr)   5( Sr)
               4    9.0178 ( 12) -  24(  O)  25(  O)  26(  O)  28(  O)
                                    29(  O)  30(  O)  31(  O)  32(  O)
                                    36(  O)  37(  O)  38(  O)  40(  O)
               5   10.4129 (  3) -   4( Sr)   6( Sr)   7( Sr)
               6   12.7531 (  1) -   8( Sr)

    9 ( Ti):   1    3.6815 (  6) -  17(  O)  21(  O)  23(  O)  24(  O)
                                    25(  O)  29(  O)
               2   6.37655 (  8) -   1( Sr)   2( Sr)   3( Sr)   4( Sr)
                                     5( Sr)   6( Sr)   7( Sr)   8( Sr)
               3     7.363 (  3) -  10( Ti)  11( Ti)  13( Ti)
               4   8.23208 ( 12) -  18(  O)  19(  O)  22(  O)  26(  O)
                                    27(  O)  28(  O)  30(  O)  31(  O)
                                    33(  O)  35(  O)  36(  O)  37(  O)
               5   10.4129 (  3) -  12( Ti)  14( Ti)  15( Ti)
               6   11.0445 (  6) -  20(  O)  32(  O)  34(  O)  38(  O)
                                    39(  O)  40(  O)
               7   12.7531 (  1) -  16( Ti)

   17 (  O):   1    3.6815 (  2) -   9( Ti)  13( Ti)
               2   5.20643 ( 12) -   1( Sr)   2( Sr)   3( Sr)   4( Sr)
                                    21(  O)  23(  O)  24(  O)  25(  O)
                                    33(  O)  35(  O)  36(  O)  37(  O)
               3     7.363 (  3) -  18(  O)  19(  O)  29(  O)
               4   8.23208 (  4) -  10( Ti)  11( Ti)  14( Ti)  15( Ti)
               5    9.0178 ( 12) -   5( Sr)   6( Sr)   7( Sr)   8( Sr)
                                    22(  O)  26(  O)  27(  O)  28(  O)
                                    34(  O)  38(  O)  39(  O)  40(  O)
               6   10.4129 (  3) -  20(  O)  30(  O)  31(  O)
               7   11.0445 (  2) -  12( Ti)  16( Ti)
               8   12.7531 (  1) -  32(  O)

   21 (  O):   1    3.6815 (  2) -   9( Ti)  11( Ti)
               2   5.20643 ( 12) -   1( Sr)   2( Sr)   5( Sr)   6( Sr)
                                    17(  O)  19(  O)  23(  O)  24(  O)
                                    27(  O)  28(  O)  29(  O)  31(  O)
               3     7.363 (  3) -  22(  O)  25(  O)  33(  O)
               4   8.23208 (  4) -  10( Ti)  12( Ti)  13( Ti)  15( Ti)
               5    9.0178 ( 12) -   3( Sr)   4( Sr)   7( Sr)   8( Sr)
                                    18(  O)  20(  O)  30(  O)  32(  O)
                                    35(  O)  36(  O)  39(  O)  40(  O)
               6   10.4129 (  3) -  26(  O)  34(  O)  37(  O)
               7   11.0445 (  2) -  14( Ti)  16( Ti)
               8   12.7531 (  1) -  38(  O)

   23 (  O):   1    3.6815 (  2) -   9( Ti)  10( Ti)
               2   5.20643 ( 12) -   1( Sr)   3( Sr)   5( Sr)   7( Sr)
                                    17(  O)  18(  O)  21(  O)  22(  O)
                                    25(  O)  26(  O)  29(  O)  30(  O)
               3     7.363 (  3) -  24(  O)  27(  O)  35(  O)
               4   8.23208 (  4) -  11( Ti)  12( Ti)  13( Ti)  14( Ti)
               5    9.0178 ( 12) -   2( Sr)   4( Sr)   6( Sr)   8( Sr)
                                    19(  O)  20(  O)  31(  O)  32(  O)
                                    33(  O)  34(  O)  37(  O)  38(  O)
               6   10.4129 (  3) -  28(  O)  36(  O)  39(  O)
               7   11.0445 (  2) -  15( Ti)  16( Ti)
               8   12.7531 (  1) -  40(  O)

  Time Elapsed: 0.023888 sec.

 -------------------------------------------------------------------

 FORCE CONSTANT
 ==============

  Symmetry is handled in crystallographic (fractional) coordinates.

  Number of  HARMONIC FCs : 49

  Time Elapsed: 0.028384 sec.

 -------------------------------------------------------------------

 CONSTRAINT
 ==========

  ICONST = 1: Constraints for translational invariance
              will be considered.

  Generating constraints for translational invariance ...
   HARMONIC ... done.
  Finished !

  Number of constraints [T-inv, R-inv (self), R-inv (cross)]:
   HARMONIC      4    0    0

  Constraints of T-inv and R-inv (self) are merged.
  If there are redundant constraints, they are removed in this process.

  Number of inequivalent constraints (self, cross) : 
   HARMONIC      4    0

  ICONST >= 10 : Constraints will be considered algebraically.

  Number of free HARMONIC FCs : 45

  Time Elapsed: 0.029052 sec.

 -------------------------------------------------------------------

 OPTIMIZATION
 ============

  LMODEL = least-squares

  Training data file (DFSET) : ../data/DFSET_harmonic

  NSTART = 1; NEND = 4
  4 entries will be used for training.

  Total Number of Parameters : 49
  Total Number of Free Parameters : 45

  Entering fitting routine: SVD with constraints considered algebraically.
  SVD has started ... finished !

  RANK of the matrix = 45

  Residual sum of squares for the solution: 0.000208475
  Fitting error (%) : 1.53358

  Time Elapsed: 0.033557 sec.

 -------------------------------------------------------------------

 The following files are created:

 Force constants in a human-readable format : STO222.fcs
 Input data for the phonon code ANPHON      : STO222.xml

 Job finished at Thu Jun 23 17:20:32 2022

