 +-----------------------------------------------------------------+
 +                         Program ANPHON                          +
 +                             Ver.  1.4.0                         +
 +-----------------------------------------------------------------+

 Job started at Sat Jun 25 02:32:04 2022

 The number of MPI processes: 1
 The number of OpenMP threads: 4


 Input variables:
 -----------------------------------------------------------------
 General:
  PREFIX = STO_scph2-2
  MODE = SCPH
  FCSXML = STO_anharm.xml

  NKD = 3; KD =   Sr  Ti   O
  MASS = 
  NSYM = 0; TOLERANCE = 0.001; PRINTSYM = 0

  NONANALYTIC = 2
  BORNINFO = BORN; NA_SIGMA = 0.1

  TMIN = 0; TMAX = 1000; DT = 50
  EMIN = 0; EMAX = 1000; DELTA_E = 10

  ISMEAR = -1; EPSILON = 10

  CLASSICAL = 0
  BCONNECT = 0

 Scph:
  KMESH_INTERPOLATE =     2    2    2
  KMESH_SCPH        =     2    2    2
  SELF_OFFDIAG = 0
  IALGO = 0

  RESTART_SCPH = 0
  LOWER_TEMP = 1
  WARMSTART = 1

  TOL_SCPH = 1e-10
  MAXITER = 500
  MIXALPHA = 0.2

 Kpoint:
  KPMODE (1st entry for &kpoint) = 1


 Analysis:


 -----------------------------------------------------------------

                        MODE = SCPH                           
                                                             
      Self-consistent phonon calculation to estimate         
      anharmonic phonon frequencies.                         
      Harmonic and quartic force constants will be used.  

 -----------------------------------------------------------------

 Crystal structure
 =================

 Lattice Vectors:

 * Supercell (from STO_anharm.xml )

    1.472600e+01   0.000000e+00   0.000000e+00 : a1
    0.000000e+00   1.472600e+01   0.000000e+00 : a2
    0.000000e+00   0.000000e+00   1.472600e+01 : a3

    4.266729e-01   0.000000e+00   0.000000e+00 : b1
    0.000000e+00   4.266729e-01   0.000000e+00 : b2
    0.000000e+00   0.000000e+00   4.266729e-01 : b3

 * Primitive cell 

    7.363000e+00   0.000000e+00   0.000000e+00 : a1
    0.000000e+00   7.363000e+00   0.000000e+00 : a2
    0.000000e+00   0.000000e+00   7.363000e+00 : a3

    8.533458e-01   0.000000e+00   0.000000e+00 : b1
    0.000000e+00   8.533458e-01   0.000000e+00 : b2
    0.000000e+00   0.000000e+00   8.533458e-01 : b3


  Volume of the primitive cell : 3.991760e+02 (a.u.)^3

  Number of atoms in the supercell     : 40
  Number of atoms in the primitive cell: 5

  Atomic positions in the primitive cell (fractional):
   1:   0.000000e+00   0.000000e+00   0.000000e+00  Sr
   2:   5.000000e-01   5.000000e-01   5.000000e-01  Ti
   3:   0.000000e+00   5.000000e-01   5.000000e-01   O
   4:   5.000000e-01   0.000000e+00   5.000000e-01   O
   5:   5.000000e-01   5.000000e-01   0.000000e+00   O

  Mass of atomic species (u):
  Sr:   87.620000
  Ti:   47.867000
   O:   15.999400


 Symmetry
 ========

  NSYM = 0 is given: Trying to find symmetry operations.
  Number of symmetry operations : 48

 k points
 ========

  KPMODE = 1: Band structure calculation
  Number of paths : 5

  List of k paths : 
   1:  G (  0.0000  0.0000  0.0000)  X (  0.5000  0.0000  0.0000)  51
   2:  X (  0.5000  0.0000  0.0000)  M (  0.5000  0.5000  0.0000)  51
   3:  M (  0.5000  0.5000  0.0000)  G (  0.0000  0.0000  0.0000)  51
   4:  G (  0.0000  0.0000  0.0000)  R (  0.5000  0.5000  0.5000)  51
   5:  R (  0.5000  0.5000  0.5000)  M (  0.5000  0.5000  0.0000)  51

  Number of k points : 255

 Force constant
 ==============

  Reading force constants from the XML file ... done !
  Number of non-zero IFCs for 2 order: 1593
  Number of non-zero IFCs for 3 order: 298068
  Number of non-zero IFCs for 4 order: 5171883

  Maximum deviation from the translational invariance: 
   Order 2 :   2.3571e-16
   Order 3 :   4.9852e-16
   Order 4 :   1.2974e-15


 Dynamical matrix
 ================

  NONANALYTIC = 2 : Non-analytic part of the dynamical matrix will be included 
                    by the mixed-space approach.

  Dielectric constants and Born effective charges are read from BORN.

  Dielectric constant tensor in Cartesian coordinate : 
     6.3514e+00     0.0000e+00    -0.0000e+00
     0.0000e+00     6.3514e+00     0.0000e+00
    -0.0000e+00     0.0000e+00     6.3514e+00

  Born effective charge tensor in Cartesian coordinate
  Atom    1( Sr) :
       2.552785       0.000000      -0.000000
       0.000000       2.552785      -0.000000
      -0.000000       0.000000       2.552785
  Atom    2( Ti) :
       7.348792       0.000000       0.000000
       0.000000       7.348792      -0.000000
      -0.000000       0.000000       7.348792
  Atom    3(  O) :
      -5.821233      -0.000000       0.000000
       0.000000      -2.040172       0.000000
       0.000000       0.000000      -2.040172
  Atom    4(  O) :
      -2.040172       0.000000       0.000000
      -0.000000      -5.821233       0.000000
      -0.000000       0.000000      -2.040172
  Atom    5(  O) :
      -2.040172      -0.000000       0.000000
       0.000000      -2.040172       0.000000
       0.000000      -0.000000      -5.821233

 -----------------------------------------------------------------


 ISMEAR = -1: Tetrahedron method will be used.

 Now, move on to phonon calculations.

 Diagonalizing dynamical matrices for all k points ... done!
 Setting up the SCPH calculations ...

  Gamma-centered uniform grid with the following mesh density:
  nk1:    2
  nk2:    2
  nk3:    2

  Number of k points : 8
  Number of irreducible k points : 4

  Fourier interpolation from reciprocal to real space
  will be performed with the following mesh density:
  nk1:    2
  nk2:    2
  nk3:    2

  Number of k points : 8
  Number of irreducible k points : 4

 Diagonalizing dynamical matrices for all k points ... done !
 Preparing for calculating V4  ... done!
 SELF_OFFDIAG = 0: Calculating diagonal components of v4_array ...  done !

 Time Elapsed: 5.798210e+01 sec.

 Temperature = 1.000000e+03 K
  SCPH ITER     1 :  DIFF = N/A
  SCPH ITER     2 :  DIFF =    2.135377e-04
  SCPH ITER     3 :  DIFF =    1.946791e-04
  SCPH ITER     4 :  DIFF =    1.700027e-04
  SCPH ITER     5 :  DIFF =    1.440676e-04
  SCPH ITER     6 :  DIFF =    1.213753e-04
  SCPH ITER     7 :  DIFF =    1.006089e-04
  SCPH ITER     8 :  DIFF =    8.339638e-05
  SCPH ITER     9 :  DIFF =    6.780991e-05
  SCPH ITER    10 :  DIFF =    5.434949e-05
  SCPH ITER    11 :  DIFF =    4.137406e-05
  SCPH ITER    12 :  DIFF =    3.328487e-05
  SCPH ITER    13 :  DIFF =    2.519484e-05
  SCPH ITER    14 :  DIFF =    1.855642e-05
  SCPH ITER    15 :  DIFF =    1.330847e-05
  SCPH ITER    16 :  DIFF =    9.287778e-06
  SCPH ITER    17 :  DIFF =    5.930508e-06
  SCPH ITER    18 :  DIFF =    4.254486e-06
  SCPH ITER    19 :  DIFF =    2.829259e-06
  SCPH ITER    20 :  DIFF =    1.876995e-06
  SCPH ITER    21 :  DIFF =    1.250646e-06
  SCPH ITER    22 :  DIFF =    8.421296e-07
  SCPH ITER    23 :  DIFF =    5.761328e-07
  SCPH ITER    24 :  DIFF =    4.020537e-07
  SCPH ITER    25 :  DIFF =    2.867596e-07
  SCPH ITER    26 :  DIFF =    2.089821e-07
  SCPH ITER    27 :  DIFF =    1.552822e-07
  SCPH ITER    28 :  DIFF =    1.172570e-07
  SCPH ITER    29 :  DIFF =    8.966581e-08
  SCPH ITER    30 :  DIFF =    6.921375e-08
  SCPH ITER    31 :  DIFF =    5.378987e-08
  SCPH ITER    32 :  DIFF =    4.200401e-08
  SCPH ITER    33 :  DIFF =    3.291094e-08
  SCPH ITER    34 :  DIFF =    2.584705e-08
  SCPH ITER    35 :  DIFF =    2.033295e-08
  SCPH ITER    36 :  DIFF =    1.601405e-08
  SCPH ITER    37 :  DIFF =    1.262327e-08
  SCPH ITER    38 :  DIFF =    9.956695e-09
  SCPH ITER    39 :  DIFF =    7.857147e-09
  SCPH ITER    40 :  DIFF =    6.202599e-09
  SCPH ITER    41 :  DIFF =    4.897899e-09
  SCPH ITER    42 :  DIFF =    3.868594e-09
  SCPH ITER    43 :  DIFF =    3.056215e-09
  SCPH ITER    44 :  DIFF =    2.414826e-09
  SCPH ITER    45 :  DIFF =    1.908343e-09
  SCPH ITER    46 :  DIFF =    1.508254e-09
  SCPH ITER    47 :  DIFF =    1.192190e-09
  SCPH ITER    48 :  DIFF =    9.425748e-10
  SCPH ITER    49 :  DIFF =    7.451522e-10
  SCPH ITER    50 :  DIFF =    5.891905e-10
  SCPH ITER    51 :  DIFF =    4.659592e-10
  SCPH ITER    52 :  DIFF =    3.685749e-10
  SCPH ITER    53 :  DIFF =    2.921386e-10
  SCPH ITER    54 :  DIFF =    2.310750e-10
  SCPH ITER    55 :  DIFF =    1.825647e-10
  SCPH ITER    56 :  DIFF =    1.443913e-10
  SCPH ITER    57 :  DIFF =    1.143219e-10
  SCPH ITER    58 :  DIFF =    9.043531e-11
  DIFF < SCPH_TOL : break SCPH loop
 Temp = 1.000000e+03 : convergence achieved in    58 iterations.
 Temperature = 9.500000e+02 K
  SCPH ITER     1 :  DIFF = N/A
  SCPH ITER     2 :  DIFF =    2.443242e-06
  SCPH ITER     3 :  DIFF =    1.588630e-06
  SCPH ITER     4 :  DIFF =    1.045057e-06
  SCPH ITER     5 :  DIFF =    6.939875e-07
  SCPH ITER     6 :  DIFF =    4.645747e-07
  SCPH ITER     7 :  DIFF =    3.132006e-07
  SCPH ITER     8 :  DIFF =    2.124731e-07
  SCPH ITER     9 :  DIFF =    1.449400e-07
  SCPH ITER    10 :  DIFF =    9.935404e-08
  SCPH ITER    11 :  DIFF =    6.839491e-08
  SCPH ITER    12 :  DIFF =    4.725536e-08
  SCPH ITER    13 :  DIFF =    3.275207e-08
  SCPH ITER    14 :  DIFF =    2.276064e-08
  SCPH ITER    15 :  DIFF =    1.585309e-08
  SCPH ITER    16 :  DIFF =    1.106318e-08
  SCPH ITER    17 :  DIFF =    7.733257e-09
  SCPH ITER    18 :  DIFF =    5.413364e-09
  SCPH ITER    19 :  DIFF =    3.794234e-09
  SCPH ITER    20 :  DIFF =    2.662458e-09
  SCPH ITER    21 :  DIFF =    1.870332e-09
  SCPH ITER    22 :  DIFF =    1.315301e-09
  SCPH ITER    23 :  DIFF =    9.260626e-10
  SCPH ITER    24 :  DIFF =    6.528994e-10
  SCPH ITER    25 :  DIFF =    4.612824e-10
  SCPH ITER    26 :  DIFF =    3.263563e-10
  SCPH ITER    27 :  DIFF =    2.308249e-10
  SCPH ITER    28 :  DIFF =    1.636908e-10
  SCPH ITER    29 :  DIFF =    1.161438e-10
  SCPH ITER    30 :  DIFF =    8.287040e-11
  DIFF < SCPH_TOL : break SCPH loop
 Temp = 9.500000e+02 : convergence achieved in    30 iterations.
 Temperature = 9.000000e+02 K
  SCPH ITER     1 :  DIFF = N/A
  SCPH ITER     2 :  DIFF =    2.537182e-06
  SCPH ITER     3 :  DIFF =    1.642558e-06
  SCPH ITER     4 :  DIFF =    1.077070e-06
  SCPH ITER     5 :  DIFF =    7.135611e-07
  SCPH ITER     6 :  DIFF =    4.768823e-07
  SCPH ITER     7 :  DIFF =    3.211488e-07
  SCPH ITER     8 :  DIFF =    2.177344e-07
  SCPH ITER     9 :  DIFF =    1.484993e-07
  SCPH ITER    10 :  DIFF =    1.018058e-07
  SCPH ITER    11 :  DIFF =    7.010796e-08
  SCPH ITER    12 :  DIFF =    4.846488e-08
  SCPH ITER    13 :  DIFF =    3.361237e-08
  SCPH ITER    14 :  DIFF =    2.337551e-08
  SCPH ITER    15 :  DIFF =    1.629382e-08
  SCPH ITER    16 :  DIFF =    1.137957e-08
  SCPH ITER    17 :  DIFF =    7.960529e-09
  SCPH ITER    18 :  DIFF =    5.576600e-09
  SCPH ITER    19 :  DIFF =    3.911420e-09
  SCPH ITER    20 :  DIFF =    2.746560e-09
  SCPH ITER    21 :  DIFF =    1.930587e-09
  SCPH ITER    22 :  DIFF =    1.358450e-09
  SCPH ITER    23 :  DIFF =    9.568269e-10
  SCPH ITER    24 :  DIFF =    6.748050e-10
  SCPH ITER    25 :  DIFF =    4.763374e-10
  SCPH ITER    26 :  DIFF =    3.369594e-10
  SCPH ITER    27 :  DIFF =    2.387469e-10
  SCPH ITER    28 :  DIFF =    1.691155e-10
  SCPH ITER    29 :  DIFF =    1.211458e-10
  SCPH ITER    30 :  DIFF =    8.607045e-11
  DIFF < SCPH_TOL : break SCPH loop
 Temp = 9.000000e+02 : convergence achieved in    30 iterations.
 Temperature = 8.500000e+02 K
  SCPH ITER     1 :  DIFF = N/A
  SCPH ITER     2 :  DIFF =    2.642994e-06
  SCPH ITER     3 :  DIFF =    1.702295e-06
  SCPH ITER     4 :  DIFF =    1.111290e-06
  SCPH ITER     5 :  DIFF =    7.346966e-07
  SCPH ITER     6 :  DIFF =    4.900556e-07
  SCPH ITER     7 :  DIFF =    3.296059e-07
  SCPH ITER     8 :  DIFF =    2.233152e-07
  SCPH ITER     9 :  DIFF =    1.522719e-07
  SCPH ITER    10 :  DIFF =    1.044074e-07
  SCPH ITER    11 :  DIFF =    7.192957e-08
  SCPH ITER    12 :  DIFF =    4.975460e-08
  SCPH ITER    13 :  DIFF =    3.453237e-08
  SCPH ITER    14 :  DIFF =    2.403489e-08
  SCPH ITER    15 :  DIFF =    1.676766e-08
  SCPH ITER    16 :  DIFF =    1.172052e-08
  SCPH ITER    17 :  DIFF =    8.205897e-09
  SCPH ITER    18 :  DIFF =    5.753144e-09
  SCPH ITER    19 :  DIFF =    4.038398e-09
  SCPH ITER    20 :  DIFF =    2.837725e-09
  SCPH ITER    21 :  DIFF =    1.996076e-09
  SCPH ITER    22 :  DIFF =    1.405478e-09
  SCPH ITER    23 :  DIFF =    9.906732e-10
  SCPH ITER    24 :  DIFF =    6.988307e-10
  SCPH ITER    25 :  DIFF =    4.935216e-10
  SCPH ITER    26 :  DIFF =    3.490719e-10
  SCPH ITER    27 :  DIFF =    2.472725e-10
  SCPH ITER    28 :  DIFF =    1.754631e-10
  SCPH ITER    29 :  DIFF =    1.257282e-10
  SCPH ITER    30 :  DIFF =    8.889128e-11
  DIFF < SCPH_TOL : break SCPH loop
 Temp = 8.500000e+02 : convergence achieved in    30 iterations.
 Temperature = 8.000000e+02 K
  SCPH ITER     1 :  DIFF = N/A
  SCPH ITER     2 :  DIFF =    2.727505e-06
  SCPH ITER     3 :  DIFF =    1.768922e-06
  SCPH ITER     4 :  DIFF =    1.150401e-06
  SCPH ITER     5 :  DIFF =    7.575731e-07
  SCPH ITER     6 :  DIFF =    5.041671e-07
  SCPH ITER     7 :  DIFF =    3.386036e-07
  SCPH ITER     8 :  DIFF =    2.292323e-07
  SCPH ITER     9 :  DIFF =    1.562699e-07
  SCPH ITER    10 :  DIFF =    1.071686e-07
  SCPH ITER    11 :  DIFF =    7.386849e-08
  SCPH ITER    12 :  DIFF =    5.113204e-08
  SCPH ITER    13 :  DIFF =    3.551839e-08
  SCPH ITER    14 :  DIFF =    2.474389e-08
  SCPH ITER    15 :  DIFF =    1.727866e-08
  SCPH ITER    16 :  DIFF =    1.208912e-08
  SCPH ITER    17 :  DIFF =    8.471794e-09
  SCPH ITER    18 :  DIFF =    5.944815e-09
  SCPH ITER    19 :  DIFF =    4.176388e-09
  SCPH ITER    20 :  DIFF =    2.937006e-09
  SCPH ITER    21 :  DIFF =    2.067383e-09
  SCPH ITER    22 :  DIFF =    1.456551e-09
  SCPH ITER    23 :  DIFF =    1.027128e-09
  SCPH ITER    24 :  DIFF =    7.250229e-10
  SCPH ITER    25 :  DIFF =    5.124033e-10
  SCPH ITER    26 :  DIFF =    3.624591e-10
  SCPH ITER    27 :  DIFF =    2.569064e-10
  SCPH ITER    28 :  DIFF =    1.830192e-10
  SCPH ITER    29 :  DIFF =    1.297515e-10
  SCPH ITER    30 :  DIFF =    9.312454e-11
  DIFF < SCPH_TOL : break SCPH loop
 Temp = 8.000000e+02 : convergence achieved in    30 iterations.
 Temperature = 7.500000e+02 K
  SCPH ITER     1 :  DIFF = N/A
  SCPH ITER     2 :  DIFF =    2.901798e-06
  SCPH ITER     3 :  DIFF =    1.843836e-06
  SCPH ITER     4 :  DIFF =    1.192707e-06
  SCPH ITER     5 :  DIFF =    7.823970e-07
  SCPH ITER     6 :  DIFF =    5.155038e-07
  SCPH ITER     7 :  DIFF =    3.481719e-07
  SCPH ITER     8 :  DIFF =    2.355016e-07
  SCPH ITER     9 :  DIFF =    1.605053e-07
  SCPH ITER    10 :  DIFF =    1.101007e-07
  SCPH ITER    11 :  DIFF =    7.593516e-08
  SCPH ITER    12 :  DIFF =    5.260653e-08
  SCPH ITER    13 :  DIFF =    3.657832e-08
  SCPH ITER    14 :  DIFF =    2.550898e-08
  SCPH ITER    15 :  DIFF =    1.783195e-08
  SCPH ITER    16 :  DIFF =    1.248938e-08
  SCPH ITER    17 :  DIFF =    8.761178e-09
  SCPH ITER    18 :  DIFF =    6.153831e-09
  SCPH ITER    19 :  DIFF =    4.327196e-09
  SCPH ITER    20 :  DIFF =    3.045649e-09
  SCPH ITER    21 :  DIFF =    2.145536e-09
  SCPH ITER    22 :  DIFF =    1.512732e-09
  SCPH ITER    23 :  DIFF =    1.067465e-09
  SCPH ITER    24 :  DIFF =    7.540588e-10
  SCPH ITER    25 :  DIFF =    5.330411e-10
  SCPH ITER    26 :  DIFF =    3.774851e-10
  SCPH ITER    27 :  DIFF =    2.676004e-10
  SCPH ITER    28 :  DIFF =    1.900310e-10
  SCPH ITER    29 :  DIFF =    1.350574e-10
  SCPH ITER    30 :  DIFF =    9.611798e-11
  DIFF < SCPH_TOL : break SCPH loop
 Temp = 7.500000e+02 : convergence achieved in    30 iterations.
 Temperature = 7.000000e+02 K
  SCPH ITER     1 :  DIFF = N/A
  SCPH ITER     2 :  DIFF =    3.063262e-06
  SCPH ITER     3 :  DIFF =    1.922038e-06
  SCPH ITER     4 :  DIFF =    1.239609e-06
  SCPH ITER     5 :  DIFF =    8.093893e-07
  SCPH ITER     6 :  DIFF =    5.355006e-07
  SCPH ITER     7 :  DIFF =    3.583294e-07
  SCPH ITER     8 :  DIFF =    2.421313e-07
  SCPH ITER     9 :  DIFF =    1.649868e-07
  SCPH ITER    10 :  DIFF =    1.132142e-07
  SCPH ITER    11 :  DIFF =    7.814076e-08
  SCPH ITER    12 :  DIFF =    5.418867e-08
  SCPH ITER    13 :  DIFF =    3.772147e-08
  SCPH ITER    14 :  DIFF =    2.633788e-08
  SCPH ITER    15 :  DIFF =    1.843369e-08
  SCPH ITER    16 :  DIFF =    1.292609e-08
  SCPH ITER    17 :  DIFF =    9.077788e-09
  SCPH ITER    18 :  DIFF =    6.383031e-09
  SCPH ITER    19 :  DIFF =    4.492827e-09
  SCPH ITER    20 :  DIFF =    3.165193e-09
  SCPH ITER    21 :  DIFF =    2.231677e-09
  SCPH ITER    22 :  DIFF =    1.574679e-09
  SCPH ITER    23 :  DIFF =    1.112056e-09
  SCPH ITER    24 :  DIFF =    7.860383e-10
  SCPH ITER    25 :  DIFF =    5.559410e-10
  SCPH ITER    26 :  DIFF =    3.936845e-10
  SCPH ITER    27 :  DIFF =    2.792750e-10
  SCPH ITER    28 :  DIFF =    1.981727e-10
  SCPH ITER    29 :  DIFF =    1.411228e-10
  SCPH ITER    30 :  DIFF =    1.006993e-10
  SCPH ITER    31 :  DIFF =    7.171705e-11
  DIFF < SCPH_TOL : break SCPH loop
 Temp = 7.000000e+02 : convergence achieved in    31 iterations.
 Temperature = 6.500000e+02 K
  SCPH ITER     1 :  DIFF = N/A
  SCPH ITER     2 :  DIFF =    3.254604e-06
  SCPH ITER     3 :  DIFF =    2.026301e-06
  SCPH ITER     4 :  DIFF =    1.291892e-06
  SCPH ITER     5 :  DIFF =    8.387740e-07
  SCPH ITER     6 :  DIFF =    5.528308e-07
  SCPH ITER     7 :  DIFF =    3.690729e-07
  SCPH ITER     8 :  DIFF =    2.491167e-07
  SCPH ITER     9 :  DIFF =    1.697173e-07
  SCPH ITER    10 :  DIFF =    1.165184e-07
  SCPH ITER    11 :  DIFF =    8.049742e-08
  SCPH ITER    12 :  DIFF =    5.589086e-08
  SCPH ITER    13 :  DIFF =    3.895908e-08
  SCPH ITER    14 :  DIFF =    2.724007e-08
  SCPH ITER    15 :  DIFF =    1.909151e-08
  SCPH ITER    16 :  DIFF =    1.340522e-08
  SCPH ITER    17 :  DIFF =    9.426169e-09
  SCPH ITER    18 :  DIFF =    6.635857e-09
  SCPH ITER    19 :  DIFF =    4.675951e-09
  SCPH ITER    20 :  DIFF =    3.297595e-09
  SCPH ITER    21 :  DIFF =    2.327257e-09
  SCPH ITER    22 :  DIFF =    1.643589e-09
  SCPH ITER    23 :  DIFF =    1.161576e-09
  SCPH ITER    24 :  DIFF =    8.215485e-10
  SCPH ITER    25 :  DIFF =    5.815056e-10
  SCPH ITER    26 :  DIFF =    4.122798e-10
  SCPH ITER    27 :  DIFF =    2.923971e-10
  SCPH ITER    28 :  DIFF =    2.077303e-10
  SCPH ITER    29 :  DIFF =    1.476105e-10
  SCPH ITER    30 :  DIFF =    1.053408e-10
  SCPH ITER    31 :  DIFF =    7.533374e-11
  DIFF < SCPH_TOL : break SCPH loop
 Temp = 6.500000e+02 : convergence achieved in    31 iterations.
 Temperature = 6.000000e+02 K
  SCPH ITER     1 :  DIFF = N/A
  SCPH ITER     2 :  DIFF =    3.485752e-06
  SCPH ITER     3 :  DIFF =    2.139358e-06
  SCPH ITER     4 :  DIFF =    1.350465e-06
  SCPH ITER     5 :  DIFF =    8.707334e-07
  SCPH ITER     6 :  DIFF =    5.712628e-07
  SCPH ITER     7 :  DIFF =    3.803523e-07
  SCPH ITER     8 :  DIFF =    2.564256e-07
  SCPH ITER     9 :  DIFF =    1.746868e-07
  SCPH ITER    10 :  DIFF =    1.200175e-07
  SCPH ITER    11 :  DIFF =    8.301661e-08
  SCPH ITER    12 :  DIFF =    5.772671e-08
  SCPH ITER    13 :  DIFF =    4.030410e-08
  SCPH ITER    14 :  DIFF =    2.822671e-08
  SCPH ITER    15 :  DIFF =    1.981452e-08
  SCPH ITER    16 :  DIFF =    1.393394e-08
  SCPH ITER    17 :  DIFF =    9.811861e-09
  SCPH ITER    18 :  DIFF =    6.916506e-09
  SCPH ITER    19 :  DIFF =    4.879714e-09
  SCPH ITER    20 :  DIFF =    3.445165e-09
  SCPH ITER    21 :  DIFF =    2.433928e-09
  SCPH ITER    22 :  DIFF =    1.720623e-09
  SCPH ITER    23 :  DIFF =    1.217124e-09
  SCPH ITER    24 :  DIFF =    8.615658e-10
  SCPH ITER    25 :  DIFF =    6.102315e-10
  SCPH ITER    26 :  DIFF =    4.329726e-10
  SCPH ITER    27 :  DIFF =    3.070444e-10
  SCPH ITER    28 :  DIFF =    2.183387e-10
  SCPH ITER    29 :  DIFF =    1.567125e-10
  SCPH ITER    30 :  DIFF =    1.113188e-10
  SCPH ITER    31 :  DIFF =    7.944750e-11
  DIFF < SCPH_TOL : break SCPH loop
 Temp = 6.000000e+02 : convergence achieved in    31 iterations.
 Temperature = 5.500000e+02 K
  SCPH ITER     1 :  DIFF = N/A
  SCPH ITER     2 :  DIFF =    3.771613e-06
  SCPH ITER     3 :  DIFF =    2.272239e-06
  SCPH ITER     4 :  DIFF =    1.416352e-06
  SCPH ITER     5 :  DIFF =    9.053442e-07
  SCPH ITER     6 :  DIFF =    5.906623e-07
  SCPH ITER     7 :  DIFF =    3.920427e-07
  SCPH ITER     8 :  DIFF =    2.639866e-07
  SCPH ITER     9 :  DIFF =    1.798682e-07
  SCPH ITER    10 :  DIFF =    1.237117e-07
  SCPH ITER    11 :  DIFF =    8.571107e-08
  SCPH ITER    12 :  DIFF =    5.971295e-08
  SCPH ITER    13 :  DIFF =    4.177294e-08
  SCPH ITER    14 :  DIFF =    2.931204e-08
  SCPH ITER    15 :  DIFF =    2.061434e-08
  SCPH ITER    16 :  DIFF =    1.452140e-08
  SCPH ITER    17 :  DIFF =    1.024192e-08
  SCPH ITER    18 :  DIFF =    7.230386e-09
  SCPH ITER    19 :  DIFF =    5.108126e-09
  SCPH ITER    20 :  DIFF =    3.611044e-09
  SCPH ITER    21 :  DIFF =    2.554147e-09
  SCPH ITER    22 :  DIFF =    1.807696e-09
  SCPH ITER    23 :  DIFF =    1.279965e-09
  SCPH ITER    24 :  DIFF =    9.069406e-10
  SCPH ITER    25 :  DIFF =    6.428936e-10
  SCPH ITER    26 :  DIFF =    4.561281e-10
  SCPH ITER    27 :  DIFF =    3.239372e-10
  SCPH ITER    28 :  DIFF =    2.304333e-10
  SCPH ITER    29 :  DIFF =    1.642811e-10
  SCPH ITER    30 :  DIFF =    1.191804e-10
  SCPH ITER    31 :  DIFF =    8.418822e-11
  DIFF < SCPH_TOL : break SCPH loop
 Temp = 5.500000e+02 : convergence achieved in    31 iterations.
 Temperature = 5.000000e+02 K
  SCPH ITER     1 :  DIFF = N/A
  SCPH ITER     2 :  DIFF =    4.135508e-06
  SCPH ITER     3 :  DIFF =    2.430643e-06
  SCPH ITER     4 :  DIFF =    1.490537e-06
  SCPH ITER     5 :  DIFF =    9.423979e-07
  SCPH ITER     6 :  DIFF =    6.106609e-07
  SCPH ITER     7 :  DIFF =    4.038774e-07
  SCPH ITER     8 :  DIFF =    2.716566e-07
  SCPH ITER     9 :  DIFF =    1.852049e-07
  SCPH ITER    10 :  DIFF =    1.275919e-07
  SCPH ITER    11 :  DIFF =    8.859341e-08
  SCPH ITER    12 :  DIFF =    6.186943e-08
  SCPH ITER    13 :  DIFF =    4.338570e-08
  SCPH ITER    14 :  DIFF =    3.051367e-08
  SCPH ITER    15 :  DIFF =    2.150538e-08
  SCPH ITER    16 :  DIFF =    1.517901e-08
  SCPH ITER    17 :  DIFF =    1.072517e-08
  SCPH ITER    18 :  DIFF =    7.584213e-09
  SCPH ITER    19 :  DIFF =    5.366460e-09
  SCPH ITER    20 :  DIFF =    3.799124e-09
  SCPH ITER    21 :  DIFF =    2.690829e-09
  SCPH ITER    22 :  DIFF =    1.906696e-09
  SCPH ITER    23 :  DIFF =    1.351697e-09
  SCPH ITER    24 :  DIFF =    9.587342e-10
  SCPH ITER    25 :  DIFF =    6.804730e-10
  SCPH ITER    26 :  DIFF =    4.832074e-10
  SCPH ITER    27 :  DIFF =    3.434485e-10
  SCPH ITER    28 :  DIFF =    2.443676e-10
  SCPH ITER    29 :  DIFF =    1.740702e-10
  SCPH ITER    30 :  DIFF =    1.270635e-10
  SCPH ITER    31 :  DIFF =    9.226711e-11
  DIFF < SCPH_TOL : break SCPH loop
 Temp = 5.000000e+02 : convergence achieved in    31 iterations.
 Temperature = 4.500000e+02 K
  SCPH ITER     1 :  DIFF = N/A
  SCPH ITER     2 :  DIFF =    4.615852e-06
  SCPH ITER     3 :  DIFF =    2.622107e-06
  SCPH ITER     4 :  DIFF =    1.573542e-06
  SCPH ITER     5 :  DIFF =    9.810265e-07
  SCPH ITER     6 :  DIFF =    6.304356e-07
  SCPH ITER     7 :  DIFF =    4.153421e-07
  SCPH ITER     8 :  DIFF =    2.791786e-07
  SCPH ITER     9 :  DIFF =    1.905966e-07
  SCPH ITER    10 :  DIFF =    1.316375e-07
  SCPH ITER    11 :  DIFF =    9.167720e-08
  SCPH ITER    12 :  DIFF =    6.422057e-08
  SCPH ITER    13 :  DIFF =    4.516744e-08
  SCPH ITER    14 :  DIFF =    3.185357e-08
  SCPH ITER    15 :  DIFF =    2.250565e-08
  SCPH ITER    16 :  DIFF =    1.592104e-08
  SCPH ITER    17 :  DIFF =    1.127282e-08
  SCPH ITER    18 :  DIFF =    7.986717e-09
  SCPH ITER    19 :  DIFF =    5.661310e-09
  SCPH ITER    20 :  DIFF =    4.014641e-09
  SCPH ITER    21 :  DIFF =    2.847918e-09
  SCPH ITER    22 :  DIFF =    2.021036e-09
  SCPH ITER    23 :  DIFF =    1.434873e-09
  SCPH ITER    24 :  DIFF =    1.019002e-09
  SCPH ITER    25 :  DIFF =    7.241020e-10
  SCPH ITER    26 :  DIFF =    5.148816e-10
  SCPH ITER    27 :  DIFF =    3.665727e-10
  SCPH ITER    28 :  DIFF =    2.613392e-10
  SCPH ITER    29 :  DIFF =    1.860184e-10
  SCPH ITER    30 :  DIFF =    1.330451e-10
  SCPH ITER    31 :  DIFF =    9.501897e-11
  DIFF < SCPH_TOL : break SCPH loop
 Temp = 4.500000e+02 : convergence achieved in    31 iterations.
 Temperature = 4.000000e+02 K
  SCPH ITER     1 :  DIFF = N/A
  SCPH ITER     2 :  DIFF =    5.280101e-06
  SCPH ITER     3 :  DIFF =    2.855764e-06
  SCPH ITER     4 :  DIFF =    1.664173e-06
  SCPH ITER     5 :  DIFF =    1.018860e-06
  SCPH ITER     6 :  DIFF =    6.482818e-07
  SCPH ITER     7 :  DIFF =    4.254969e-07
  SCPH ITER     8 :  DIFF =    2.861220e-07
  SCPH ITER     9 :  DIFF =    1.958860e-07
  SCPH ITER    10 :  DIFF =    1.358167e-07
  SCPH ITER    11 :  DIFF =    9.497912e-08
  SCPH ITER    12 :  DIFF =    6.679703e-08
  SCPH ITER    13 :  DIFF =    4.714913e-08
  SCPH ITER    14 :  DIFF =    3.335864e-08
  SCPH ITER    15 :  DIFF =    2.363721e-08
  SCPH ITER    16 :  DIFF =    1.676521e-08
  SCPH ITER    17 :  DIFF =    1.189889e-08
  SCPH ITER    18 :  DIFF =    8.448987e-09
  SCPH ITER    19 :  DIFF =    6.001460e-09
  SCPH ITER    20 :  DIFF =    4.264265e-09
  SCPH ITER    21 :  DIFF =    3.030806e-09
  SCPH ITER    22 :  DIFF =    2.154684e-09
  SCPH ITER    23 :  DIFF =    1.532501e-09
  SCPH ITER    24 :  DIFF =    1.090376e-09
  SCPH ITER    25 :  DIFF =    7.759102e-10
  SCPH ITER    26 :  DIFF =    5.526854e-10
  SCPH ITER    27 :  DIFF =    3.943802e-10
  SCPH ITER    28 :  DIFF =    2.807185e-10
  SCPH ITER    29 :  DIFF =    2.005556e-10
  SCPH ITER    30 :  DIFF =    1.438144e-10
  SCPH ITER    31 :  DIFF =    1.038262e-10
  SCPH ITER    32 :  DIFF =    7.442167e-11
  DIFF < SCPH_TOL : break SCPH loop
 Temp = 4.000000e+02 : convergence achieved in    32 iterations.
 Temperature = 3.500000e+02 K
  SCPH ITER     1 :  DIFF = N/A
  SCPH ITER     2 :  DIFF =    6.256810e-06
  SCPH ITER     3 :  DIFF =    3.138801e-06
  SCPH ITER     4 :  DIFF =    1.755897e-06
  SCPH ITER     5 :  DIFF =    1.050107e-06
  SCPH ITER     6 :  DIFF =    6.608135e-07
  SCPH ITER     7 :  DIFF =    4.327184e-07
  SCPH ITER     8 :  DIFF =    2.918306e-07
  SCPH ITER     9 :  DIFF =    2.008624e-07
  SCPH ITER    10 :  DIFF =    1.400950e-07
  SCPH ITER    11 :  DIFF =    9.852308e-08
  SCPH ITER    12 :  DIFF =    6.963587e-08
  SCPH ITER    13 :  DIFF =    4.936641e-08
  SCPH ITER    14 :  DIFF =    3.505957e-08
  SCPH ITER    15 :  DIFF =    2.492573e-08
  SCPH ITER    16 :  DIFF =    1.773274e-08
  SCPH ITER    17 :  DIFF =    1.262087e-08
  SCPH ITER    18 :  DIFF =    8.985333e-09
  SCPH ITER    19 :  DIFF =    6.398565e-09
  SCPH ITER    20 :  DIFF =    4.557453e-09
  SCPH ITER    21 :  DIFF =    3.246828e-09
  SCPH ITER    22 :  DIFF =    2.313623e-09
  SCPH ITER    23 :  DIFF =    1.649088e-09
  SCPH ITER    24 :  DIFF =    1.175782e-09
  SCPH ITER    25 :  DIFF =    8.386569e-10
  SCPH ITER    26 :  DIFF =    5.983692e-10
  SCPH ITER    27 :  DIFF =    4.273071e-10
  SCPH ITER    28 :  DIFF =    3.052299e-10
  SCPH ITER    29 :  DIFF =    2.183452e-10
  SCPH ITER    30 :  DIFF =    1.564096e-10
  SCPH ITER    31 :  DIFF =    1.122327e-10
  SCPH ITER    32 :  DIFF =    8.081388e-11
  DIFF < SCPH_TOL : break SCPH loop
 Temp = 3.500000e+02 : convergence achieved in    32 iterations.
 Temperature = 3.000000e+02 K
  SCPH ITER     1 :  DIFF = N/A
  SCPH ITER     2 :  DIFF =    7.819471e-06
  SCPH ITER     3 :  DIFF =    3.457214e-06
  SCPH ITER     4 :  DIFF =    1.826048e-06
  SCPH ITER     5 :  DIFF =    1.061228e-06
  SCPH ITER     6 :  DIFF =    6.616603e-07
  SCPH ITER     7 :  DIFF =    4.344939e-07
  SCPH ITER     8 :  DIFF =    2.954796e-07
  SCPH ITER     9 :  DIFF =    2.053200e-07
  SCPH ITER    10 :  DIFF =    1.444555e-07
  SCPH ITER    11 :  DIFF =    1.023360e-07
  SCPH ITER    12 :  DIFF =    7.276910e-08
  SCPH ITER    13 :  DIFF =    5.184913e-08
  SCPH ITER    14 :  DIFF =    3.698387e-08
  SCPH ITER    15 :  DIFF =    2.639668e-08
  SCPH ITER    16 :  DIFF =    1.884707e-08
  SCPH ITER    17 :  DIFF =    1.345987e-08
  SCPH ITER    18 :  DIFF =    9.614252e-09
  SCPH ITER    19 :  DIFF =    6.868447e-09
  SCPH ITER    20 :  DIFF =    4.907567e-09
  SCPH ITER    21 :  DIFF =    3.507124e-09
  SCPH ITER    22 :  DIFF =    2.506743e-09
  SCPH ITER    23 :  DIFF =    1.792164e-09
  SCPH ITER    24 :  DIFF =    1.281634e-09
  SCPH ITER    25 :  DIFF =    9.168450e-10
  SCPH ITER    26 :  DIFF =    6.559438e-10
  SCPH ITER    27 :  DIFF =    4.699162e-10
  SCPH ITER    28 :  DIFF =    3.364886e-10
  SCPH ITER    29 :  DIFF =    2.410054e-10
  SCPH ITER    30 :  DIFF =    1.730484e-10
  SCPH ITER    31 :  DIFF =    1.249459e-10
  SCPH ITER    32 :  DIFF =    8.958989e-11
  DIFF < SCPH_TOL : break SCPH loop
 Temp = 3.000000e+02 : convergence achieved in    32 iterations.
 Temperature = 2.500000e+02 K
  SCPH ITER     1 :  DIFF = N/A
  SCPH ITER     2 :  DIFF =    1.064991e-05
  SCPH ITER     3 :  DIFF =    3.677183e-06
  SCPH ITER     4 :  DIFF =    1.802735e-06
  SCPH ITER     5 :  DIFF =    1.022365e-06
  SCPH ITER     6 :  DIFF =    6.406489e-07
  SCPH ITER     7 :  DIFF =    4.281032e-07
  SCPH ITER     8 :  DIFF =    2.965658e-07
  SCPH ITER     9 :  DIFF =    2.092229e-07
  SCPH ITER    10 :  DIFF =    1.488977e-07
  SCPH ITER    11 :  DIFF =    1.064002e-07
  SCPH ITER    12 :  DIFF =    7.617816e-08
  SCPH ITER    13 :  DIFF =    5.459066e-08
  SCPH ITER    14 :  DIFF =    3.913889e-08
  SCPH ITER    15 :  DIFF =    2.806798e-08
  SCPH ITER    16 :  DIFF =    2.013197e-08
  SCPH ITER    17 :  DIFF =    1.444166e-08
  SCPH ITER    18 :  DIFF =    1.036091e-08
  SCPH ITER    19 :  DIFF =    7.434105e-09
  SCPH ITER    20 :  DIFF =    5.334738e-09
  SCPH ITER    21 :  DIFF =    3.828768e-09
  SCPH ITER    22 :  DIFF =    2.748372e-09
  SCPH ITER    23 :  DIFF =    1.973226e-09
  SCPH ITER    24 :  DIFF =    1.416934e-09
  SCPH ITER    25 :  DIFF =    1.017806e-09
  SCPH ITER    26 :  DIFF =    7.314155e-10
  SCPH ITER    27 :  DIFF =    5.256615e-10
  SCPH ITER    28 :  DIFF =    3.778950e-10
  SCPH ITER    29 :  DIFF =    2.719692e-10
  SCPH ITER    30 :  DIFF =    1.957635e-10
  SCPH ITER    31 :  DIFF =    1.413913e-10
  SCPH ITER    32 :  DIFF =    1.016226e-10
  SCPH ITER    33 :  DIFF =    7.680599e-11
  DIFF < SCPH_TOL : break SCPH loop
 Temp = 2.500000e+02 : convergence achieved in    33 iterations.
 Temperature = 2.000000e+02 K
  SCPH ITER     1 :  DIFF = N/A
  SCPH ITER     2 :  DIFF =    1.693676e-05
  SCPH ITER     3 :  DIFF =    3.000442e-06
  SCPH ITER     4 :  DIFF =    1.467589e-06
  SCPH ITER     5 :  DIFF =    8.828862e-07
  SCPH ITER     6 :  DIFF =    5.913330e-07
  SCPH ITER     7 :  DIFF =    4.147599e-07
  SCPH ITER     8 :  DIFF =    2.960849e-07
  SCPH ITER     9 :  DIFF =    2.127477e-07
  SCPH ITER    10 :  DIFF =    1.532437e-07
  SCPH ITER    11 :  DIFF =    1.104929e-07
  SCPH ITER    12 :  DIFF =    7.970501e-08
  SCPH ITER    13 :  DIFF =    5.751037e-08
  SCPH ITER    14 :  DIFF =    4.150290e-08
  SCPH ITER    15 :  DIFF =    2.995475e-08
  SCPH ITER    16 :  DIFF =    2.162222e-08
  SCPH ITER    17 :  DIFF =    1.560916e-08
  SCPH ITER    18 :  DIFF =    1.126946e-08
  SCPH ITER    19 :  DIFF =    8.137174e-09
  SCPH ITER    20 :  DIFF =    5.876181e-09
  SCPH ITER    21 :  DIFF =    4.243986e-09
  SCPH ITER    22 :  DIFF =    3.065615e-09
  SCPH ITER    23 :  DIFF =    2.214938e-09
  SCPH ITER    24 :  DIFF =    1.600493e-09
  SCPH ITER    25 :  DIFF =    1.156775e-09
  SCPH ITER    26 :  DIFF =    8.363232e-10
  SCPH ITER    27 :  DIFF =    6.048390e-10
  SCPH ITER    28 :  DIFF =    4.376320e-10
  SCPH ITER    29 :  DIFF =    3.170491e-10
  SCPH ITER    30 :  DIFF =    2.300493e-10
  SCPH ITER    31 :  DIFF =    1.663587e-10
  SCPH ITER    32 :  DIFF =    1.205238e-10
  SCPH ITER    33 :  DIFF =    8.766772e-11
  DIFF < SCPH_TOL : break SCPH loop
 Temp = 2.000000e+02 : convergence achieved in    33 iterations.
 Temperature = 1.500000e+02 K
  SCPH ITER     1 :  DIFF = N/A
  SCPH ITER     2 :  DIFF =    3.815885e-05
  SCPH ITER     3 :  DIFF =    5.090372e-06
  SCPH ITER     4 :  DIFF =    2.406815e-06
  SCPH ITER     5 :  DIFF =    1.124346e-06
  SCPH ITER     6 :  DIFF =    6.312004e-07
  SCPH ITER     7 :  DIFF =    4.221834e-07
  SCPH ITER     8 :  DIFF =    3.014103e-07
  SCPH ITER     9 :  DIFF =    2.186067e-07
  SCPH ITER    10 :  DIFF =    1.590931e-07
  SCPH ITER    11 :  DIFF =    1.158765e-07
  SCPH ITER    12 :  DIFF =    8.442459e-08
  SCPH ITER    13 :  DIFF =    6.152109e-08
  SCPH ITER    14 :  DIFF =    4.483824e-08
  SCPH ITER    15 :  DIFF =    3.268428e-08
  SCPH ITER    16 :  DIFF =    2.382839e-08
  SCPH ITER    17 :  DIFF =    1.737472e-08
  SCPH ITER    18 :  DIFF =    1.267107e-08
  SCPH ITER    19 :  DIFF =    9.242470e-09
  SCPH ITER    20 :  DIFF =    6.742963e-09
  SCPH ITER    21 :  DIFF =    4.920533e-09
  SCPH ITER    22 :  DIFF =    3.591638e-09
  SCPH ITER    23 :  DIFF =    2.622387e-09
  SCPH ITER    24 :  DIFF =    1.915456e-09
  SCPH ITER    25 :  DIFF =    1.399541e-09
  SCPH ITER    26 :  DIFF =    1.023108e-09
  SCPH ITER    27 :  DIFF =    7.484355e-10
  SCPH ITER    28 :  DIFF =    5.476850e-10
  SCPH ITER    29 :  DIFF =    4.011742e-10
  SCPH ITER    30 :  DIFF =    2.941939e-10
  SCPH ITER    31 :  DIFF =    2.158019e-10
  SCPH ITER    32 :  DIFF =    1.587652e-10
  SCPH ITER    33 :  DIFF =    1.175859e-10
  SCPH ITER    34 :  DIFF =    8.616300e-11
  DIFF < SCPH_TOL : break SCPH loop
 Temp = 1.500000e+02 : convergence achieved in    34 iterations.
 Temperature = 1.000000e+02 K
  SCPH ITER     1 :  DIFF = N/A
  SCPH ITER     2 :  DIFF =    2.569463e-06
  SCPH ITER     3 :  DIFF =    5.995075e-05
  SCPH ITER     4 :  DIFF =    4.148288e-04
  SCPH ITER     5 :  DIFF =    8.305030e-05
  SCPH ITER     6 :  DIFF =    6.944208e-05
  SCPH ITER     7 :  DIFF =    5.657848e-05
  SCPH ITER     8 :  DIFF =    4.687282e-05
  SCPH ITER     9 :  DIFF =    4.109277e-05
  SCPH ITER    10 :  DIFF =    3.390524e-05
  SCPH ITER    11 :  DIFF =    2.896564e-05
  SCPH ITER    12 :  DIFF =    2.516439e-05
  SCPH ITER    13 :  DIFF =    2.055432e-05
  SCPH ITER    14 :  DIFF =    1.569429e-05
  SCPH ITER    15 :  DIFF =    1.017352e-05
  SCPH ITER    16 :  DIFF =    4.711632e-06
  SCPH ITER    17 :  DIFF =    1.338324e-06
  SCPH ITER    18 :  DIFF =    3.860037e-07
  SCPH ITER    19 :  DIFF =    2.495216e-07
  SCPH ITER    20 :  DIFF =    1.870110e-07
  SCPH ITER    21 :  DIFF =    1.402945e-07
  SCPH ITER    22 :  DIFF =    1.052785e-07
  SCPH ITER    23 :  DIFF =    7.911544e-08
  SCPH ITER    24 :  DIFF =    5.955975e-08
  SCPH ITER    25 :  DIFF =    4.492416e-08
  SCPH ITER    26 :  DIFF =    3.395404e-08
  SCPH ITER    27 :  DIFF =    2.571768e-08
  SCPH ITER    28 :  DIFF =    1.952278e-08
  SCPH ITER    29 :  DIFF =    1.485443e-08
  SCPH ITER    30 :  DIFF =    1.132928e-08
  SCPH ITER    31 :  DIFF =    8.661678e-09
  SCPH ITER    32 :  DIFF =    6.638458e-09
  SCPH ITER    33 :  DIFF =    5.100319e-09
  SCPH ITER    34 :  DIFF =    3.928131e-09
  SCPH ITER    35 :  DIFF =    3.032585e-09
  SCPH ITER    36 :  DIFF =    2.346630e-09
  SCPH ITER    37 :  DIFF =    1.819962e-09
  SCPH ITER    38 :  DIFF =    1.414522e-09
  SCPH ITER    39 :  DIFF =    1.101802e-09
  SCPH ITER    40 :  DIFF =    8.596670e-10
  SCPH ITER    41 :  DIFF =    6.722773e-10
  SCPH ITER    42 :  DIFF =    5.262123e-10
  SCPH ITER    43 :  DIFF =    4.126824e-10
  SCPH ITER    44 :  DIFF =    3.241027e-10
  SCPH ITER    45 :  DIFF =    2.551294e-10
  SCPH ITER    46 :  DIFF =    2.006944e-10
  SCPH ITER    47 :  DIFF =    1.583535e-10
  SCPH ITER    48 :  DIFF =    1.248292e-10
  SCPH ITER    49 :  DIFF =    9.878669e-11
  DIFF < SCPH_TOL : break SCPH loop
 Temp = 1.000000e+02 : convergence achieved in    49 iterations.
 Temperature = 5.000000e+01 K
  SCPH ITER     1 :  DIFF = N/A
  SCPH ITER     2 :  DIFF =    1.887929e-06
  SCPH ITER     3 :  DIFF =    1.640390e-06
  SCPH ITER     4 :  DIFF =    1.474814e-06
  SCPH ITER     5 :  DIFF =    1.366155e-06
  SCPH ITER     6 :  DIFF =    1.296290e-06
  SCPH ITER     7 :  DIFF =    1.252569e-06
  SCPH ITER     8 :  DIFF =    1.226469e-06
  SCPH ITER     9 :  DIFF =    1.212390e-06
  SCPH ITER    10 :  DIFF =    1.206708e-06
  SCPH ITER    11 :  DIFF =    1.207079e-06
  SCPH ITER    12 :  DIFF =    1.211981e-06
  SCPH ITER    13 :  DIFF =    1.220414e-06
  SCPH ITER    14 :  DIFF =    1.231707e-06
  SCPH ITER    15 :  DIFF =    1.245407e-06
  SCPH ITER    16 :  DIFF =    1.261197e-06
  SCPH ITER    17 :  DIFF =    1.278857e-06
  SCPH ITER    18 :  DIFF =    1.298229e-06
  SCPH ITER    19 :  DIFF =    3.432837e-05
  SCPH ITER    20 :  DIFF =    2.202892e-04
  SCPH ITER    21 :  DIFF =    4.245431e-05
  SCPH ITER    22 :  DIFF =    3.526177e-05
  SCPH ITER    23 :  DIFF =    3.089426e-05
  SCPH ITER    24 :  DIFF =    2.750763e-05
  SCPH ITER    25 :  DIFF =    2.388096e-05
  SCPH ITER    26 :  DIFF =    2.027677e-05
  SCPH ITER    27 :  DIFF =    1.524378e-05
  SCPH ITER    28 :  DIFF =    6.094126e-06
  SCPH ITER    29 :  DIFF =    1.051248e-06
  SCPH ITER    30 :  DIFF =    3.983420e-07
  SCPH ITER    31 :  DIFF =    1.828802e-07
  SCPH ITER    32 :  DIFF =    9.658389e-08
  SCPH ITER    33 :  DIFF =    7.101821e-08
  SCPH ITER    34 :  DIFF =    5.128550e-08
  SCPH ITER    35 :  DIFF =    3.956618e-08
  SCPH ITER    36 :  DIFF =    2.994677e-08
  SCPH ITER    37 :  DIFF =    2.296457e-08
  SCPH ITER    38 :  DIFF =    1.752949e-08
  SCPH ITER    39 :  DIFF =    1.342790e-08
  SCPH ITER    40 :  DIFF =    1.028164e-08
  SCPH ITER    41 :  DIFF =    7.884455e-09
  SCPH ITER    42 :  DIFF =    6.050065e-09
  SCPH ITER    43 :  DIFF =    4.647660e-09
  SCPH ITER    44 :  DIFF =    3.573761e-09
  SCPH ITER    45 :  DIFF =    2.750955e-09
  SCPH ITER    46 :  DIFF =    2.119897e-09
  SCPH ITER    47 :  DIFF =    1.635474e-09
  SCPH ITER    48 :  DIFF =    1.263187e-09
  SCPH ITER    49 :  DIFF =    9.767932e-10
  SCPH ITER    50 :  DIFF =    7.562795e-10
  SCPH ITER    51 :  DIFF =    5.865429e-10
  SCPH ITER    52 :  DIFF =    4.553748e-10
  SCPH ITER    53 :  DIFF =    3.541095e-10
  SCPH ITER    54 :  DIFF =    2.751935e-10
  SCPH ITER    55 :  DIFF =    2.148716e-10
  SCPH ITER    56 :  DIFF =    1.672787e-10
  SCPH ITER    57 :  DIFF =    1.306451e-10
  SCPH ITER    58 :  DIFF =    1.026757e-10
  SCPH ITER    59 :  DIFF =    8.025705e-11
  DIFF < SCPH_TOL : break SCPH loop
 Temp = 5.000000e+01 : convergence achieved in    59 iterations.
 Temperature = 0.000000e+00 K
  SCPH ITER     1 :  DIFF = N/A
  SCPH ITER     2 :  DIFF =    1.146216e-06
  SCPH ITER     3 :  DIFF =    1.015511e-06
  SCPH ITER     4 :  DIFF =    9.215851e-07
  SCPH ITER     5 :  DIFF =    8.536964e-07
  SCPH ITER     6 :  DIFF =    8.040998e-07
  SCPH ITER     7 :  DIFF =    7.673235e-07
  SCPH ITER     8 :  DIFF =    7.395668e-07
  SCPH ITER     9 :  DIFF =    7.182172e-07
  SCPH ITER    10 :  DIFF =    7.014850e-07
  SCPH ITER    11 :  DIFF =    6.881393e-07
  SCPH ITER    12 :  DIFF =    6.765599e-07
  SCPH ITER    13 :  DIFF =    6.684482e-07
  SCPH ITER    14 :  DIFF =    6.610768e-07
  SCPH ITER    15 :  DIFF =    6.549042e-07
  SCPH ITER    16 :  DIFF =    6.497042e-07
  SCPH ITER    17 :  DIFF =    6.453087e-07
  SCPH ITER    18 :  DIFF =    6.415914e-07
  SCPH ITER    19 :  DIFF =    6.384564e-07
  SCPH ITER    20 :  DIFF =    6.358301e-07
  SCPH ITER    21 :  DIFF =    6.336559e-07
  SCPH ITER    22 :  DIFF =    6.318896e-07
  SCPH ITER    23 :  DIFF =    6.304970e-07
  SCPH ITER    24 :  DIFF =    6.294508e-07
  SCPH ITER    25 :  DIFF =    6.287299e-07
  SCPH ITER    26 :  DIFF =    6.283171e-07
  SCPH ITER    27 :  DIFF =    6.281988e-07
  SCPH ITER    28 :  DIFF =    6.283640e-07
  SCPH ITER    29 :  DIFF =    6.288036e-07
  SCPH ITER    30 :  DIFF =    6.295103e-07
  SCPH ITER    31 :  DIFF =    6.304775e-07
  SCPH ITER    32 :  DIFF =    6.317002e-07
  SCPH ITER    33 :  DIFF =    6.331735e-07
  SCPH ITER    34 :  DIFF =    6.348933e-07
  SCPH ITER    35 :  DIFF =    6.368560e-07
  SCPH ITER    36 :  DIFF =    6.390582e-07
  SCPH ITER    37 :  DIFF =    6.414966e-07
  SCPH ITER    38 :  DIFF =    6.441685e-07
  SCPH ITER    39 :  DIFF =    6.470708e-07
  SCPH ITER    40 :  DIFF =    6.502010e-07
  SCPH ITER    41 :  DIFF =    6.535563e-07
  SCPH ITER    42 :  DIFF =    6.571343e-07
  SCPH ITER    43 :  DIFF =    6.609323e-07
  SCPH ITER    44 :  DIFF =    6.649480e-07
  SCPH ITER    45 :  DIFF =    6.691790e-07
  SCPH ITER    46 :  DIFF =    6.736228e-07
  SCPH ITER    47 :  DIFF =    6.782772e-07
  SCPH ITER    48 :  DIFF =    6.831398e-07
  SCPH ITER    49 :  DIFF =    6.882085e-07
  SCPH ITER    50 :  DIFF =    6.934811e-07
  SCPH ITER    51 :  DIFF =    6.989555e-07
  SCPH ITER    52 :  DIFF =    7.046295e-07
  SCPH ITER    53 :  DIFF =    7.105013e-07
  SCPH ITER    54 :  DIFF =    7.165688e-07
  SCPH ITER    55 :  DIFF =    7.228301e-07
  SCPH ITER    56 :  DIFF =    7.292836e-07
  SCPH ITER    57 :  DIFF =    8.588736e-06
  SCPH ITER    58 :  DIFF =    3.566427e-05
  SCPH ITER    59 :  DIFF =    2.281906e-05
  SCPH ITER    60 :  DIFF =    1.037550e-05
  SCPH ITER    61 :  DIFF =    2.305031e-05
  SCPH ITER    62 :  DIFF =    2.346595e-05
  SCPH ITER    63 :  DIFF =    2.487833e-05
  SCPH ITER    64 :  DIFF =    2.342882e-05
  SCPH ITER    65 :  DIFF =    1.870768e-05
  SCPH ITER    66 :  DIFF =    2.313433e-05
  SCPH ITER    67 :  DIFF =    4.034793e-05
  SCPH ITER    68 :  DIFF =    2.259039e-05
  SCPH ITER    69 :  DIFF =    1.882685e-05
  SCPH ITER    70 :  DIFF =    4.619675e-05
  SCPH ITER    71 :  DIFF =    2.241574e-05
  SCPH ITER    72 :  DIFF =    2.312514e-05
  SCPH ITER    73 :  DIFF =    4.036237e-05
  SCPH ITER    74 :  DIFF =    2.258774e-05
  SCPH ITER    75 :  DIFF =    1.884279e-05
  SCPH ITER    76 :  DIFF =    4.622452e-05
  SCPH ITER    77 :  DIFF =    2.241422e-05
  SCPH ITER    78 :  DIFF =    2.312973e-05
  SCPH ITER    79 :  DIFF =    4.024361e-05
  SCPH ITER    80 :  DIFF =    2.259199e-05
  SCPH ITER    81 :  DIFF =    1.867703e-05
  SCPH ITER    82 :  DIFF =    4.580964e-05
  SCPH ITER    83 :  DIFF =    2.242228e-05
  SCPH ITER    84 :  DIFF =    2.302657e-05
  SCPH ITER    85 :  DIFF =    4.189454e-05
  SCPH ITER    86 :  DIFF =    2.253009e-05
  SCPH ITER    87 :  DIFF =    2.067425e-05
  SCPH ITER    88 :  DIFF =    4.961856e-05
  SCPH ITER    89 :  DIFF =    2.236834e-05
  SCPH ITER    90 :  DIFF =    2.345491e-05
  SCPH ITER    91 :  DIFF =    2.606754e-05
  SCPH ITER    92 :  DIFF =    2.337502e-05
  SCPH ITER    93 :  DIFF =    1.489425e-05
  SCPH ITER    94 :  DIFF =    2.167608e-05
  SCPH ITER    95 :  DIFF =    4.958041e-05
  SCPH ITER    96 :  DIFF =    2.236958e-05
  SCPH ITER    97 :  DIFF =    2.345589e-05
  SCPH ITER    98 :  DIFF =    2.622476e-05
  SCPH ITER    99 :  DIFF =    2.336834e-05
  SCPH ITER   100 :  DIFF =    1.440406e-05
  SCPH ITER   101 :  DIFF =    2.135587e-05
  SCPH ITER   102 :  DIFF =    4.986344e-05
  SCPH ITER   103 :  DIFF =    2.236772e-05
  SCPH ITER   104 :  DIFF =    2.345732e-05
  SCPH ITER   105 :  DIFF =    2.508212e-05
  SCPH ITER   106 :  DIFF =    2.341674e-05
  SCPH ITER   107 :  DIFF =    1.803692e-05
  SCPH ITER   108 :  DIFF =    2.298405e-05
  SCPH ITER   109 :  DIFF =    4.256047e-05
  SCPH ITER   110 :  DIFF =    2.250918e-05
  SCPH ITER   111 :  DIFF =    2.129933e-05
  SCPH ITER   112 :  DIFF =    4.986767e-05
  SCPH ITER   113 :  DIFF =    2.236711e-05
  SCPH ITER   114 :  DIFF =    2.345654e-05
  SCPH ITER   115 :  DIFF =    2.506376e-05
  SCPH ITER   116 :  DIFF =    2.341696e-05
  SCPH ITER   117 :  DIFF =    1.809592e-05
  SCPH ITER   118 :  DIFF =    2.299797e-05
  SCPH ITER   119 :  DIFF =    4.236833e-05
  SCPH ITER   120 :  DIFF =    2.251532e-05
  SCPH ITER   121 :  DIFF =    2.113025e-05
  SCPH ITER   122 :  DIFF =    4.987955e-05
  SCPH ITER   123 :  DIFF =    2.236699e-05
  SCPH ITER   124 :  DIFF =    2.345648e-05
  SCPH ITER   125 :  DIFF =    2.501597e-05
  SCPH ITER   126 :  DIFF =    2.341864e-05
  SCPH ITER   127 :  DIFF =    1.825119e-05
  SCPH ITER   128 :  DIFF =    2.303421e-05
  SCPH ITER   129 :  DIFF =    4.186142e-05
  SCPH ITER   130 :  DIFF =    2.253243e-05
  SCPH ITER   131 :  DIFF =    2.064294e-05
  SCPH ITER   132 :  DIFF =    4.960021e-05
  SCPH ITER   133 :  DIFF =    2.236904e-05
  SCPH ITER   134 :  DIFF =    2.345553e-05
  SCPH ITER   135 :  DIFF =    2.614334e-05
  SCPH ITER   136 :  DIFF =    2.337190e-05
  SCPH ITER   137 :  DIFF =    1.465763e-05
  SCPH ITER   138 :  DIFF =    2.152607e-05
  SCPH ITER   139 :  DIFF =    4.975187e-05
  SCPH ITER   140 :  DIFF =    2.236842e-05
  SCPH ITER   141 :  DIFF =    2.345706e-05
  SCPH ITER   142 :  DIFF =    2.553106e-05
  SCPH ITER   143 :  DIFF =    2.339929e-05
  SCPH ITER   144 :  DIFF =    1.659162e-05
  SCPH ITER   145 :  DIFF =    2.252807e-05
  SCPH ITER   146 :  DIFF =    4.670566e-05
  SCPH ITER   147 :  DIFF =    2.240608e-05
  SCPH ITER   148 :  DIFF =    2.322738e-05
  SCPH ITER   149 :  DIFF =    3.826754e-05
  SCPH ITER   150 :  DIFF =    2.267862e-05
  SCPH ITER   151 :  DIFF =    1.551193e-05
  SCPH ITER   152 :  DIFF =    3.700699e-05
  SCPH ITER   153 :  DIFF =    2.274066e-05
  SCPH ITER   154 :  DIFF =    1.313780e-05
  SCPH ITER   155 :  DIFF =    3.033845e-05
  SCPH ITER   156 :  DIFF =    2.313216e-05
  SCPH ITER   157 :  DIFF =    2.514187e-06
  SCPH ITER   158 :  DIFF =    4.763929e-06
  SCPH ITER   159 :  DIFF =    9.842303e-06
  SCPH ITER   160 :  DIFF =    1.666072e-05
  SCPH ITER   161 :  DIFF =    4.030714e-05
  SCPH ITER   162 :  DIFF =    2.259171e-05
  SCPH ITER   163 :  DIFF =    1.876981e-05
  SCPH ITER   164 :  DIFF =    4.605395e-05
  SCPH ITER   165 :  DIFF =    2.241839e-05
  SCPH ITER   166 :  DIFF =    2.309128e-05
  SCPH ITER   167 :  DIFF =    4.093617e-05
  SCPH ITER   168 :  DIFF =    2.256534e-05
  SCPH ITER   169 :  DIFF =    1.959371e-05
  SCPH ITER   170 :  DIFF =    4.793125e-05
  SCPH ITER   171 :  DIFF =    2.238633e-05
  SCPH ITER   172 :  DIFF =    2.338334e-05
  SCPH ITER   173 :  DIFF =    3.308814e-05
  SCPH ITER   174 :  DIFF =    2.296011e-05
  SCPH ITER   175 :  DIFF =    4.486067e-06
  SCPH ITER   176 :  DIFF =    9.237687e-06
  SCPH ITER   177 :  DIFF =    1.583272e-05
  SCPH ITER   178 :  DIFF =    3.793097e-05
  SCPH ITER   179 :  DIFF =    2.269593e-05
  SCPH ITER   180 :  DIFF =    1.490372e-05
  SCPH ITER   181 :  DIFF =    3.527490e-05
  SCPH ITER   182 :  DIFF =    2.283398e-05
  SCPH ITER   183 :  DIFF =    9.524837e-06
  SCPH ITER   184 :  DIFF =    2.091271e-05
  SCPH ITER   185 :  DIFF =    2.340062e-05
  SCPH ITER   186 :  DIFF =    3.247539e-05
  SCPH ITER   187 :  DIFF =    2.299959e-05
  SCPH ITER   188 :  DIFF =    2.989793e-06
  SCPH ITER   189 :  DIFF =    6.048407e-06
  SCPH ITER   190 :  DIFF =    1.094472e-05
  SCPH ITER   191 :  DIFF =    2.450546e-05
  SCPH ITER   192 :  DIFF =    2.343880e-05
  SCPH ITER   193 :  DIFF =    1.993274e-05
  SCPH ITER   194 :  DIFF =    2.331599e-05
  SCPH ITER   195 :  DIFF =    3.602170e-05
  SCPH ITER   196 :  DIFF =    2.279385e-05
  SCPH ITER   197 :  DIFF =    1.112876e-05
  SCPH ITER   198 :  DIFF =    2.498080e-05
  SCPH ITER   199 :  DIFF =    2.342272e-05
  SCPH ITER   200 :  DIFF =    1.836971e-05
  SCPH ITER   201 :  DIFF =    2.306313e-05
  SCPH ITER   202 :  DIFF =    4.148003e-05
  SCPH ITER   203 :  DIFF =    2.254667e-05
  SCPH ITER   204 :  DIFF =    2.023731e-05
  SCPH ITER   205 :  DIFF =    4.909937e-05
  SCPH ITER   206 :  DIFF =    2.237371e-05
  SCPH ITER   207 :  DIFF =    2.344747e-05
  SCPH ITER   208 :  DIFF =    2.819478e-05
  SCPH ITER   209 :  DIFF =    2.326226e-05
  SCPH ITER   210 :  DIFF =    8.486558e-06
  SCPH ITER   211 :  DIFF =    1.475583e-05
  SCPH ITER   212 :  DIFF =    3.485574e-05
  SCPH ITER   213 :  DIFF =    2.285781e-05
  SCPH ITER   214 :  DIFF =    8.597787e-06
  SCPH ITER   215 :  DIFF =    1.864444e-05
  SCPH ITER   216 :  DIFF =    2.311937e-05
  SCPH ITER   217 :  DIFF =    4.055308e-05
  SCPH ITER   218 :  DIFF =    2.258143e-05
  SCPH ITER   219 :  DIFF =    1.910312e-05
  SCPH ITER   220 :  DIFF =    4.685664e-05
  SCPH ITER   221 :  DIFF =    2.240331e-05
  SCPH ITER   222 :  DIFF =    2.325289e-05
  SCPH ITER   223 :  DIFF =    3.763550e-05
  SCPH ITER   224 :  DIFF =    2.270886e-05
  SCPH ITER   225 :  DIFF =    1.435127e-05
  SCPH ITER   226 :  DIFF =    3.370940e-05
  SCPH ITER   227 :  DIFF =    2.292371e-05
  SCPH ITER   228 :  DIFF =    5.967045e-06
  SCPH ITER   229 :  DIFF =    1.251081e-05
  SCPH ITER   230 :  DIFF =    1.977258e-05
  SCPH ITER   231 :  DIFF =    4.830695e-05
  SCPH ITER   232 :  DIFF =    2.238279e-05
  SCPH ITER   233 :  DIFF =    2.341313e-05
  SCPH ITER   234 :  DIFF =    3.150544e-05
  SCPH ITER   235 :  DIFF =    2.305846e-05
  SCPH ITER   236 :  DIFF =    5.462979e-07
  SCPH ITER   237 :  DIFF =    1.075741e-06
  SCPH ITER   238 :  DIFF =    2.072268e-06
  SCPH ITER   239 :  DIFF =    4.147848e-06
  SCPH ITER   240 :  DIFF =    7.703768e-06
  SCPH ITER   241 :  DIFF =    1.651168e-05
  SCPH ITER   242 :  DIFF =    2.250080e-05
  SCPH ITER   243 :  DIFF =    4.692084e-05
  SCPH ITER   244 :  DIFF =    2.240353e-05
  SCPH ITER   245 :  DIFF =    2.326537e-05
  SCPH ITER   246 :  DIFF =    3.737328e-05
  SCPH ITER   247 :  DIFF =    2.272250e-05
  SCPH ITER   248 :  DIFF =    1.385269e-05
  SCPH ITER   249 :  DIFF =    3.231410e-05
  SCPH ITER   250 :  DIFF =    2.300884e-05
  SCPH ITER   251 :  DIFF =    2.589497e-06
  SCPH ITER   252 :  DIFF =    5.214520e-06
  SCPH ITER   253 :  DIFF =    9.547294e-06
  SCPH ITER   254 :  DIFF =    2.096910e-05
  SCPH ITER   255 :  DIFF =    2.340563e-05
  SCPH ITER   256 :  DIFF =    3.227552e-05
  SCPH ITER   257 :  DIFF =    2.301248e-05
  SCPH ITER   258 :  DIFF =    2.493760e-06
  SCPH ITER   259 :  DIFF =    5.015810e-06
  SCPH ITER   260 :  DIFF =    9.209314e-06
  SCPH ITER   261 :  DIFF =    2.013492e-05
  SCPH ITER   262 :  DIFF =    2.333835e-05
  SCPH ITER   263 :  DIFF =    3.529556e-05
  SCPH ITER   264 :  DIFF =    2.283395e-05
  SCPH ITER   265 :  DIFF =    9.571081e-06
  SCPH ITER   266 :  DIFF =    2.102786e-05
  SCPH ITER   267 :  DIFF =    2.340879e-05
  SCPH ITER   268 :  DIFF =    3.206165e-05
  SCPH ITER   269 :  DIFF =    2.302555e-05
  SCPH ITER   270 :  DIFF =    1.958549e-06
  SCPH ITER   271 :  DIFF =    3.915211e-06
  SCPH ITER   272 :  DIFF =    7.293240e-06
  SCPH ITER   273 :  DIFF =    1.554923e-05
  SCPH ITER   274 :  DIFF =    2.205575e-05
  SCPH ITER   275 :  DIFF =    4.882431e-05
  SCPH ITER   276 :  DIFF =    2.237770e-05
  SCPH ITER   277 :  DIFF =    2.344036e-05
  SCPH ITER   278 :  DIFF =    2.933948e-05
  SCPH ITER   279 :  DIFF =    2.319412e-05
  SCPH ITER   280 :  DIFF =    5.239467e-06
  SCPH ITER   281 :  DIFF =    9.588781e-06
  SCPH ITER   282 :  DIFF =    2.107176e-05
  SCPH ITER   283 :  DIFF =    2.341126e-05
  SCPH ITER   284 :  DIFF =    3.190260e-05
  SCPH ITER   285 :  DIFF =    2.303537e-05
  SCPH ITER   286 :  DIFF =    1.557656e-06
  SCPH ITER   287 :  DIFF =    3.099710e-06
  SCPH ITER   288 :  DIFF =    5.833366e-06
  SCPH ITER   289 :  DIFF =    1.221014e-05
  SCPH ITER   290 :  DIFF =    1.947382e-05
  SCPH ITER   291 :  DIFF =    4.770862e-05
  SCPH ITER   292 :  DIFF =    2.239142e-05
  SCPH ITER   293 :  DIFF =    2.336591e-05
  SCPH ITER   294 :  DIFF =    3.404058e-05
  SCPH ITER   295 :  DIFF =    2.290438e-05
  SCPH ITER   296 :  DIFF =    6.740888e-06
  SCPH ITER   297 :  DIFF =    1.427075e-05
  SCPH ITER   298 :  DIFF =    2.126408e-05
  SCPH ITER   299 :  DIFF =    4.990098e-05
  SCPH ITER   300 :  DIFF =    2.236789e-05
  SCPH ITER   301 :  DIFF =    2.345783e-05
  SCPH ITER   302 :  DIFF =    2.493235e-05
  SCPH ITER   303 :  DIFF =    2.342233e-05
  SCPH ITER   304 :  DIFF =    1.852466e-05
  SCPH ITER   305 :  DIFF =    2.309396e-05
  SCPH ITER   306 :  DIFF =    4.095314e-05
  SCPH ITER   307 :  DIFF =    2.256558e-05
  SCPH ITER   308 :  DIFF =    1.961646e-05
  SCPH ITER   309 :  DIFF =    4.798401e-05
  SCPH ITER   310 :  DIFF =    2.238604e-05
  SCPH ITER   311 :  DIFF =    2.338839e-05
  SCPH ITER   312 :  DIFF =    3.286643e-05
  SCPH ITER   313 :  DIFF =    2.297383e-05
  SCPH ITER   314 :  DIFF =    3.948732e-06
  SCPH ITER   315 :  DIFF =    8.079317e-06
  SCPH ITER   316 :  DIFF =    1.415173e-05
  SCPH ITER   317 :  DIFF =    3.315261e-05
  SCPH ITER   318 :  DIFF =    2.295835e-05
  SCPH ITER   319 :  DIFF =    4.642431e-06
  SCPH ITER   320 :  DIFF =    9.577286e-06
  SCPH ITER   321 :  DIFF =    1.630325e-05
  SCPH ITER   322 :  DIFF =    3.928358e-05
  SCPH ITER   323 :  DIFF =    2.263449e-05
  SCPH ITER   324 :  DIFF =    1.723793e-05
  SCPH ITER   325 :  DIFF =    4.193972e-05
  SCPH ITER   326 :  DIFF =    2.253004e-05
  SCPH ITER   327 :  DIFF =    2.072287e-05
  SCPH ITER   328 :  DIFF =    4.967684e-05
  SCPH ITER   329 :  DIFF =    2.236861e-05
  SCPH ITER   330 :  DIFF =    2.345626e-05
  SCPH ITER   331 :  DIFF =    2.583320e-05
  SCPH ITER   332 :  DIFF =    2.338613e-05
  SCPH ITER   333 :  DIFF =    1.563176e-05
  SCPH ITER   334 :  DIFF =    2.209386e-05
  SCPH ITER   335 :  DIFF =    4.866799e-05
  SCPH ITER   336 :  DIFF =    2.237818e-05
  SCPH ITER   337 :  DIFF =    2.343212e-05
  SCPH ITER   338 :  DIFF =    2.998797e-05
  SCPH ITER   339 :  DIFF =    2.315317e-05
  SCPH ITER   340 :  DIFF =    3.458921e-06
  SCPH ITER   341 :  DIFF =    6.478383e-06
  SCPH ITER   342 :  DIFF =    1.366981e-05
  SCPH ITER   343 :  DIFF =    2.080943e-05
  SCPH ITER   344 :  DIFF =    4.976846e-05
  SCPH ITER   345 :  DIFF =    2.236901e-05
  SCPH ITER   346 :  DIFF =    2.345805e-05
  SCPH ITER   347 :  DIFF =    2.546583e-05
  SCPH ITER   348 :  DIFF =    2.340248e-05
  SCPH ITER   349 :  DIFF =    1.680082e-05
  SCPH ITER   350 :  DIFF =    2.260825e-05
  SCPH ITER   351 :  DIFF =    4.618355e-05
  SCPH ITER   352 :  DIFF =    2.241587e-05
  SCPH ITER   353 :  DIFF =    2.312190e-05
  SCPH ITER   354 :  DIFF =    4.041512e-05
  SCPH ITER   355 :  DIFF =    2.258557e-05
  SCPH ITER   356 :  DIFF =    1.891483e-05
  SCPH ITER   357 :  DIFF =    4.639995e-05
  SCPH ITER   358 :  DIFF =    2.241086e-05
  SCPH ITER   359 :  DIFF =    2.316749e-05
  SCPH ITER   360 :  DIFF =    3.952778e-05
  SCPH ITER   361 :  DIFF =    2.262169e-05
  SCPH ITER   362 :  DIFF =    1.761915e-05
  SCPH ITER   363 :  DIFF =    4.299578e-05
  SCPH ITER   364 :  DIFF =    2.249458e-05
  SCPH ITER   365 :  DIFF =    2.164855e-05
  SCPH ITER   366 :  DIFF =    4.959161e-05
  SCPH ITER   367 :  DIFF =    2.236864e-05
  SCPH ITER   368 :  DIFF =    2.345482e-05
  SCPH ITER   369 :  DIFF =    2.617706e-05
  SCPH ITER   370 :  DIFF =    2.336998e-05
  SCPH ITER   371 :  DIFF =    1.455205e-05
  SCPH ITER   372 :  DIFF =    2.145586e-05
  SCPH ITER   373 :  DIFF =    4.980446e-05
  SCPH ITER   374 :  DIFF =    2.236796e-05
  SCPH ITER   375 :  DIFF =    2.345706e-05
  SCPH ITER   376 :  DIFF =    2.531893e-05
  SCPH ITER   377 :  DIFF =    2.340772e-05
  SCPH ITER   378 :  DIFF =    1.727155e-05
  SCPH ITER   379 :  DIFF =    2.276912e-05
  SCPH ITER   380 :  DIFF =    4.489642e-05
  SCPH ITER   381 :  DIFF =    2.244359e-05
  SCPH ITER   382 :  DIFF =    2.272575e-05
  SCPH ITER   383 :  DIFF =    4.523687e-05
  SCPH ITER   384 :  DIFF =    2.243491e-05
  SCPH ITER   385 :  DIFF =    2.285061e-05
  SCPH ITER   386 :  DIFF =    4.404828e-05
  SCPH ITER   387 :  DIFF =    2.246402e-05
  SCPH ITER   388 :  DIFF =    2.232812e-05
  SCPH ITER   389 :  DIFF =    4.772483e-05
  SCPH ITER   390 :  DIFF =    2.238871e-05
  SCPH ITER   391 :  DIFF =    2.336370e-05
  SCPH ITER   392 :  DIFF =    3.396096e-05
  SCPH ITER   393 :  DIFF =    2.290766e-05
  SCPH ITER   394 :  DIFF =    6.554950e-06
  SCPH ITER   395 :  DIFF =    1.384463e-05
  SCPH ITER   396 :  DIFF =    2.094527e-05
  SCPH ITER   397 :  DIFF =    4.983896e-05
  SCPH ITER   398 :  DIFF =    2.236794e-05
  SCPH ITER   399 :  DIFF =    2.345739e-05
  SCPH ITER   400 :  DIFF =    2.518066e-05
  SCPH ITER   401 :  DIFF =    2.341316e-05
  SCPH ITER   402 :  DIFF =    1.771777e-05
  SCPH ITER   403 :  DIFF =    2.290126e-05
  SCPH ITER   404 :  DIFF =    4.356702e-05
  SCPH ITER   405 :  DIFF =    2.247857e-05
  SCPH ITER   406 :  DIFF =    2.204771e-05
  SCPH ITER   407 :  DIFF =    4.878727e-05
  SCPH ITER   408 :  DIFF =    2.237632e-05
  SCPH ITER   409 :  DIFF =    2.343639e-05
  SCPH ITER   410 :  DIFF =    2.948809e-05
  SCPH ITER   411 :  DIFF =    2.318383e-05
  SCPH ITER   412 :  DIFF =    4.827457e-06
  SCPH ITER   413 :  DIFF =    8.883341e-06
  SCPH ITER   414 :  DIFF =    1.933690e-05
  SCPH ITER   415 :  DIFF =    2.323764e-05
  SCPH ITER   416 :  DIFF =    3.814523e-05
  SCPH ITER   417 :  DIFF =    2.268581e-05
  SCPH ITER   418 :  DIFF =    1.529446e-05
  SCPH ITER   419 :  DIFF =    3.638849e-05
  SCPH ITER   420 :  DIFF =    2.277347e-05
  SCPH ITER   421 :  DIFF =    1.189092e-05
  SCPH ITER   422 :  DIFF =    2.697869e-05
  SCPH ITER   423 :  DIFF =    2.333208e-05
  SCPH ITER   424 :  DIFF =    1.209023e-05
  SCPH ITER   425 :  DIFF =    1.934685e-05
  SCPH ITER   426 :  DIFF =    4.742240e-05
  SCPH ITER   427 :  DIFF =    2.239493e-05
  SCPH ITER   428 :  DIFF =    2.333368e-05
  SCPH ITER   429 :  DIFF =    3.525162e-05
  SCPH ITER   430 :  DIFF =    2.283450e-05
  SCPH ITER   431 :  DIFF =    9.473174e-06
  SCPH ITER   432 :  DIFF =    2.078442e-05
  SCPH ITER   433 :  DIFF =    2.339125e-05
  SCPH ITER   434 :  DIFF =    3.293763e-05
  SCPH ITER   435 :  DIFF =    2.297103e-05
  SCPH ITER   436 :  DIFF =    4.122473e-06
  SCPH ITER   437 :  DIFF =    8.451905e-06
  SCPH ITER   438 :  DIFF =    1.470717e-05
  SCPH ITER   439 :  DIFF =    3.472046e-05
  SCPH ITER   440 :  DIFF =    2.286627e-05
  SCPH ITER   441 :  DIFF =    8.295088e-06
  SCPH ITER   442 :  DIFF =    1.791650e-05
  SCPH ITER   443 :  DIFF =    2.295641e-05
  SCPH ITER   444 :  DIFF =    4.295607e-05
  SCPH ITER   445 :  DIFF =    2.249743e-05
  SCPH ITER   446 :  DIFF =    2.162159e-05
  SCPH ITER   447 :  DIFF =    4.964743e-05
  SCPH ITER   448 :  DIFF =    2.236900e-05
  SCPH ITER   449 :  DIFF =    2.345630e-05
  SCPH ITER   450 :  DIFF =    2.595266e-05
  SCPH ITER   451 :  DIFF =    2.338092e-05
  SCPH ITER   452 :  DIFF =    1.525543e-05
  SCPH ITER   453 :  DIFF =    2.189071e-05
  SCPH ITER   454 :  DIFF =    4.920717e-05
  SCPH ITER   455 :  DIFF =    2.237287e-05
  SCPH ITER   456 :  DIFF =    2.345034e-05
  SCPH ITER   457 :  DIFF =    2.775102e-05
  SCPH ITER   458 :  DIFF =    2.328801e-05
  SCPH ITER   459 :  DIFF =    9.782516e-06
  SCPH ITER   460 :  DIFF =    1.657788e-05
  SCPH ITER   461 :  DIFF =    4.006530e-05
  SCPH ITER   462 :  DIFF =    2.260069e-05
  SCPH ITER   463 :  DIFF =    1.842644e-05
  SCPH ITER   464 :  DIFF =    4.517601e-05
  SCPH ITER   465 :  DIFF =    2.243682e-05
  SCPH ITER   466 :  DIFF =    2.283024e-05
  SCPH ITER   467 :  DIFF =    4.426997e-05
  SCPH ITER   468 :  DIFF =    2.245840e-05
  SCPH ITER   469 :  DIFF =    2.244404e-05
  SCPH ITER   470 :  DIFF =    4.714651e-05
  SCPH ITER   471 :  DIFF =    2.239752e-05
  SCPH ITER   472 :  DIFF =    2.329529e-05
  SCPH ITER   473 :  DIFF =    3.641051e-05
  SCPH ITER   474 :  DIFF =    2.277062e-05
  SCPH ITER   475 :  DIFF =    1.193425e-05
  SCPH ITER   476 :  DIFF =    2.709205e-05
  SCPH ITER   477 :  DIFF =    2.332498e-05
  SCPH ITER   478 :  DIFF =    1.174670e-05
  SCPH ITER   479 :  DIFF =    1.897838e-05
  SCPH ITER   480 :  DIFF =    4.656600e-05
  SCPH ITER   481 :  DIFF =    2.240884e-05
  SCPH ITER   482 :  DIFF =    2.320217e-05
  SCPH ITER   483 :  DIFF =    3.884951e-05
  SCPH ITER   484 :  DIFF =    2.265200e-05
  SCPH ITER   485 :  DIFF =    1.652192e-05
  SCPH ITER   486 :  DIFF =    3.990022e-05
  SCPH ITER   487 :  DIFF =    2.260668e-05
  SCPH ITER   488 :  DIFF =    1.818433e-05
  SCPH ITER   489 :  DIFF =    4.453513e-05
  SCPH ITER   490 :  DIFF =    2.245188e-05
  SCPH ITER   491 :  DIFF =    2.257112e-05
  SCPH ITER   492 :  DIFF =    4.638358e-05
  SCPH ITER   493 :  DIFF =    2.241089e-05
  SCPH ITER   494 :  DIFF =    2.316363e-05
  SCPH ITER   495 :  DIFF =    3.959322e-05
  SCPH ITER   496 :  DIFF =    2.261876e-05
  SCPH ITER   497 :  DIFF =    1.772007e-05
  SCPH ITER   498 :  DIFF =    4.327369e-05
  SCPH ITER   499 :  DIFF =    2.248613e-05
  SCPH ITER   500 :  DIFF =    2.185042e-05
Temp = 0.000000e+00 : not converged.
  STO_scph2-2.scph_dymat  : Anharmonic dynamical matrix (restart file)
  STO_scph2-2.scph_dfc2   : Anharmonic corrections to the second-order IFCs (SCPH)

 Running postprocess of SCPH (calculation of free energy, MSD, DOS)
 The number of temperature points: 21  
     STO_scph2-2.scph_bands  : SCPH band structure

 Job finished at Sat Jun 25 02:33:10 2022

