 +-----------------------------------------------------------------+
 +                         Program ANPHON                          +
 +                             Ver.  1.5.0                         +
 +-----------------------------------------------------------------+

 Job started at Tue Feb 27 18:38:12 2024

 The number of MPI processes: 16
 The number of OpenMP threads: 1


 Input variables:
 -----------------------------------------------------------------
 General:
  PREFIX = si222_harmonic
  MODE = PHONONS
  FCSXML = si222_harmonic.xml

  NKD = 1; KD =   Si
  MASS = 
  NSYM = 0; TOLERANCE = 0.001; PRINTSYM = 0

  NONANALYTIC = 0

  TMIN = 0; TMAX = 1000; DT = 10
  EMIN = 0; EMAX = 1000; DELTA_E = 10

  ISMEAR = -1; EPSILON = 10

  CLASSICAL = 0
  BCONNECT = 0


 Kpoint:
  KPMODE (1st entry for &kpoint) = 0


 Analysis:
  PRINTVEL = 0
  PRINTVEC = 1
  PRINTXSF = 0

  GRUNEISEN = 0
  NEWFCS = 0


 -----------------------------------------------------------------

                      MODE = phonons                         
                                                             
      Phonon calculation within harmonic approximation       
      Harmonic force constants will be used.                 

 -----------------------------------------------------------------

 Crystal structure
 =================

 Lattice Vectors:

 * Supercell (from si222_harmonic.xml )

    2.052621e+01   0.000000e+00   0.000000e+00 : a1
    0.000000e+00   2.052621e+01   0.000000e+00 : a2
    0.000000e+00   0.000000e+00   2.052621e+01 : a3

    3.061055e-01   0.000000e+00   0.000000e+00 : b1
    0.000000e+00   3.061055e-01   0.000000e+00 : b2
    0.000000e+00   0.000000e+00   3.061055e-01 : b3

 * Primitive cell 

    0.000000e+00   5.131551e+00   5.131551e+00 : a1
    5.131551e+00   0.000000e+00   5.131551e+00 : a2
    5.131551e+00   5.131551e+00   0.000000e+00 : a3

   -6.122111e-01   6.122111e-01   6.122111e-01 : b1
    6.122111e-01  -6.122111e-01   6.122111e-01 : b2
    6.122111e-01   6.122111e-01  -6.122111e-01 : b3


  Volume of the primitive cell : 2.702564e+02 (a.u.)^3

  Number of atoms in the supercell     : 64
  Number of atoms in the primitive cell: 2

  Atomic positions in the primitive cell (fractional):
   1:   0.000000e+00   0.000000e+00   0.000000e+00  Si
   2:   2.500000e-01   2.500000e-01   2.500000e-01  Si

  Mass of atomic species (u):
  Si:   28.085500


 Symmetry
 ========

  NSYM = 0 is given: Trying to find symmetry operations.

  Number of symmetry operations : 48
 k points
 ========

  KPMODE = 0 : Calculation on given k points
  Number of k points : 32

  List of k points : 
    1:       0.000000       0.000000       0.000000
    2:       0.250000       0.250000       0.000000
    3:      -0.250000      -0.250000       0.000000
    4:      -0.500000      -0.500000       0.000000
    5:       0.250000       0.000000       0.250000
    6:      -0.250000       0.000000      -0.250000
    7:      -0.500000       0.250000       0.250000
    8:       0.000000      -0.250000       0.250000
    9:       0.000000       0.250000      -0.250000
   10:      -0.500000      -0.250000      -0.250000
   11:      -0.250000      -0.500000       0.250000
   12:       0.250000      -0.500000      -0.250000
   13:      -0.500000       0.000000      -0.500000
   14:      -0.250000       0.250000      -0.500000
   15:       0.250000      -0.250000      -0.500000
   16:       0.000000      -0.500000      -0.500000
   17:       0.000000       0.250000       0.250000
   18:       0.000000      -0.250000      -0.250000
   19:       0.250000      -0.500000       0.250000
   20:      -0.250000       0.000000       0.250000
   21:       0.250000       0.000000      -0.250000
   22:      -0.250000      -0.500000      -0.250000
   23:      -0.500000      -0.250000       0.250000
   24:      -0.500000       0.250000      -0.250000
   25:       0.250000       0.250000      -0.500000
   26:      -0.250000       0.250000       0.000000
   27:       0.250000      -0.250000       0.000000
   28:      -0.250000      -0.250000      -0.500000
   29:      -0.500000      -0.500000      -0.500000
   30:       0.000000       0.000000      -0.500000
   31:       0.000000      -0.500000       0.000000
   32:      -0.500000       0.000000       0.000000

 Force constant
 ==============

  Reading force constants from the XML file ... done !
  Number of non-zero IFCs for 2 order: 1386

  Maximum deviation from the translational invariance: 
   Order 2 : 3.374037e-16


 Dynamical matrix
 ================

  NONANALYTIC = 0 : No non-analytic correction. 


 -----------------------------------------------------------------


 ISMEAR = -1: Tetrahedron method will be used.

 Now, move on to phonon calculations.

 Diagonalizing dynamical matrices for all k points ... done!

 -----------------------------------------------------------------

 Phonon frequencies below:

 # k point     1 : (  0.0000,  0.0000,  0.0000)
   Mode, Frequency 
      1      0.0000 cm^-1  (      0.0000 THz )
      2      0.0000 cm^-1  (      0.0000 THz )
      3      0.0000 cm^-1  (      0.0000 THz )
      4    509.6235 cm^-1  (     15.2781 THz )
      5    509.6235 cm^-1  (     15.2781 THz )
      6    509.6235 cm^-1  (     15.2781 THz )

 # k point     2 : (  0.2500,  0.2500,  0.0000)
   Mode, Frequency 
      1    121.7305 cm^-1  (      3.6494 THz )
      2    121.7305 cm^-1  (      3.6494 THz )
      3    238.0197 cm^-1  (      7.1357 THz )
      4    471.0635 cm^-1  (     14.1221 THz )
      5    471.0635 cm^-1  (     14.1221 THz )
      6    488.3224 cm^-1  (     14.6395 THz )

 # k point     3 : ( -0.2500, -0.2500,  0.0000)
   Mode, Frequency 
      1    121.7305 cm^-1  (      3.6494 THz )
      2    121.7305 cm^-1  (      3.6494 THz )
      3    238.0197 cm^-1  (      7.1357 THz )
      4    471.0635 cm^-1  (     14.1221 THz )
      5    471.0635 cm^-1  (     14.1221 THz )
      6    488.3224 cm^-1  (     14.6395 THz )

 # k point     4 : ( -0.5000, -0.5000,  0.0000)
   Mode, Frequency 
      1    134.1684 cm^-1  (      4.0223 THz )
      2    134.1684 cm^-1  (      4.0223 THz )
      3    405.5509 cm^-1  (     12.1581 THz )
      4    405.5509 cm^-1  (     12.1581 THz )
      5    458.6501 cm^-1  (     13.7500 THz )
      6    458.6501 cm^-1  (     13.7500 THz )

 # k point     5 : (  0.2500,  0.0000,  0.2500)
   Mode, Frequency 
      1    121.7305 cm^-1  (      3.6494 THz )
      2    121.7305 cm^-1  (      3.6494 THz )
      3    238.0197 cm^-1  (      7.1357 THz )
      4    471.0635 cm^-1  (     14.1221 THz )
      5    471.0635 cm^-1  (     14.1221 THz )
      6    488.3224 cm^-1  (     14.6395 THz )

 # k point     6 : ( -0.2500,  0.0000, -0.2500)
   Mode, Frequency 
      1    121.7305 cm^-1  (      3.6494 THz )
      2    121.7305 cm^-1  (      3.6494 THz )
      3    238.0197 cm^-1  (      7.1357 THz )
      4    471.0635 cm^-1  (     14.1221 THz )
      5    471.0635 cm^-1  (     14.1221 THz )
      6    488.3224 cm^-1  (     14.6395 THz )

 # k point     7 : ( -0.5000,  0.2500,  0.2500)
   Mode, Frequency 
      1    131.8235 cm^-1  (      3.9520 THz )
      2    187.9423 cm^-1  (      5.6344 THz )
      3    279.4807 cm^-1  (      8.3786 THz )
      4    416.6134 cm^-1  (     12.4898 THz )
      5    470.7407 cm^-1  (     14.1125 THz )
      6    485.2828 cm^-1  (     14.5484 THz )

 # k point     8 : (  0.0000, -0.2500,  0.2500)
   Mode, Frequency 
      1    131.8235 cm^-1  (      3.9520 THz )
      2    187.9423 cm^-1  (      5.6344 THz )
      3    279.4807 cm^-1  (      8.3786 THz )
      4    416.6134 cm^-1  (     12.4898 THz )
      5    470.7407 cm^-1  (     14.1125 THz )
      6    485.2828 cm^-1  (     14.5484 THz )

 # k point     9 : (  0.0000,  0.2500, -0.2500)
   Mode, Frequency 
      1    131.8235 cm^-1  (      3.9520 THz )
      2    187.9423 cm^-1  (      5.6344 THz )
      3    279.4807 cm^-1  (      8.3786 THz )
      4    416.6134 cm^-1  (     12.4898 THz )
      5    470.7407 cm^-1  (     14.1125 THz )
      6    485.2828 cm^-1  (     14.5484 THz )

 # k point    10 : ( -0.5000, -0.2500, -0.2500)
   Mode, Frequency 
      1    131.8235 cm^-1  (      3.9520 THz )
      2    187.9423 cm^-1  (      5.6344 THz )
      3    279.4807 cm^-1  (      8.3786 THz )
      4    416.6134 cm^-1  (     12.4898 THz )
      5    470.7407 cm^-1  (     14.1125 THz )
      6    485.2828 cm^-1  (     14.5484 THz )

 # k point    11 : ( -0.2500, -0.5000,  0.2500)
   Mode, Frequency 
      1    194.0076 cm^-1  (      5.8162 THz )
      2    194.0076 cm^-1  (      5.8162 THz )
      3    349.8930 cm^-1  (     10.4895 THz )
      4    349.8930 cm^-1  (     10.4895 THz )
      5    464.0578 cm^-1  (     13.9121 THz )
      6    464.0578 cm^-1  (     13.9121 THz )

 # k point    12 : (  0.2500, -0.5000, -0.2500)
   Mode, Frequency 
      1    194.0076 cm^-1  (      5.8162 THz )
      2    194.0076 cm^-1  (      5.8162 THz )
      3    349.8930 cm^-1  (     10.4895 THz )
      4    349.8930 cm^-1  (     10.4895 THz )
      5    464.0578 cm^-1  (     13.9121 THz )
      6    464.0578 cm^-1  (     13.9121 THz )

 # k point    13 : ( -0.5000,  0.0000, -0.5000)
   Mode, Frequency 
      1    134.1684 cm^-1  (      4.0223 THz )
      2    134.1684 cm^-1  (      4.0223 THz )
      3    405.5509 cm^-1  (     12.1581 THz )
      4    405.5509 cm^-1  (     12.1581 THz )
      5    458.6501 cm^-1  (     13.7500 THz )
      6    458.6501 cm^-1  (     13.7500 THz )

 # k point    14 : ( -0.2500,  0.2500, -0.5000)
   Mode, Frequency 
      1    194.0076 cm^-1  (      5.8162 THz )
      2    194.0076 cm^-1  (      5.8162 THz )
      3    349.8930 cm^-1  (     10.4895 THz )
      4    349.8930 cm^-1  (     10.4895 THz )
      5    464.0578 cm^-1  (     13.9121 THz )
      6    464.0578 cm^-1  (     13.9121 THz )

 # k point    15 : (  0.2500, -0.2500, -0.5000)
   Mode, Frequency 
      1    194.0076 cm^-1  (      5.8162 THz )
      2    194.0076 cm^-1  (      5.8162 THz )
      3    349.8930 cm^-1  (     10.4895 THz )
      4    349.8930 cm^-1  (     10.4895 THz )
      5    464.0578 cm^-1  (     13.9121 THz )
      6    464.0578 cm^-1  (     13.9121 THz )

 # k point    16 : (  0.0000, -0.5000, -0.5000)
   Mode, Frequency 
      1    134.1684 cm^-1  (      4.0223 THz )
      2    134.1684 cm^-1  (      4.0223 THz )
      3    405.5509 cm^-1  (     12.1581 THz )
      4    405.5509 cm^-1  (     12.1581 THz )
      5    458.6501 cm^-1  (     13.7500 THz )
      6    458.6501 cm^-1  (     13.7500 THz )

 # k point    17 : (  0.0000,  0.2500,  0.2500)
   Mode, Frequency 
      1    121.7305 cm^-1  (      3.6494 THz )
      2    121.7305 cm^-1  (      3.6494 THz )
      3    238.0197 cm^-1  (      7.1357 THz )
      4    471.0635 cm^-1  (     14.1221 THz )
      5    471.0635 cm^-1  (     14.1221 THz )
      6    488.3224 cm^-1  (     14.6395 THz )

 # k point    18 : (  0.0000, -0.2500, -0.2500)
   Mode, Frequency 
      1    121.7305 cm^-1  (      3.6494 THz )
      2    121.7305 cm^-1  (      3.6494 THz )
      3    238.0197 cm^-1  (      7.1357 THz )
      4    471.0635 cm^-1  (     14.1221 THz )
      5    471.0635 cm^-1  (     14.1221 THz )
      6    488.3224 cm^-1  (     14.6395 THz )

 # k point    19 : (  0.2500, -0.5000,  0.2500)
   Mode, Frequency 
      1    131.8235 cm^-1  (      3.9520 THz )
      2    187.9423 cm^-1  (      5.6344 THz )
      3    279.4807 cm^-1  (      8.3786 THz )
      4    416.6134 cm^-1  (     12.4898 THz )
      5    470.7407 cm^-1  (     14.1125 THz )
      6    485.2828 cm^-1  (     14.5484 THz )

 # k point    20 : ( -0.2500,  0.0000,  0.2500)
   Mode, Frequency 
      1    131.8235 cm^-1  (      3.9520 THz )
      2    187.9423 cm^-1  (      5.6344 THz )
      3    279.4807 cm^-1  (      8.3786 THz )
      4    416.6134 cm^-1  (     12.4898 THz )
      5    470.7407 cm^-1  (     14.1125 THz )
      6    485.2828 cm^-1  (     14.5484 THz )

 # k point    21 : (  0.2500,  0.0000, -0.2500)
   Mode, Frequency 
      1    131.8235 cm^-1  (      3.9520 THz )
      2    187.9423 cm^-1  (      5.6344 THz )
      3    279.4807 cm^-1  (      8.3786 THz )
      4    416.6134 cm^-1  (     12.4898 THz )
      5    470.7407 cm^-1  (     14.1125 THz )
      6    485.2828 cm^-1  (     14.5484 THz )

 # k point    22 : ( -0.2500, -0.5000, -0.2500)
   Mode, Frequency 
      1    131.8235 cm^-1  (      3.9520 THz )
      2    187.9423 cm^-1  (      5.6344 THz )
      3    279.4807 cm^-1  (      8.3786 THz )
      4    416.6134 cm^-1  (     12.4898 THz )
      5    470.7407 cm^-1  (     14.1125 THz )
      6    485.2828 cm^-1  (     14.5484 THz )

 # k point    23 : ( -0.5000, -0.2500,  0.2500)
   Mode, Frequency 
      1    194.0076 cm^-1  (      5.8162 THz )
      2    194.0076 cm^-1  (      5.8162 THz )
      3    349.8930 cm^-1  (     10.4895 THz )
      4    349.8930 cm^-1  (     10.4895 THz )
      5    464.0578 cm^-1  (     13.9121 THz )
      6    464.0578 cm^-1  (     13.9121 THz )

 # k point    24 : ( -0.5000,  0.2500, -0.2500)
   Mode, Frequency 
      1    194.0076 cm^-1  (      5.8162 THz )
      2    194.0076 cm^-1  (      5.8162 THz )
      3    349.8930 cm^-1  (     10.4895 THz )
      4    349.8930 cm^-1  (     10.4895 THz )
      5    464.0578 cm^-1  (     13.9121 THz )
      6    464.0578 cm^-1  (     13.9121 THz )

 # k point    25 : (  0.2500,  0.2500, -0.5000)
   Mode, Frequency 
      1    131.8235 cm^-1  (      3.9520 THz )
      2    187.9423 cm^-1  (      5.6344 THz )
      3    279.4807 cm^-1  (      8.3786 THz )
      4    416.6134 cm^-1  (     12.4898 THz )
      5    470.7407 cm^-1  (     14.1125 THz )
      6    485.2828 cm^-1  (     14.5484 THz )

 # k point    26 : ( -0.2500,  0.2500,  0.0000)
   Mode, Frequency 
      1    131.8235 cm^-1  (      3.9520 THz )
      2    187.9423 cm^-1  (      5.6344 THz )
      3    279.4807 cm^-1  (      8.3786 THz )
      4    416.6134 cm^-1  (     12.4898 THz )
      5    470.7407 cm^-1  (     14.1125 THz )
      6    485.2828 cm^-1  (     14.5484 THz )

 # k point    27 : (  0.2500, -0.2500,  0.0000)
   Mode, Frequency 
      1    131.8235 cm^-1  (      3.9520 THz )
      2    187.9423 cm^-1  (      5.6344 THz )
      3    279.4807 cm^-1  (      8.3786 THz )
      4    416.6134 cm^-1  (     12.4898 THz )
      5    470.7407 cm^-1  (     14.1125 THz )
      6    485.2828 cm^-1  (     14.5484 THz )

 # k point    28 : ( -0.2500, -0.2500, -0.5000)
   Mode, Frequency 
      1    131.8235 cm^-1  (      3.9520 THz )
      2    187.9423 cm^-1  (      5.6344 THz )
      3    279.4807 cm^-1  (      8.3786 THz )
      4    416.6134 cm^-1  (     12.4898 THz )
      5    470.7407 cm^-1  (     14.1125 THz )
      6    485.2828 cm^-1  (     14.5484 THz )

 # k point    29 : ( -0.5000, -0.5000, -0.5000)
   Mode, Frequency 
      1    103.5037 cm^-1  (      3.1030 THz )
      2    103.5037 cm^-1  (      3.1030 THz )
      3    368.8130 cm^-1  (     11.0567 THz )
      4    410.1591 cm^-1  (     12.2963 THz )
      5    486.4653 cm^-1  (     14.5839 THz )
      6    486.4653 cm^-1  (     14.5839 THz )

 # k point    30 : (  0.0000,  0.0000, -0.5000)
   Mode, Frequency 
      1    103.5037 cm^-1  (      3.1030 THz )
      2    103.5037 cm^-1  (      3.1030 THz )
      3    368.8130 cm^-1  (     11.0567 THz )
      4    410.1591 cm^-1  (     12.2963 THz )
      5    486.4653 cm^-1  (     14.5839 THz )
      6    486.4653 cm^-1  (     14.5839 THz )

 # k point    31 : (  0.0000, -0.5000,  0.0000)
   Mode, Frequency 
      1    103.5037 cm^-1  (      3.1030 THz )
      2    103.5037 cm^-1  (      3.1030 THz )
      3    368.8130 cm^-1  (     11.0567 THz )
      4    410.1591 cm^-1  (     12.2963 THz )
      5    486.4653 cm^-1  (     14.5839 THz )
      6    486.4653 cm^-1  (     14.5839 THz )

 # k point    32 : ( -0.5000,  0.0000,  0.0000)
   Mode, Frequency 
      1    103.5037 cm^-1  (      3.1030 THz )
      2    103.5037 cm^-1  (      3.1030 THz )
      3    368.8130 cm^-1  (     11.0567 THz )
      4    410.1591 cm^-1  (     12.2963 THz )
      5    486.4653 cm^-1  (     14.5839 THz )
      6    486.4653 cm^-1  (     14.5839 THz )


 -----------------------------------------------------------------

 The following files are created: 
  si222_harmonic.evec        : Eigenvector of all k points

 Job finished at Tue Feb 27 18:38:12 2024

