 +-----------------------------------------------------------------+
 +                         Program ANPHON                          +
 +                             Ver.  1.2.0                         +
 +-----------------------------------------------------------------+

 Job started at Mon Nov  8 10:21:50 2021

 The number of MPI processes: 16
 The number of OpenMP threads: 12


 Input variables:
 -----------------------------------------------------------------
 General:
  PREFIX = BAs
  MODE = RTA
  FCSXML = BAs.xml

  NKD = 2; KD =   As   B
  MASS =    74.9216     10.81
  NSYM = 0; TOLERANCE = 1e-06; PRINTSYM = 0

  NONANALYTIC = 2
  BORNINFO = BAs.born; NA_SIGMA = 0.1

  TMIN = 100; TMAX = 1000; DT = 50
  EMIN = 0; EMAX = 1000; DELTA_E = 10

  ISMEAR = 2; EPSILON = 10

  CLASSICAL = 0
  BCONNECT = 0

  RESTART = 0
  TRISYM = 1


 Kpoint:
  KPMODE (1st entry for &kpoint) = 2


 Kappa:
  ISOTOPE = 1
  ISOFACT = 
  KAPPA_SPEC = 0
  KAPPA_COHERENT = 0
  LEN_BOUNDARY = 0
  ISMEAR_4PH = 2
  EPSILON_4PH = 10

 Analysis:


 -----------------------------------------------------------------

                        MODE = RTA                           
                                                             
      Calculation of phonon line width (lifetime) and        
      lattice thermal conductivity within the RTA            
      (relaxation time approximation).                       
      Harmonic and anharmonic force constants will be used.  

 -----------------------------------------------------------------

 Crystal structure
 =================

 Lattice Vectors:

 * Supercell (from BAs.xml )

    2.688877e+01   0.000000e+00   0.000000e+00 : a1
    0.000000e+00   2.688877e+01   0.000000e+00 : a2
    0.000000e+00   0.000000e+00   2.688877e+01 : a3

    2.336733e-01   0.000000e+00   0.000000e+00 : b1
    0.000000e+00   2.336733e-01   0.000000e+00 : b2
    0.000000e+00   0.000000e+00   2.336733e-01 : b3

 * Primitive cell 

    0.000000e+00   4.481460e+00   4.481460e+00 : a1
    4.481460e+00   0.000000e+00   4.481460e+00 : a2
    4.481460e+00   4.481460e+00   0.000000e+00 : a3

   -7.010199e-01   7.010199e-01   7.010199e-01 : b1
    7.010199e-01  -7.010199e-01   7.010199e-01 : b2
    7.010199e-01   7.010199e-01  -7.010199e-01 : b3


  Volume of the primitive cell : 1.800066e+02 (a.u.)^3

  Number of atoms in the supercell     : 216
  Number of atoms in the primitive cell: 2

  Atomic positions in the primitive cell (fractional):
   1:   0.000000e+00   0.000000e+00   0.000000e+00  As
   2:   7.500002e-01   7.500002e-01  -2.500001e-01   B

  Mass of atomic species (u):
  As:   74.921600
   B:   10.810000


 Symmetry
 ========

  NSYM = 0 is given: Trying to find symmetry operations.
  Number of symmetry operations : 24

 k points
 ========

  KPMODE = 2: Uniform grid
  Gamma-centered uniform grid with the following mesh density: 
  nk1:  20
  nk2:  20
  nk3:  20

  Number of k points : 8000
  Number of irreducible k points : 256

  List of irreducible k points (reciprocal coordinate, weight) : 
      1:   0.00000e+00   0.00000e+00   0.00000e+00   0.000125
      2:   0.00000e+00   0.00000e+00   5.00000e-02   0.001000
      3:   0.00000e+00   0.00000e+00   1.00000e-01   0.001000
      4:   0.00000e+00   0.00000e+00   1.50000e-01   0.001000
      5:   0.00000e+00   0.00000e+00   2.00000e-01   0.001000
      6:   0.00000e+00   0.00000e+00   2.50000e-01   0.001000
      7:   0.00000e+00   0.00000e+00   3.00000e-01   0.001000
      8:   0.00000e+00   0.00000e+00   3.50000e-01   0.001000
      9:   0.00000e+00   0.00000e+00   4.00000e-01   0.001000
     10:   0.00000e+00   0.00000e+00   4.50000e-01   0.001000
     11:   0.00000e+00   0.00000e+00  -5.00000e-01   0.000500
     12:   0.00000e+00   5.00000e-02   5.00000e-02   0.000750
     13:   0.00000e+00   5.00000e-02   1.00000e-01   0.003000
     14:   0.00000e+00   5.00000e-02   1.50000e-01   0.003000
     15:   0.00000e+00   5.00000e-02   2.00000e-01   0.003000
     16:   0.00000e+00   5.00000e-02   2.50000e-01   0.003000
     17:   0.00000e+00   5.00000e-02   3.00000e-01   0.003000
     18:   0.00000e+00   5.00000e-02   3.50000e-01   0.003000
     19:   0.00000e+00   5.00000e-02   4.00000e-01   0.003000
     20:   0.00000e+00   5.00000e-02   4.50000e-01   0.003000
     21:   0.00000e+00   5.00000e-02  -5.00000e-01   0.003000
     22:   0.00000e+00   5.00000e-02  -4.50000e-01   0.003000
     23:   0.00000e+00   5.00000e-02  -4.00000e-01   0.003000
     24:   0.00000e+00   5.00000e-02  -3.50000e-01   0.003000
     25:   0.00000e+00   5.00000e-02  -3.00000e-01   0.003000
     26:   0.00000e+00   5.00000e-02  -2.50000e-01   0.003000
     27:   0.00000e+00   5.00000e-02  -2.00000e-01   0.003000
     28:   0.00000e+00   5.00000e-02  -1.50000e-01   0.003000
     29:   0.00000e+00   5.00000e-02  -1.00000e-01   0.003000
     30:   0.00000e+00   5.00000e-02  -5.00000e-02   0.001500
     31:   0.00000e+00   1.00000e-01   1.00000e-01   0.000750
     32:   0.00000e+00   1.00000e-01   1.50000e-01   0.003000
     33:   0.00000e+00   1.00000e-01   2.00000e-01   0.003000
     34:   0.00000e+00   1.00000e-01   2.50000e-01   0.003000
     35:   0.00000e+00   1.00000e-01   3.00000e-01   0.003000
     36:   0.00000e+00   1.00000e-01   3.50000e-01   0.003000
     37:   0.00000e+00   1.00000e-01   4.00000e-01   0.003000
     38:   0.00000e+00   1.00000e-01   4.50000e-01   0.003000
     39:   0.00000e+00   1.00000e-01  -5.00000e-01   0.003000
     40:   0.00000e+00   1.00000e-01  -4.50000e-01   0.003000
     41:   0.00000e+00   1.00000e-01  -4.00000e-01   0.003000
     42:   0.00000e+00   1.00000e-01  -3.50000e-01   0.003000
     43:   0.00000e+00   1.00000e-01  -3.00000e-01   0.003000
     44:   0.00000e+00   1.00000e-01  -2.50000e-01   0.003000
     45:   0.00000e+00   1.00000e-01  -2.00000e-01   0.003000
     46:   0.00000e+00   1.00000e-01  -1.50000e-01   0.003000
     47:   0.00000e+00   1.00000e-01  -1.00000e-01   0.001500
     48:   0.00000e+00   1.50000e-01   1.50000e-01   0.000750
     49:   0.00000e+00   1.50000e-01   2.00000e-01   0.003000
     50:   0.00000e+00   1.50000e-01   2.50000e-01   0.003000
     51:   0.00000e+00   1.50000e-01   3.00000e-01   0.003000
     52:   0.00000e+00   1.50000e-01   3.50000e-01   0.003000
     53:   0.00000e+00   1.50000e-01   4.00000e-01   0.003000
     54:   0.00000e+00   1.50000e-01   4.50000e-01   0.003000
     55:   0.00000e+00   1.50000e-01  -5.00000e-01   0.003000
     56:   0.00000e+00   1.50000e-01  -4.50000e-01   0.003000
     57:   0.00000e+00   1.50000e-01  -4.00000e-01   0.003000
     58:   0.00000e+00   1.50000e-01  -3.50000e-01   0.003000
     59:   0.00000e+00   1.50000e-01  -3.00000e-01   0.003000
     60:   0.00000e+00   1.50000e-01  -2.50000e-01   0.003000
     61:   0.00000e+00   1.50000e-01  -2.00000e-01   0.003000
     62:   0.00000e+00   1.50000e-01  -1.50000e-01   0.001500
     63:   0.00000e+00   2.00000e-01   2.00000e-01   0.000750
     64:   0.00000e+00   2.00000e-01   2.50000e-01   0.003000
     65:   0.00000e+00   2.00000e-01   3.00000e-01   0.003000
     66:   0.00000e+00   2.00000e-01   3.50000e-01   0.003000
     67:   0.00000e+00   2.00000e-01   4.00000e-01   0.003000
     68:   0.00000e+00   2.00000e-01   4.50000e-01   0.003000
     69:   0.00000e+00   2.00000e-01  -5.00000e-01   0.003000
     70:   0.00000e+00   2.00000e-01  -4.50000e-01   0.003000
     71:   0.00000e+00   2.00000e-01  -4.00000e-01   0.003000
     72:   0.00000e+00   2.00000e-01  -3.50000e-01   0.003000
     73:   0.00000e+00   2.00000e-01  -3.00000e-01   0.003000
     74:   0.00000e+00   2.00000e-01  -2.50000e-01   0.003000
     75:   0.00000e+00   2.00000e-01  -2.00000e-01   0.001500
     76:   0.00000e+00   2.50000e-01   2.50000e-01   0.000750
     77:   0.00000e+00   2.50000e-01   3.00000e-01   0.003000
     78:   0.00000e+00   2.50000e-01   3.50000e-01   0.003000
     79:   0.00000e+00   2.50000e-01   4.00000e-01   0.003000
     80:   0.00000e+00   2.50000e-01   4.50000e-01   0.003000
     81:   0.00000e+00   2.50000e-01  -5.00000e-01   0.003000
     82:   0.00000e+00   2.50000e-01  -4.50000e-01   0.003000
     83:   0.00000e+00   2.50000e-01  -4.00000e-01   0.003000
     84:   0.00000e+00   2.50000e-01  -3.50000e-01   0.003000
     85:   0.00000e+00   2.50000e-01  -3.00000e-01   0.003000
     86:   0.00000e+00   2.50000e-01  -2.50000e-01   0.001500
     87:   0.00000e+00   3.00000e-01   3.00000e-01   0.000750
     88:   0.00000e+00   3.00000e-01   3.50000e-01   0.003000
     89:   0.00000e+00   3.00000e-01   4.00000e-01   0.003000
     90:   0.00000e+00   3.00000e-01   4.50000e-01   0.003000
     91:   0.00000e+00   3.00000e-01  -5.00000e-01   0.003000
     92:   0.00000e+00   3.00000e-01  -4.50000e-01   0.003000
     93:   0.00000e+00   3.00000e-01  -4.00000e-01   0.003000
     94:   0.00000e+00   3.00000e-01  -3.50000e-01   0.003000
     95:   0.00000e+00   3.00000e-01  -3.00000e-01   0.001500
     96:   0.00000e+00   3.50000e-01   3.50000e-01   0.000750
     97:   0.00000e+00   3.50000e-01   4.00000e-01   0.003000
     98:   0.00000e+00   3.50000e-01   4.50000e-01   0.003000
     99:   0.00000e+00   3.50000e-01  -5.00000e-01   0.003000
    100:   0.00000e+00   3.50000e-01  -4.50000e-01   0.003000
    101:   0.00000e+00   3.50000e-01  -4.00000e-01   0.003000
    102:   0.00000e+00   3.50000e-01  -3.50000e-01   0.001500
    103:   0.00000e+00   4.00000e-01   4.00000e-01   0.000750
    104:   0.00000e+00   4.00000e-01   4.50000e-01   0.003000
    105:   0.00000e+00   4.00000e-01  -5.00000e-01   0.003000
    106:   0.00000e+00   4.00000e-01  -4.50000e-01   0.003000
    107:   0.00000e+00   4.00000e-01  -4.00000e-01   0.001500
    108:   0.00000e+00   4.50000e-01   4.50000e-01   0.000750
    109:   0.00000e+00   4.50000e-01  -5.00000e-01   0.003000
    110:   0.00000e+00   4.50000e-01  -4.50000e-01   0.001500
    111:   0.00000e+00  -5.00000e-01  -5.00000e-01   0.000375
    112:   5.00000e-02   1.00000e-01   1.50000e-01   0.003000
    113:   5.00000e-02   1.00000e-01   2.00000e-01   0.006000
    114:   5.00000e-02   1.00000e-01   2.50000e-01   0.006000
    115:   5.00000e-02   1.00000e-01   3.00000e-01   0.006000
    116:   5.00000e-02   1.00000e-01   3.50000e-01   0.006000
    117:   5.00000e-02   1.00000e-01   4.00000e-01   0.006000
    118:   5.00000e-02   1.00000e-01   4.50000e-01   0.006000
    119:   5.00000e-02   1.00000e-01  -5.00000e-01   0.006000
    120:   5.00000e-02   1.00000e-01  -4.50000e-01   0.003000
    121:   5.00000e-02   1.50000e-01   2.00000e-01   0.003000
    122:   5.00000e-02   1.50000e-01   2.50000e-01   0.006000
    123:   5.00000e-02   1.50000e-01   3.00000e-01   0.006000
    124:   5.00000e-02   1.50000e-01   3.50000e-01   0.006000
    125:   5.00000e-02   1.50000e-01   4.00000e-01   0.006000
    126:   5.00000e-02   1.50000e-01   4.50000e-01   0.006000
    127:   5.00000e-02   1.50000e-01  -5.00000e-01   0.006000
    128:   5.00000e-02   1.50000e-01  -4.50000e-01   0.006000
    129:   5.00000e-02   1.50000e-01  -4.00000e-01   0.006000
    130:   5.00000e-02   1.50000e-01  -3.50000e-01   0.006000
    131:   5.00000e-02   1.50000e-01  -3.00000e-01   0.006000
    132:   5.00000e-02   1.50000e-01  -2.50000e-01   0.006000
    133:   5.00000e-02   1.50000e-01  -2.00000e-01   0.006000
    134:   5.00000e-02   1.50000e-01  -1.50000e-01   0.006000
    135:   5.00000e-02   1.50000e-01  -1.00000e-01   0.003000
    136:   5.00000e-02   2.00000e-01   2.50000e-01   0.003000
    137:   5.00000e-02   2.00000e-01   3.00000e-01   0.006000
    138:   5.00000e-02   2.00000e-01   3.50000e-01   0.006000
    139:   5.00000e-02   2.00000e-01   4.00000e-01   0.006000
    140:   5.00000e-02   2.00000e-01   4.50000e-01   0.006000
    141:   5.00000e-02   2.00000e-01  -5.00000e-01   0.006000
    142:   5.00000e-02   2.00000e-01  -4.50000e-01   0.006000
    143:   5.00000e-02   2.00000e-01  -4.00000e-01   0.006000
    144:   5.00000e-02   2.00000e-01  -3.50000e-01   0.006000
    145:   5.00000e-02   2.00000e-01  -3.00000e-01   0.006000
    146:   5.00000e-02   2.00000e-01  -2.50000e-01   0.006000
    147:   5.00000e-02   2.00000e-01  -2.00000e-01   0.006000
    148:   5.00000e-02   2.00000e-01  -1.50000e-01   0.003000
    149:   5.00000e-02   2.50000e-01   3.00000e-01   0.003000
    150:   5.00000e-02   2.50000e-01   3.50000e-01   0.006000
    151:   5.00000e-02   2.50000e-01   4.00000e-01   0.006000
    152:   5.00000e-02   2.50000e-01   4.50000e-01   0.006000
    153:   5.00000e-02   2.50000e-01  -5.00000e-01   0.006000
    154:   5.00000e-02   2.50000e-01  -4.50000e-01   0.006000
    155:   5.00000e-02   2.50000e-01  -4.00000e-01   0.006000
    156:   5.00000e-02   2.50000e-01  -3.50000e-01   0.006000
    157:   5.00000e-02   2.50000e-01  -3.00000e-01   0.006000
    158:   5.00000e-02   2.50000e-01  -2.50000e-01   0.006000
    159:   5.00000e-02   2.50000e-01  -2.00000e-01   0.003000
    160:   5.00000e-02   3.00000e-01   3.50000e-01   0.003000
    161:   5.00000e-02   3.00000e-01   4.00000e-01   0.006000
    162:   5.00000e-02   3.00000e-01   4.50000e-01   0.006000
    163:   5.00000e-02   3.00000e-01  -5.00000e-01   0.006000
    164:   5.00000e-02   3.00000e-01  -4.50000e-01   0.006000
    165:   5.00000e-02   3.00000e-01  -4.00000e-01   0.006000
    166:   5.00000e-02   3.00000e-01  -3.50000e-01   0.006000
    167:   5.00000e-02   3.00000e-01  -3.00000e-01   0.006000
    168:   5.00000e-02   3.00000e-01  -2.50000e-01   0.003000
    169:   5.00000e-02   3.50000e-01   4.00000e-01   0.003000
    170:   5.00000e-02   3.50000e-01   4.50000e-01   0.006000
    171:   5.00000e-02   3.50000e-01  -5.00000e-01   0.006000
    172:   5.00000e-02   3.50000e-01  -4.50000e-01   0.006000
    173:   5.00000e-02   3.50000e-01  -4.00000e-01   0.006000
    174:   5.00000e-02   3.50000e-01  -3.50000e-01   0.006000
    175:   5.00000e-02   3.50000e-01  -3.00000e-01   0.003000
    176:   5.00000e-02   4.00000e-01   4.50000e-01   0.003000
    177:   5.00000e-02   4.00000e-01  -5.00000e-01   0.006000
    178:   5.00000e-02   4.00000e-01  -4.50000e-01   0.006000
    179:   5.00000e-02   4.00000e-01  -4.00000e-01   0.006000
    180:   5.00000e-02   4.00000e-01  -3.50000e-01   0.003000
    181:   5.00000e-02   4.50000e-01  -5.00000e-01   0.003000
    182:   5.00000e-02   4.50000e-01  -4.50000e-01   0.006000
    183:   5.00000e-02   4.50000e-01  -4.00000e-01   0.003000
    184:   5.00000e-02  -5.00000e-01  -4.50000e-01   0.001500
    185:   1.00000e-01   2.00000e-01   3.00000e-01   0.003000
    186:   1.00000e-01   2.00000e-01   3.50000e-01   0.006000
    187:   1.00000e-01   2.00000e-01   4.00000e-01   0.006000
    188:   1.00000e-01   2.00000e-01   4.50000e-01   0.006000
    189:   1.00000e-01   2.00000e-01  -5.00000e-01   0.006000
    190:   1.00000e-01   2.00000e-01  -4.50000e-01   0.006000
    191:   1.00000e-01   2.00000e-01  -4.00000e-01   0.003000
    192:   1.00000e-01   2.50000e-01   3.50000e-01   0.003000
    193:   1.00000e-01   2.50000e-01   4.00000e-01   0.006000
    194:   1.00000e-01   2.50000e-01   4.50000e-01   0.006000
    195:   1.00000e-01   2.50000e-01  -5.00000e-01   0.006000
    196:   1.00000e-01   2.50000e-01  -4.50000e-01   0.006000
    197:   1.00000e-01   2.50000e-01  -4.00000e-01   0.006000
    198:   1.00000e-01   2.50000e-01  -3.50000e-01   0.006000
    199:   1.00000e-01   2.50000e-01  -3.00000e-01   0.006000
    200:   1.00000e-01   2.50000e-01  -2.50000e-01   0.006000
    201:   1.00000e-01   2.50000e-01  -2.00000e-01   0.006000
    202:   1.00000e-01   2.50000e-01  -1.50000e-01   0.003000
    203:   1.00000e-01   3.00000e-01   4.00000e-01   0.003000
    204:   1.00000e-01   3.00000e-01   4.50000e-01   0.006000
    205:   1.00000e-01   3.00000e-01  -5.00000e-01   0.006000
    206:   1.00000e-01   3.00000e-01  -4.50000e-01   0.006000
    207:   1.00000e-01   3.00000e-01  -4.00000e-01   0.006000
    208:   1.00000e-01   3.00000e-01  -3.50000e-01   0.006000
    209:   1.00000e-01   3.00000e-01  -3.00000e-01   0.006000
    210:   1.00000e-01   3.00000e-01  -2.50000e-01   0.006000
    211:   1.00000e-01   3.00000e-01  -2.00000e-01   0.003000
    212:   1.00000e-01   3.50000e-01   4.50000e-01   0.003000
    213:   1.00000e-01   3.50000e-01  -5.00000e-01   0.006000
    214:   1.00000e-01   3.50000e-01  -4.50000e-01   0.006000
    215:   1.00000e-01   3.50000e-01  -4.00000e-01   0.006000
    216:   1.00000e-01   3.50000e-01  -3.50000e-01   0.006000
    217:   1.00000e-01   3.50000e-01  -3.00000e-01   0.006000
    218:   1.00000e-01   3.50000e-01  -2.50000e-01   0.003000
    219:   1.00000e-01   4.00000e-01  -5.00000e-01   0.003000
    220:   1.00000e-01   4.00000e-01  -4.50000e-01   0.006000
    221:   1.00000e-01   4.00000e-01  -4.00000e-01   0.006000
    222:   1.00000e-01   4.00000e-01  -3.50000e-01   0.006000
    223:   1.00000e-01   4.00000e-01  -3.00000e-01   0.003000
    224:   1.00000e-01   4.50000e-01  -4.50000e-01   0.003000
    225:   1.00000e-01   4.50000e-01  -4.00000e-01   0.006000
    226:   1.00000e-01   4.50000e-01  -3.50000e-01   0.003000
    227:   1.00000e-01  -5.00000e-01  -4.00000e-01   0.001500
    228:   1.50000e-01   3.00000e-01   4.50000e-01   0.003000
    229:   1.50000e-01   3.00000e-01  -5.00000e-01   0.006000
    230:   1.50000e-01   3.00000e-01  -4.50000e-01   0.006000
    231:   1.50000e-01   3.00000e-01  -4.00000e-01   0.006000
    232:   1.50000e-01   3.00000e-01  -3.50000e-01   0.003000
    233:   1.50000e-01   3.50000e-01  -5.00000e-01   0.003000
    234:   1.50000e-01   3.50000e-01  -4.50000e-01   0.006000
    235:   1.50000e-01   3.50000e-01  -4.00000e-01   0.006000
    236:   1.50000e-01   3.50000e-01  -3.50000e-01   0.006000
    237:   1.50000e-01   3.50000e-01  -3.00000e-01   0.006000
    238:   1.50000e-01   3.50000e-01  -2.50000e-01   0.006000
    239:   1.50000e-01   3.50000e-01  -2.00000e-01   0.003000
    240:   1.50000e-01   4.00000e-01  -4.50000e-01   0.003000
    241:   1.50000e-01   4.00000e-01  -4.00000e-01   0.006000
    242:   1.50000e-01   4.00000e-01  -3.50000e-01   0.006000
    243:   1.50000e-01   4.00000e-01  -3.00000e-01   0.006000
    244:   1.50000e-01   4.00000e-01  -2.50000e-01   0.003000
    245:   1.50000e-01   4.50000e-01  -4.00000e-01   0.003000
    246:   1.50000e-01   4.50000e-01  -3.50000e-01   0.006000
    247:   1.50000e-01   4.50000e-01  -3.00000e-01   0.003000
    248:   1.50000e-01  -5.00000e-01  -3.50000e-01   0.001500
    249:   2.00000e-01   4.00000e-01  -4.00000e-01   0.003000
    250:   2.00000e-01   4.00000e-01  -3.50000e-01   0.006000
    251:   2.00000e-01   4.00000e-01  -3.00000e-01   0.003000
    252:   2.00000e-01   4.50000e-01  -3.50000e-01   0.003000
    253:   2.00000e-01   4.50000e-01  -3.00000e-01   0.006000
    254:   2.00000e-01   4.50000e-01  -2.50000e-01   0.003000
    255:   2.00000e-01  -5.00000e-01  -3.00000e-01   0.001500
    256:   2.50000e-01  -5.00000e-01  -2.50000e-01   0.000750

 Force constant
 ==============

  Reading force constants from the XML file ... done !
  Number of non-zero IFCs for 2 order: 4314
  Number of non-zero IFCs for 3 order: 137556
  Number of non-zero IFCs for 4 order: 396678

  Maximum deviation from the translational invariance: 
   Order 2 : 4.857226e-16
   Order 3 : 4.024558e-16
   Order 4 : 3.637227e-16


 Dynamical matrix
 ================

  NONANALYTIC = 2 : Non-analytic part of the dynamical matrix will be included 
                    by the mixed-space approach.

  Dielectric constants and Born effective charges are read from BAs.born.

  Dielectric constant tensor in Cartesian coordinate : 
   9.954242e+00   0.000000e+00   0.000000e+00
   0.000000e+00   9.954242e+00   0.000000e+00
   0.000000e+00   0.000000e+00   9.954242e+00

  Born effective charge tensor in Cartesian coordinate
  Atom    1( As) :
      -0.463407       0.000000       0.000000
      -0.000000      -0.463407      -0.000000
       0.000000      -0.000000      -0.463407
  Atom    2(  B) :
       0.463992       0.000000      -0.000000
       0.000000       0.463992      -0.000000
      -0.000000      -0.000000       0.463992

  WARNING: Born effective charges do not satisfy the acoustic sum rule.
           The born effective charges are modified to satisfy the ASR.

 -----------------------------------------------------------------


 ISMEAR = 2: adaptive method will be used.

 -- QUARTIC > 0: 4ph scattering will calculated with flag ISMEAR_4PH --
 ISMEAR_4PH = 2: Adaptive smearing method will be used 

 Now, move on to phonon calculations.

 Diagonalizing dynamical matrices for all k points ... done!
 ISOTOPE >= 1: Isotope scattering effects will be considered
               with the following scattering factors.
   As:     0.000000e+00
    B:     1.353915e-03

 Calculating self-energies from isotope scatterings (adaptive)... done!

 distribute q point ... 
 number of q point each process:    16

 Generating all k pairs ... 
     DONE ! 
 Writing Q and W to file ...

 Calculate once for the transition probability L(absorb) and L(emitt) ...
     size of L (MB) (approx.) = 168
     adaptive methods will be used for the delta function
     DONE !
 Four-phonon scattering rate will be calculated additionally.
  KMESH for 4-ph:
   nk1 :     8
   nk2 :     8
   nk3 :     8
 RESTART_4PH = 1 : Restart from the interrupted run.
                   Phonon lifetimes will be load from file BAs.4ph.result
                   and check the consistency of the computational settings.

 Computing 4-phonon scattering amplitude ... 
 WARNING: This is very very expensive!! Please be patient.
 Total Number of phonon modes to be calculated : 0
 All modes are distributed to MPI thread/s as the following :
 RANK:     1 MODES:     0
 RANK:     2 MODES:     0
 RANK:     3 MODES:     0
 RANK:     4 MODES:     0
 RANK:     5 MODES:     0
 RANK:     6 MODES:     0
 RANK:     7 MODES:     0
 RANK:     8 MODES:     0
 RANK:     9 MODES:     0
 RANK:    10 MODES:     0
 RANK:    11 MODES:     0
 RANK:    12 MODES:     0
 RANK:    13 MODES:     0
 RANK:    14 MODES:     0
 RANK:    15 MODES:     0
 RANK:    16 MODES:     0


 Iteration starts ...

 Temperature step ...    100.00 K    -----------------------------
      Kappa [W/mK]        xx          xy          xz          yx          yy          yz          zx          zy          zz
   -> iter   0:     2.22e+03    1.68e-02    1.68e-02    1.68e-02    2.22e+03    1.68e-02    1.68e-02    1.68e-02    2.22e+03
   -> iter   1:     2.60e+03   -3.46e-02   -4.32e-02    1.73e-02    2.60e+03    3.01e-02   -3.55e-02    2.15e-02    2.60e+03
   -> iter   2:     2.94e+03    3.36e-03   -6.58e-02    7.24e-02    2.94e+03   -4.33e-02   -5.44e-03   -2.58e-02    2.94e+03
   -> iter   3:     3.11e+03    9.31e-03   -7.77e-02    8.53e-02    3.11e+03   -6.04e-02   -1.86e-03   -3.45e-02    3.11e+03
   -> iter   4:     3.25e+03    3.07e-02   -9.15e-02    1.16e-01    3.25e+03   -1.07e-01    1.63e-02   -6.05e-02    3.25e+03
   -> iter   5:     3.33e+03    3.41e-02   -9.89e-02    1.22e-01    3.33e+03   -1.19e-01    1.86e-02   -6.57e-02    3.33e+03
   -> iter   6:     3.39e+03    4.31e-02   -1.07e-01    1.36e-01    3.39e+03   -1.42e-01    2.59e-02   -7.72e-02    3.39e+03
   -> iter   7:     3.42e+03    4.48e-02   -1.11e-01    1.40e-01    3.42e+03   -1.49e-01    2.69e-02   -8.00e-02    3.42e+03
   -> iter   8:     3.45e+03    4.83e-02   -1.15e-01    1.45e-01    3.45e+03   -1.60e-01    2.95e-02   -8.48e-02    3.45e+03
   -> iter   9:     3.47e+03    4.91e-02   -1.17e-01    1.47e-01    3.47e+03   -1.65e-01    2.98e-02   -8.63e-02    3.47e+03
   -> iter  10:     3.48e+03    5.05e-02   -1.19e-01    1.50e-01    3.48e+03   -1.70e-01    3.06e-02   -8.84e-02    3.48e+03
   -> iter  11:     3.49e+03    5.08e-02   -1.21e-01    1.51e-01    3.49e+03   -1.72e-01    3.06e-02   -8.91e-02    3.49e+03
   -> iter  12:     3.50e+03    5.14e-02   -1.22e-01    1.52e-01    3.50e+03   -1.74e-01    3.09e-02   -9.00e-02    3.50e+03
   -> iter  13:     3.50e+03    5.15e-02   -1.23e-01    1.52e-01    3.50e+03   -1.76e-01    3.08e-02   -9.04e-02    3.50e+03
   -> iter  14:     3.51e+03    5.17e-02   -1.23e-01    1.53e-01    3.51e+03   -1.77e-01    3.08e-02   -9.08e-02    3.51e+03
   -> iter  15:     3.51e+03    5.18e-02   -1.24e-01    1.53e-01    3.51e+03   -1.78e-01    3.08e-02   -9.09e-02    3.51e+03
   -> iter   Kappa converged 
 Temperature step ...    150.00 K    -----------------------------
      Kappa [W/mK]        xx          xy          xz          yx          yy          yz          zx          zy          zz
   -> iter   0:     1.77e+03    1.84e-02    1.84e-02    1.84e-02    1.77e+03    1.84e-02    1.84e-02    1.84e-02    1.77e+03
   -> iter   1:     2.10e+03    1.21e-02   -2.62e-02    4.73e-02    2.10e+03   -2.35e-02    1.57e-02   -9.31e-03    2.10e+03
   -> iter   2:     2.38e+03    4.13e-02   -4.44e-02    8.89e-02    2.38e+03   -8.18e-02    4.23e-02   -4.61e-02    2.38e+03
   -> iter   3:     2.53e+03    6.15e-02   -5.40e-02    1.15e-01    2.53e+03   -1.22e-01    6.27e-02   -7.00e-02    2.53e+03
   -> iter   4:     2.65e+03    8.04e-02   -6.46e-02    1.40e-01    2.65e+03   -1.62e-01    8.04e-02   -9.22e-02    2.65e+03
   -> iter   5:     2.72e+03    9.04e-02   -7.08e-02    1.53e-01    2.72e+03   -1.84e-01    9.04e-02   -1.04e-01    2.72e+03
   -> iter   6:     2.78e+03    9.98e-02   -7.72e-02    1.66e-01    2.78e+03   -2.06e-01    9.89e-02   -1.15e-01    2.78e+03
   -> iter   7:     2.82e+03    1.05e-01   -8.11e-02    1.73e-01    2.82e+03   -2.18e-01    1.03e-01   -1.21e-01    2.82e+03
   -> iter   8:     2.85e+03    1.09e-01   -8.48e-02    1.79e-01    2.85e+03   -2.29e-01    1.07e-01   -1.27e-01    2.85e+03
   -> iter   9:     2.87e+03    1.11e-01   -8.72e-02    1.83e-01    2.87e+03   -2.36e-01    1.09e-01   -1.30e-01    2.87e+03
   -> iter  10:     2.88e+03    1.13e-01   -8.93e-02    1.86e-01    2.88e+03   -2.42e-01    1.11e-01   -1.32e-01    2.88e+03
   -> iter  11:     2.89e+03    1.15e-01   -9.07e-02    1.88e-01    2.89e+03   -2.45e-01    1.12e-01   -1.34e-01    2.89e+03
   -> iter  12:     2.90e+03    1.15e-01   -9.19e-02    1.90e-01    2.90e+03   -2.49e-01    1.12e-01   -1.35e-01    2.90e+03
   -> iter  13:     2.90e+03    1.16e-01   -9.27e-02    1.91e-01    2.90e+03   -2.51e-01    1.13e-01   -1.36e-01    2.90e+03
   -> iter  14:     2.91e+03    1.17e-01   -9.34e-02    1.92e-01    2.91e+03   -2.52e-01    1.13e-01   -1.37e-01    2.91e+03
   -> iter  15:     2.91e+03    1.17e-01   -9.38e-02    1.92e-01    2.91e+03   -2.53e-01    1.13e-01   -1.37e-01    2.91e+03
   -> iter   Kappa converged 
 Temperature step ...    200.00 K    -----------------------------
      Kappa [W/mK]        xx          xy          xz          yx          yy          yz          zx          zy          zz
   -> iter   0:     1.35e+03    1.37e-02    1.37e-02    1.37e-02    1.35e+03    1.37e-02    1.37e-02    1.37e-02    1.35e+03
   -> iter   1:     1.60e+03    1.53e-02   -1.93e-02    3.92e-02    1.60e+03   -2.98e-02    1.91e-02   -1.30e-02    1.60e+03
   -> iter   2:     1.80e+03    3.69e-02   -3.28e-02    6.93e-02    1.80e+03   -7.41e-02    3.98e-02   -4.08e-02    1.80e+03
   -> iter   3:     1.91e+03    5.62e-02   -3.92e-02    9.21e-02    1.91e+03   -1.11e-01    5.99e-02   -6.32e-02    1.91e+03
   -> iter   4:     2.00e+03    7.11e-02   -4.58e-02    1.11e-01    2.00e+03   -1.41e-01    7.43e-02   -8.02e-02    2.00e+03
   -> iter   5:     2.05e+03    8.08e-02   -4.97e-02    1.22e-01    2.05e+03   -1.60e-01    8.44e-02   -9.12e-02    2.05e+03
   -> iter   6:     2.10e+03    8.84e-02   -5.36e-02    1.32e-01    2.10e+03   -1.77e-01    9.16e-02   -9.99e-02    2.10e+03
   -> iter   7:     2.12e+03    9.31e-02   -5.59e-02    1.38e-01    2.12e+03   -1.87e-01    9.63e-02   -1.05e-01    2.12e+03
   -> iter   8:     2.14e+03    9.69e-02   -5.81e-02    1.43e-01    2.14e+03   -1.95e-01    9.97e-02   -1.10e-01    2.14e+03
   -> iter   9:     2.15e+03    9.91e-02   -5.96e-02    1.46e-01    2.15e+03   -2.01e-01    1.02e-01   -1.12e-01    2.15e+03
   -> iter  10:     2.16e+03    1.01e-01   -6.08e-02    1.48e-01    2.16e+03   -2.05e-01    1.03e-01   -1.15e-01    2.16e+03
   -> iter  11:     2.17e+03    1.02e-01   -6.16e-02    1.50e-01    2.17e+03   -2.08e-01    1.04e-01   -1.16e-01    2.17e+03
   -> iter  12:     2.17e+03    1.03e-01   -6.23e-02    1.51e-01    2.17e+03   -2.10e-01    1.05e-01   -1.17e-01    2.17e+03
   -> iter  13:     2.18e+03    1.03e-01   -6.27e-02    1.52e-01    2.18e+03   -2.12e-01    1.06e-01   -1.18e-01    2.18e+03
   -> iter  14:     2.18e+03    1.04e-01   -6.31e-02    1.52e-01    2.18e+03   -2.13e-01    1.06e-01   -1.18e-01    2.18e+03
   -> iter  15:     2.18e+03    1.04e-01   -6.33e-02    1.53e-01    2.18e+03   -2.14e-01    1.06e-01   -1.19e-01    2.18e+03
   -> iter   Kappa converged 
 Temperature step ...    250.00 K    -----------------------------
      Kappa [W/mK]        xx          xy          xz          yx          yy          yz          zx          zy          zz
   -> iter   0:     1.02e+03    9.41e-03    9.41e-03    9.41e-03    1.02e+03    9.41e-03    9.41e-03    9.41e-03    1.02e+03
   -> iter   1:     1.21e+03    1.31e-02   -1.47e-02    2.96e-02    1.21e+03   -2.81e-02    1.63e-02   -1.30e-02    1.21e+03
   -> iter   2:     1.35e+03    2.94e-02   -2.43e-02    5.17e-02    1.35e+03   -6.16e-02    3.22e-02   -3.41e-02    1.35e+03
   -> iter   3:     1.43e+03    4.47e-02   -2.85e-02    6.90e-02    1.43e+03   -9.07e-02    4.84e-02   -5.18e-02    1.43e+03
   -> iter   4:     1.49e+03    5.58e-02   -3.24e-02    8.22e-02    1.49e+03   -1.12e-01    5.94e-02   -6.42e-02    1.49e+03
   -> iter   5:     1.52e+03    6.33e-02   -3.46e-02    9.06e-02    1.52e+03   -1.26e-01    6.72e-02   -7.26e-02    1.52e+03
   -> iter   6:     1.55e+03    6.87e-02   -3.67e-02    9.71e-02    1.55e+03   -1.37e-01    7.25e-02   -7.87e-02    1.55e+03
   -> iter   7:     1.56e+03    7.21e-02   -3.80e-02    1.01e-01    1.56e+03   -1.44e-01    7.60e-02   -8.25e-02    1.56e+03
   -> iter   8:     1.58e+03    7.46e-02   -3.91e-02    1.04e-01    1.58e+03   -1.49e-01    7.84e-02   -8.54e-02    1.58e+03
   -> iter   9:     1.58e+03    7.62e-02   -3.98e-02    1.06e-01    1.58e+03   -1.53e-01    8.00e-02   -8.73e-02    1.58e+03
   -> iter  10:     1.59e+03    7.74e-02   -4.04e-02    1.07e-01    1.59e+03   -1.55e-01    8.10e-02   -8.86e-02    1.59e+03
   -> iter  11:     1.59e+03    7.81e-02   -4.08e-02    1.08e-01    1.59e+03   -1.57e-01    8.17e-02   -8.95e-02    1.59e+03
   -> iter  12:     1.59e+03    7.86e-02   -4.11e-02    1.09e-01    1.59e+03   -1.58e-01    8.22e-02   -9.01e-02    1.59e+03
   -> iter  13:     1.59e+03    7.90e-02   -4.13e-02    1.10e-01    1.59e+03   -1.59e-01    8.25e-02   -9.05e-02    1.59e+03
   -> iter  14:     1.59e+03    7.92e-02   -4.14e-02    1.10e-01    1.59e+03   -1.60e-01    8.27e-02   -9.08e-02    1.59e+03
   -> iter   Kappa converged 
 Temperature step ...    300.00 K    -----------------------------
      Kappa [W/mK]        xx          xy          xz          yx          yy          yz          zx          zy          zz
   -> iter   0:     7.93e+02    6.56e-03    6.56e-03    6.56e-03    7.93e+02    6.56e-03    6.56e-03    6.56e-03    7.93e+02
   -> iter   1:     9.34e+02    1.07e-02   -1.13e-02    2.26e-02    9.34e+02   -2.45e-02    1.32e-02   -1.18e-02    9.34e+02
   -> iter   2:     1.04e+03    2.31e-02   -1.82e-02    3.91e-02    1.04e+03   -5.00e-02    2.55e-02   -2.81e-02    1.04e+03
   -> iter   3:     1.09e+03    3.46e-02   -2.09e-02    5.19e-02    1.09e+03   -7.17e-02    3.77e-02   -4.13e-02    1.09e+03
   -> iter   4:     1.13e+03    4.27e-02   -2.33e-02    6.11e-02    1.13e+03   -8.68e-02    4.59e-02   -5.03e-02    1.13e+03
   -> iter   5:     1.15e+03    4.79e-02   -2.46e-02    6.68e-02    1.15e+03   -9.66e-02    5.14e-02   -5.62e-02    1.15e+03
   -> iter   6:     1.16e+03    5.16e-02   -2.57e-02    7.10e-02    1.16e+03   -1.04e-01    5.50e-02   -6.02e-02    1.16e+03
   -> iter   7:     1.17e+03    5.38e-02   -2.64e-02    7.35e-02    1.17e+03   -1.08e-01    5.74e-02   -6.28e-02    1.17e+03
   -> iter   8:     1.18e+03    5.54e-02   -2.69e-02    7.53e-02    1.18e+03   -1.11e-01    5.89e-02   -6.46e-02    1.18e+03
   -> iter   9:     1.18e+03    5.64e-02   -2.73e-02    7.64e-02    1.18e+03   -1.13e-01    5.98e-02   -6.57e-02    1.18e+03
   -> iter  10:     1.19e+03    5.70e-02   -2.76e-02    7.72e-02    1.19e+03   -1.15e-01    6.05e-02   -6.64e-02    1.19e+03
   -> iter  11:     1.19e+03    5.75e-02   -2.77e-02    7.77e-02    1.19e+03   -1.16e-01    6.09e-02   -6.69e-02    1.19e+03
   -> iter  12:     1.19e+03    5.77e-02   -2.79e-02    7.81e-02    1.19e+03   -1.16e-01    6.12e-02   -6.72e-02    1.19e+03
   -> iter  13:     1.19e+03    5.79e-02   -2.79e-02    7.83e-02    1.19e+03   -1.17e-01    6.13e-02   -6.74e-02    1.19e+03
   -> iter   Kappa converged 
 Temperature step ...    350.00 K    -----------------------------
      Kappa [W/mK]        xx          xy          xz          yx          yy          yz          zx          zy          zz
   -> iter   0:     6.30e+02    4.76e-03    4.76e-03    4.76e-03    6.30e+02    4.76e-03    4.76e-03    4.76e-03    6.30e+02
   -> iter   1:     7.39e+02    8.59e-03   -8.89e-03    1.77e-02    7.39e+02   -2.07e-02    1.06e-02   -1.03e-02    7.39e+02
   -> iter   2:     8.14e+02    1.83e-02   -1.39e-02    3.04e-02    8.14e+02   -4.04e-02    2.02e-02   -2.30e-02    8.14e+02
   -> iter   3:     8.52e+02    2.68e-02   -1.58e-02    3.97e-02    8.52e+02   -5.65e-02    2.93e-02   -3.29e-02    8.52e+02
   -> iter   4:     8.77e+02    3.27e-02   -1.73e-02    4.63e-02    8.77e+02   -6.73e-02    3.53e-02   -3.94e-02    8.77e+02
   -> iter   5:     8.91e+02    3.63e-02   -1.80e-02    5.01e-02    8.91e+02   -7.40e-02    3.91e-02   -4.35e-02    8.91e+02
   -> iter   6:     9.00e+02    3.87e-02   -1.87e-02    5.29e-02    9.00e+02   -7.87e-02    4.16e-02   -4.62e-02    9.00e+02
   -> iter   7:     9.06e+02    4.02e-02   -1.91e-02    5.44e-02    9.06e+02   -8.15e-02    4.31e-02   -4.78e-02    9.06e+02
   -> iter   8:     9.09e+02    4.11e-02   -1.94e-02    5.55e-02    9.09e+02   -8.34e-02    4.40e-02   -4.89e-02    9.09e+02
   -> iter   9:     9.11e+02    4.17e-02   -1.95e-02    5.61e-02    9.11e+02   -8.46e-02    4.46e-02   -4.95e-02    9.11e+02
   -> iter  10:     9.12e+02    4.21e-02   -1.97e-02    5.65e-02    9.12e+02   -8.53e-02    4.50e-02   -5.00e-02    9.12e+02
   -> iter  11:     9.13e+02    4.23e-02   -1.97e-02    5.68e-02    9.13e+02   -8.58e-02    4.52e-02   -5.02e-02    9.13e+02
   -> iter  12:     9.14e+02    4.24e-02   -1.98e-02    5.70e-02    9.14e+02   -8.61e-02    4.53e-02   -5.04e-02    9.14e+02
   -> iter   Kappa converged 
 Temperature step ...    400.00 K    -----------------------------
      Kappa [W/mK]        xx          xy          xz          yx          yy          yz          zx          zy          zz
   -> iter   0:     5.13e+02    3.60e-03    3.60e-03    3.60e-03    5.13e+02    3.60e-03    3.60e-03    3.60e-03    5.13e+02
   -> iter   1:     5.99e+02    6.93e-03   -7.17e-03    1.42e-02    5.99e+02   -1.74e-02    8.53e-03   -8.90e-03    5.99e+02
   -> iter   2:     6.56e+02    1.46e-02   -1.10e-02    2.41e-02    6.56e+02   -3.29e-02    1.62e-02   -1.90e-02    6.56e+02
   -> iter   3:     6.83e+02    2.10e-02   -1.23e-02    3.11e-02    6.83e+02   -4.50e-02    2.30e-02   -2.64e-02    6.83e+02
   -> iter   4:     7.01e+02    2.53e-02   -1.33e-02    3.58e-02    7.01e+02   -5.28e-02    2.74e-02   -3.12e-02    7.01e+02
   -> iter   5:     7.10e+02    2.78e-02   -1.38e-02    3.85e-02    7.10e+02   -5.75e-02    3.01e-02   -3.40e-02    7.10e+02
   -> iter   6:     7.16e+02    2.94e-02   -1.42e-02    4.02e-02    7.16e+02   -6.06e-02    3.17e-02   -3.58e-02    7.16e+02
   -> iter   7:     7.19e+02    3.03e-02   -1.44e-02    4.12e-02    7.19e+02   -6.24e-02    3.27e-02   -3.69e-02    7.19e+02
   -> iter   8:     7.21e+02    3.09e-02   -1.45e-02    4.19e-02    7.21e+02   -6.36e-02    3.33e-02   -3.75e-02    7.21e+02
   -> iter   9:     7.22e+02    3.13e-02   -1.46e-02    4.22e-02    7.22e+02   -6.42e-02    3.36e-02   -3.79e-02    7.22e+02
   -> iter  10:     7.23e+02    3.15e-02   -1.47e-02    4.25e-02    7.23e+02   -6.47e-02    3.39e-02   -3.82e-02    7.23e+02
   -> iter  11:     7.23e+02    3.16e-02   -1.47e-02    4.26e-02    7.23e+02   -6.49e-02    3.40e-02   -3.83e-02    7.23e+02
   -> iter   Kappa converged 
 Temperature step ...    450.00 K    -----------------------------
      Kappa [W/mK]        xx          xy          xz          yx          yy          yz          zx          zy          zz
   -> iter   0:     4.27e+02    2.82e-03    2.82e-03    2.82e-03    4.27e+02    2.82e-03    2.82e-03    2.82e-03    4.27e+02
   -> iter   1:     4.97e+02    5.63e-03   -5.92e-03    1.16e-02    4.97e+02   -1.47e-02    6.93e-03   -7.64e-03    4.97e+02
   -> iter   2:     5.40e+02    1.18e-02   -8.87e-03    1.95e-02    5.40e+02   -2.71e-02    1.31e-02   -1.58e-02    5.40e+02
   -> iter   3:     5.60e+02    1.66e-02   -9.86e-03    2.48e-02    5.60e+02   -3.63e-02    1.83e-02   -2.15e-02    5.60e+02
   -> iter   4:     5.73e+02    1.98e-02   -1.05e-02    2.83e-02    5.73e+02   -4.21e-02    2.15e-02   -2.50e-02    5.73e+02
   -> iter   5:     5.79e+02    2.16e-02   -1.08e-02    3.01e-02    5.79e+02   -4.54e-02    2.34e-02   -2.70e-02    5.79e+02
   -> iter   6:     5.83e+02    2.27e-02   -1.11e-02    3.14e-02    5.83e+02   -4.75e-02    2.46e-02   -2.83e-02    5.83e+02
   -> iter   7:     5.85e+02    2.33e-02   -1.12e-02    3.20e-02    5.85e+02   -4.87e-02    2.52e-02   -2.89e-02    5.85e+02
   -> iter   8:     5.87e+02    2.37e-02   -1.13e-02    3.24e-02    5.87e+02   -4.94e-02    2.56e-02   -2.94e-02    5.87e+02
   -> iter   9:     5.87e+02    2.39e-02   -1.14e-02    3.26e-02    5.87e+02   -4.98e-02    2.58e-02   -2.96e-02    5.87e+02
   -> iter  10:     5.88e+02    2.40e-02   -1.14e-02    3.27e-02    5.88e+02   -5.01e-02    2.59e-02   -2.97e-02    5.88e+02
   -> iter  11:     5.88e+02    2.41e-02   -1.14e-02    3.28e-02    5.88e+02   -5.02e-02    2.60e-02   -2.98e-02    5.88e+02
   -> iter   Kappa converged 
 Temperature step ...    500.00 K    -----------------------------
      Kappa [W/mK]        xx          xy          xz          yx          yy          yz          zx          zy          zz
   -> iter   0:     3.62e+02    2.26e-03    2.26e-03    2.26e-03    3.62e+02    2.26e-03    2.26e-03    2.26e-03    3.62e+02
   -> iter   1:     4.19e+02    4.59e-03   -4.99e-03    9.61e-03    4.19e+02   -1.25e-02    5.68e-03   -6.57e-03    4.19e+02
   -> iter   2:     4.53e+02    9.59e-03   -7.34e-03    1.61e-02    4.53e+02   -2.25e-02    1.07e-02   -1.32e-02    4.53e+02
   -> iter   3:     4.69e+02    1.33e-02   -8.09e-03    2.01e-02    4.69e+02   -2.96e-02    1.47e-02   -1.76e-02    4.69e+02
   -> iter   4:     4.78e+02    1.57e-02   -8.57e-03    2.28e-02    4.78e+02   -3.40e-02    1.72e-02   -2.03e-02    4.78e+02
   -> iter   5:     4.83e+02    1.70e-02   -8.79e-03    2.41e-02    4.83e+02   -3.64e-02    1.85e-02   -2.18e-02    4.83e+02
   -> iter   6:     4.85e+02    1.78e-02   -8.94e-03    2.49e-02    4.85e+02   -3.79e-02    1.93e-02   -2.27e-02    4.85e+02
   -> iter   7:     4.87e+02    1.82e-02   -9.02e-03    2.53e-02    4.87e+02   -3.87e-02    1.98e-02   -2.31e-02    4.87e+02
   -> iter   8:     4.87e+02    1.84e-02   -9.08e-03    2.56e-02    4.87e+02   -3.91e-02    2.00e-02   -2.34e-02    4.87e+02
   -> iter   9:     4.88e+02    1.86e-02   -9.11e-03    2.57e-02    4.88e+02   -3.94e-02    2.02e-02   -2.35e-02    4.88e+02
   -> iter  10:     4.88e+02    1.86e-02   -9.13e-03    2.58e-02    4.88e+02   -3.95e-02    2.02e-02   -2.36e-02    4.88e+02
   -> iter   Kappa converged 
 Temperature step ...    550.00 K    -----------------------------
      Kappa [W/mK]        xx          xy          xz          yx          yy          yz          zx          zy          zz
   -> iter   0:     3.12e+02    1.86e-03    1.86e-03    1.86e-03    3.12e+02    1.86e-03    1.86e-03    1.86e-03    3.12e+02
   -> iter   1:     3.59e+02    3.77e-03   -4.28e-03    8.08e-03    3.59e+02   -1.06e-02    4.69e-03   -5.67e-03    3.59e+02
   -> iter   2:     3.87e+02    7.89e-03   -6.19e-03    1.34e-02    3.87e+02   -1.89e-02    8.79e-03   -1.12e-02    3.87e+02
   -> iter   3:     3.99e+02    1.08e-02   -6.78e-03    1.66e-02    3.99e+02   -2.45e-02    1.19e-02   -1.47e-02    3.99e+02
   -> iter   4:     4.06e+02    1.27e-02   -7.13e-03    1.86e-02    4.06e+02   -2.79e-02    1.38e-02   -1.68e-02    4.06e+02
   -> iter   5:     4.09e+02    1.36e-02   -7.29e-03    1.96e-02    4.09e+02   -2.96e-02    1.49e-02   -1.78e-02    4.09e+02
   -> iter   6:     4.11e+02    1.42e-02   -7.39e-03    2.02e-02    4.11e+02   -3.07e-02    1.54e-02   -1.84e-02    4.11e+02
   -> iter   7:     4.12e+02    1.44e-02   -7.45e-03    2.05e-02    4.12e+02   -3.12e-02    1.57e-02   -1.88e-02    4.12e+02
   -> iter   8:     4.12e+02    1.46e-02   -7.48e-03    2.06e-02    4.12e+02   -3.16e-02    1.59e-02   -1.89e-02    4.12e+02
   -> iter   9:     4.12e+02    1.47e-02   -7.50e-03    2.07e-02    4.12e+02   -3.17e-02    1.60e-02   -1.90e-02    4.12e+02
   -> iter  10:     4.13e+02    1.47e-02   -7.51e-03    2.08e-02    4.13e+02   -3.18e-02    1.60e-02   -1.91e-02    4.13e+02
   -> iter   Kappa converged 
 Temperature step ...    600.00 K    -----------------------------
      Kappa [W/mK]        xx          xy          xz          yx          yy          yz          zx          zy          zz
   -> iter   0:     2.71e+02    1.56e-03    1.56e-03    1.56e-03    2.71e+02    1.56e-03    1.56e-03    1.56e-03    2.71e+02
   -> iter   1:     3.12e+02    3.12e-03   -3.72e-03    6.88e-03    3.12e+02   -9.15e-03    3.90e-03   -4.93e-03    3.12e+02
   -> iter   2:     3.34e+02    6.55e-03   -5.31e-03    1.14e-02    3.34e+02   -1.61e-02    7.31e-03   -9.55e-03    3.34e+02
   -> iter   3:     3.44e+02    8.85e-03   -5.78e-03    1.39e-02    3.44e+02   -2.05e-02    9.80e-03   -1.23e-02    3.44e+02
   -> iter   4:     3.49e+02    1.03e-02   -6.05e-03    1.54e-02    3.49e+02   -2.32e-02    1.13e-02   -1.40e-02    3.49e+02
   -> iter   5:     3.51e+02    1.10e-02   -6.16e-03    1.62e-02    3.51e+02   -2.45e-02    1.21e-02   -1.48e-02    3.51e+02
   -> iter   6:     3.53e+02    1.14e-02   -6.23e-03    1.66e-02    3.53e+02   -2.52e-02    1.25e-02   -1.52e-02    3.53e+02
   -> iter   7:     3.53e+02    1.16e-02   -6.27e-03    1.68e-02    3.53e+02   -2.56e-02    1.27e-02   -1.54e-02    3.53e+02
   -> iter   8:     3.54e+02    1.17e-02   -6.29e-03    1.69e-02    3.54e+02   -2.58e-02    1.28e-02   -1.56e-02    3.54e+02
   -> iter   9:     3.54e+02    1.18e-02   -6.30e-03    1.70e-02    3.54e+02   -2.59e-02    1.29e-02   -1.56e-02    3.54e+02
   -> iter   Kappa converged 
 Temperature step ...    650.00 K    -----------------------------
      Kappa [W/mK]        xx          xy          xz          yx          yy          yz          zx          zy          zz
   -> iter   0:     2.39e+02    1.32e-03    1.32e-03    1.32e-03    2.39e+02    1.32e-03    1.32e-03    1.32e-03    2.39e+02
   -> iter   1:     2.73e+02    2.58e-03   -3.28e-03    5.91e-03    2.73e+02   -7.92e-03    3.26e-03   -4.30e-03    2.73e+02
   -> iter   2:     2.92e+02    5.48e-03   -4.61e-03    9.70e-03    2.92e+02   -1.38e-02    6.13e-03   -8.22e-03    2.92e+02
   -> iter   3:     3.00e+02    7.32e-03   -5.00e-03    1.17e-02    3.00e+02   -1.74e-02    8.13e-03   -1.05e-02    3.00e+02
   -> iter   4:     3.04e+02    8.46e-03   -5.21e-03    1.30e-02    3.04e+02   -1.94e-02    9.31e-03   -1.18e-02    3.04e+02
   -> iter   5:     3.06e+02    9.00e-03   -5.29e-03    1.35e-02    3.06e+02   -2.04e-02    9.89e-03   -1.24e-02    3.06e+02
   -> iter   6:     3.07e+02    9.30e-03   -5.34e-03    1.38e-02    3.07e+02   -2.10e-02    1.02e-02   -1.27e-02    3.07e+02
   -> iter   7:     3.07e+02    9.44e-03   -5.37e-03    1.40e-02    3.07e+02   -2.13e-02    1.04e-02   -1.29e-02    3.07e+02
   -> iter   8:     3.08e+02    9.51e-03   -5.38e-03    1.40e-02    3.08e+02   -2.14e-02    1.04e-02   -1.30e-02    3.08e+02
   -> iter   9:     3.08e+02    9.55e-03   -5.39e-03    1.41e-02    3.08e+02   -2.15e-02    1.05e-02   -1.30e-02    3.08e+02
   -> iter   Kappa converged 
 Temperature step ...    700.00 K    -----------------------------
      Kappa [W/mK]        xx          xy          xz          yx          yy          yz          zx          zy          zz
   -> iter   0:     2.13e+02    1.14e-03    1.14e-03    1.14e-03    2.13e+02    1.14e-03    1.14e-03    1.14e-03    2.13e+02
   -> iter   1:     2.42e+02    2.15e-03   -2.92e-03    5.13e-03    2.42e+02   -6.89e-03    2.74e-03   -3.77e-03    2.42e+02
   -> iter   2:     2.58e+02    4.61e-03   -4.06e-03    8.36e-03    2.58e+02   -1.19e-02    5.18e-03   -7.13e-03    2.58e+02
   -> iter   3:     2.64e+02    6.10e-03   -4.38e-03    1.00e-02    2.64e+02   -1.48e-02    6.80e-03   -8.96e-03    2.64e+02
   -> iter   4:     2.67e+02    7.02e-03   -4.54e-03    1.10e-02    2.67e+02   -1.65e-02    7.75e-03   -1.00e-02    2.67e+02
   -> iter   5:     2.69e+02    7.43e-03   -4.61e-03    1.14e-02    2.69e+02   -1.73e-02    8.20e-03   -1.05e-02    2.69e+02
   -> iter   6:     2.70e+02    7.66e-03   -4.64e-03    1.17e-02    2.70e+02   -1.77e-02    8.44e-03   -1.07e-02    2.70e+02
   -> iter   7:     2.70e+02    7.76e-03   -4.66e-03    1.18e-02    2.70e+02   -1.79e-02    8.55e-03   -1.09e-02    2.70e+02
   -> iter   8:     2.70e+02    7.81e-03   -4.67e-03    1.18e-02    2.70e+02   -1.80e-02    8.61e-03   -1.09e-02    2.70e+02
   -> iter   9:     2.70e+02    7.84e-03   -4.68e-03    1.18e-02    2.70e+02   -1.80e-02    8.63e-03   -1.09e-02    2.70e+02
   -> iter   Kappa converged 
 Temperature step ...    750.00 K    -----------------------------
      Kappa [W/mK]        xx          xy          xz          yx          yy          yz          zx          zy          zz
   -> iter   0:     1.91e+02    9.92e-04    9.92e-04    9.92e-04    1.91e+02    9.92e-04    9.92e-04    9.92e-04    1.91e+02
   -> iter   1:     2.16e+02    1.79e-03   -2.63e-03    4.48e-03    2.16e+02   -6.04e-03    2.31e-03   -3.32e-03    2.16e+02
   -> iter   2:     2.30e+02    3.90e-03   -3.60e-03    7.26e-03    2.30e+02   -1.03e-02    4.40e-03   -6.22e-03    2.30e+02
   -> iter   3:     2.35e+02    5.12e-03   -3.88e-03    8.61e-03    2.35e+02   -1.27e-02    5.72e-03   -7.73e-03    2.35e+02
   -> iter   4:     2.37e+02    5.86e-03   -4.01e-03    9.42e-03    2.37e+02   -1.41e-02    6.50e-03   -8.58e-03    2.37e+02
   -> iter   5:     2.39e+02    6.18e-03   -4.06e-03    9.75e-03    2.39e+02   -1.47e-02    6.85e-03   -8.96e-03    2.39e+02
   -> iter   6:     2.39e+02    6.36e-03   -4.08e-03    9.93e-03    2.39e+02   -1.50e-02    7.03e-03   -9.16e-03    2.39e+02
   -> iter   7:     2.39e+02    6.43e-03   -4.10e-03    1.00e-02    2.39e+02   -1.52e-02    7.12e-03   -9.24e-03    2.39e+02
   -> iter   8:     2.40e+02    6.47e-03   -4.10e-03    1.00e-02    2.40e+02   -1.53e-02    7.16e-03   -9.29e-03    2.40e+02
   -> iter   9:     2.40e+02    6.49e-03   -4.11e-03    1.01e-02    2.40e+02   -1.53e-02    7.18e-03   -9.31e-03    2.40e+02
   -> iter   Kappa converged 
 Temperature step ...    800.00 K    -----------------------------
      Kappa [W/mK]        xx          xy          xz          yx          yy          yz          zx          zy          zz
   -> iter   0:     1.72e+02    8.71e-04    8.71e-04    8.71e-04    1.72e+02    8.71e-04    8.71e-04    8.71e-04    1.72e+02
   -> iter   1:     1.95e+02    1.49e-03   -2.38e-03    3.93e-03    1.95e+02   -5.32e-03    1.95e-03   -2.94e-03    1.95e+02
   -> iter   2:     2.06e+02    3.31e-03   -3.23e-03    6.35e-03    2.06e+02   -9.03e-03    3.75e-03   -5.46e-03    2.06e+02
   -> iter   3:     2.10e+02    4.32e-03   -3.46e-03    7.47e-03    2.10e+02   -1.10e-02    4.85e-03   -6.72e-03    2.10e+02
   -> iter   4:     2.12e+02    4.93e-03   -3.57e-03    8.13e-03    2.12e+02   -1.22e-02    5.49e-03   -7.42e-03    2.12e+02
   -> iter   5:     2.13e+02    5.18e-03   -3.61e-03    8.39e-03    2.13e+02   -1.26e-02    5.76e-03   -7.72e-03    2.13e+02
   -> iter   6:     2.14e+02    5.32e-03   -3.63e-03    8.54e-03    2.14e+02   -1.29e-02    5.91e-03   -7.87e-03    2.14e+02
   -> iter   7:     2.14e+02    5.37e-03   -3.64e-03    8.59e-03    2.14e+02   -1.30e-02    5.97e-03   -7.94e-03    2.14e+02
   -> iter   8:     2.14e+02    5.40e-03   -3.64e-03    8.62e-03    2.14e+02   -1.31e-02    6.00e-03   -7.97e-03    2.14e+02
   -> iter   9:     2.14e+02    5.42e-03   -3.65e-03    8.63e-03    2.14e+02   -1.31e-02    6.01e-03   -7.99e-03    2.14e+02
   -> iter   Kappa converged 
 Temperature step ...    850.00 K    -----------------------------
      Kappa [W/mK]        xx          xy          xz          yx          yy          yz          zx          zy          zz
   -> iter   0:     1.56e+02    7.72e-04    7.72e-04    7.72e-04    1.56e+02    7.72e-04    7.72e-04    7.72e-04    1.56e+02
   -> iter   1:     1.76e+02    1.25e-03   -2.17e-03    3.48e-03    1.76e+02   -4.70e-03    1.66e-03   -2.61e-03    1.76e+02
   -> iter   2:     1.86e+02    2.83e-03   -2.91e-03    5.59e-03    1.86e+02   -7.95e-03    3.22e-03   -4.82e-03    1.86e+02
   -> iter   3:     1.90e+02    3.67e-03   -3.11e-03    6.53e-03    1.90e+02   -9.63e-03    4.13e-03   -5.88e-03    1.90e+02
   -> iter   4:     1.91e+02    4.17e-03   -3.20e-03    7.08e-03    1.91e+02   -1.06e-02    4.66e-03   -6.46e-03    1.91e+02
   -> iter   5:     1.92e+02    4.37e-03   -3.23e-03    7.29e-03    1.92e+02   -1.09e-02    4.88e-03   -6.70e-03    1.92e+02
   -> iter   6:     1.92e+02    4.48e-03   -3.25e-03    7.40e-03    1.92e+02   -1.11e-02    5.00e-03   -6.82e-03    1.92e+02
   -> iter   7:     1.93e+02    4.52e-03   -3.26e-03    7.44e-03    1.93e+02   -1.12e-02    5.04e-03   -6.87e-03    1.93e+02
   -> iter   8:     1.93e+02    4.54e-03   -3.26e-03    7.46e-03    1.93e+02   -1.13e-02    5.07e-03   -6.89e-03    1.93e+02
   -> iter   Kappa converged 
 Temperature step ...    900.00 K    -----------------------------
      Kappa [W/mK]        xx          xy          xz          yx          yy          yz          zx          zy          zz
   -> iter   0:     1.42e+02    6.89e-04    6.89e-04    6.89e-04    1.42e+02    6.89e-04    6.89e-04    6.89e-04    1.42e+02
   -> iter   1:     1.60e+02    1.04e-03   -1.99e-03    3.09e-03    1.60e+02   -4.18e-03    1.41e-03   -2.33e-03    1.60e+02
   -> iter   2:     1.69e+02    2.42e-03   -2.65e-03    4.95e-03    1.69e+02   -7.02e-03    2.77e-03   -4.27e-03    1.69e+02
   -> iter   3:     1.72e+02    3.12e-03   -2.82e-03    5.74e-03    1.72e+02   -8.45e-03    3.54e-03   -5.17e-03    1.72e+02
   -> iter   4:     1.73e+02    3.54e-03   -2.89e-03    6.20e-03    1.73e+02   -9.22e-03    3.98e-03   -5.66e-03    1.73e+02
   -> iter   5:     1.74e+02    3.71e-03   -2.92e-03    6.37e-03    1.74e+02   -9.53e-03    4.16e-03   -5.85e-03    1.74e+02
   -> iter   6:     1.74e+02    3.79e-03   -2.93e-03    6.45e-03    1.74e+02   -9.69e-03    4.25e-03   -5.95e-03    1.74e+02
   -> iter   7:     1.74e+02    3.82e-03   -2.94e-03    6.49e-03    1.74e+02   -9.76e-03    4.28e-03   -5.98e-03    1.74e+02
   -> iter   8:     1.74e+02    3.84e-03   -2.94e-03    6.50e-03    1.74e+02   -9.79e-03    4.30e-03   -6.00e-03    1.74e+02
   -> iter   Kappa converged 
 Temperature step ...    950.00 K    -----------------------------
      Kappa [W/mK]        xx          xy          xz          yx          yy          yz          zx          zy          zz
   -> iter   0:     1.31e+02    6.18e-04    6.18e-04    6.18e-04    1.31e+02    6.18e-04    6.18e-04    6.18e-04    1.31e+02
   -> iter   1:     1.47e+02    8.61e-04   -1.83e-03    2.76e-03    1.47e+02   -3.72e-03    1.19e-03   -2.08e-03    1.47e+02
   -> iter   2:     1.54e+02    2.08e-03   -2.42e-03    4.40e-03    1.54e+02   -6.24e-03    2.39e-03   -3.80e-03    1.54e+02
   -> iter   3:     1.57e+02    2.67e-03   -2.57e-03    5.08e-03    1.57e+02   -7.45e-03    3.04e-03   -4.57e-03    1.57e+02
   -> iter   4:     1.58e+02    3.02e-03   -2.63e-03    5.46e-03    1.58e+02   -8.10e-03    3.41e-03   -4.98e-03    1.58e+02
   -> iter   5:     1.59e+02    3.16e-03   -2.66e-03    5.60e-03    1.59e+02   -8.35e-03    3.56e-03   -5.14e-03    1.59e+02
   -> iter   6:     1.59e+02    3.22e-03   -2.67e-03    5.67e-03    1.59e+02   -8.48e-03    3.63e-03   -5.22e-03    1.59e+02
   -> iter   7:     1.59e+02    3.25e-03   -2.67e-03    5.69e-03    1.59e+02   -8.53e-03    3.66e-03   -5.25e-03    1.59e+02
   -> iter   8:     1.59e+02    3.26e-03   -2.67e-03    5.71e-03    1.59e+02   -8.56e-03    3.67e-03   -5.26e-03    1.59e+02
   -> iter   Kappa converged 
 Temperature step ...   1000.00 K    -----------------------------
      Kappa [W/mK]        xx          xy          xz          yx          yy          yz          zx          zy          zz
   -> iter   0:     1.20e+02    5.58e-04    5.58e-04    5.58e-04    1.20e+02    5.58e-04    5.58e-04    5.58e-04    1.20e+02
   -> iter   1:     1.35e+02    7.11e-04   -1.70e-03    2.47e-03    1.35e+02   -3.33e-03    1.01e-03   -1.87e-03    1.35e+02
   -> iter   2:     1.41e+02    1.78e-03   -2.22e-03    3.93e-03    1.41e+02   -5.56e-03    2.07e-03   -3.40e-03    1.41e+02
   -> iter   3:     1.44e+02    2.29e-03   -2.36e-03    4.51e-03    1.44e+02   -6.60e-03    2.62e-03   -4.06e-03    1.44e+02
   -> iter   4:     1.45e+02    2.59e-03   -2.41e-03    4.84e-03    1.45e+02   -7.15e-03    2.93e-03   -4.41e-03    1.45e+02
   -> iter   5:     1.45e+02    2.70e-03   -2.43e-03    4.95e-03    1.45e+02   -7.36e-03    3.06e-03   -4.54e-03    1.45e+02
   -> iter   6:     1.45e+02    2.75e-03   -2.44e-03    5.01e-03    1.45e+02   -7.47e-03    3.11e-03   -4.60e-03    1.45e+02
   -> iter   7:     1.45e+02    2.77e-03   -2.44e-03    5.03e-03    1.45e+02   -7.51e-03    3.14e-03   -4.62e-03    1.45e+02
   -> iter   8:     1.45e+02    2.78e-03   -2.44e-03    5.04e-03    1.45e+02   -7.53e-03    3.15e-03   -4.64e-03    1.45e+02
   -> iter   Kappa converged 

 -----------------------------------------------------------------

 Lattice thermal conductivity is stored in the file BAs.kl_iter

 Job finished at Mon Nov  8 11:56:03 2021

